<!DOCTYPE html>

<html>
  <head>
  <meta charset='utf-8'>
  <title>TestNG reports</title>

    <link type="text/css" href="testng-reports1.css" rel="stylesheet" id="ultra" />
    <link type="text/css" href="testng-reports.css" rel="stylesheet" id="retro" disabled="false"/>
    <script type="text/javascript" src="jquery-3.6.0.min.js"></script>
    <script type="text/javascript" src="testng-reports.js"></script>
    <script type="text/javascript" src="https://www.google.com/jsapi"></script>
    <script type='text/javascript'>
      google.load('visualization', '1', {packages:['table']});
      google.setOnLoadCallback(drawTable);
      var suiteTableInitFunctions = new Array();
      var suiteTableData = new Array();
    </script>
    <!--
      <script type="text/javascript" src="jquery-ui/js/jquery-ui-1.8.16.custom.min.js"></script>
     -->
  </head>

  <body>    <div class="top-banner-root">
      <span class="top-banner-title-font">Test results</span>
      <button id="button" class="button">Switch Retro Theme</button> <!-- button -->
      <br/>
      <span class="top-banner-font-1">1 suite, 27 failed tests</span>
    </div> <!-- top-banner-root -->
    <div class="navigator-root">
      <div class="navigator-suite-header">
        <span>All suites</span>
        <a href="#" title="Collapse/expand all the suites" class="collapse-all-link">
          <img src="collapseall.gif" class="collapse-all-icon">
          </img> <!-- collapse-all-icon -->
        </a> <!-- collapse-all-link -->
      </div> <!-- navigator-suite-header -->
      <div class="suite">
        <div class="rounded-window">
          <div class="suite-header light-rounded-window-top">
            <a href="#" panel-name="suite-Suite" class="navigator-link">
              <span class="suite-name border-failed">Suite</span>
            </a> <!-- navigator-link -->
          </div> <!-- suite-header light-rounded-window-top -->
          <div class="navigator-suite-content">
            <div class="suite-section-title">
              <span>Info</span>
            </div> <!-- suite-section-title -->
            <div class="suite-section-content">
              <ul>
                <li>
                  <a href="#" panel-name="test-xml-Suite" class="navigator-link ">
                    <span>D:\CT 5.0\CorporationTax_5.0\testng.xml</span>
                  </a> <!-- navigator-link  -->
                </li>
                <li>
                  <a href="#" panel-name="testlist-Suite" class="navigator-link ">
                    <span class="test-stats">1 test</span>
                  </a> <!-- navigator-link  -->
                </li>
                <li>
                  <a href="#" panel-name="group-Suite" class="navigator-link ">
                    <span>1 group</span>
                  </a> <!-- navigator-link  -->
                </li>
                <li>
                  <a href="#" panel-name="times-Suite" class="navigator-link ">
                    <span>Times</span>
                  </a> <!-- navigator-link  -->
                </li>
                <li>
                  <a href="#" panel-name="reporter-Suite" class="navigator-link ">
                    <span>Reporter output</span>
                  </a> <!-- navigator-link  -->
                </li>
                <li>
                  <a href="#" panel-name="ignored-methods-Suite" class="navigator-link ">
                    <span>Ignored methods</span>
                  </a> <!-- navigator-link  -->
                </li>
                <li>
                  <a href="#" panel-name="chronological-Suite" class="navigator-link ">
                    <span>Chronological view</span>
                  </a> <!-- navigator-link  -->
                </li>
              </ul>
            </div> <!-- suite-section-content -->
            <div class="result-section">
              <div class="suite-section-title">
                <span>Results</span>
              </div> <!-- suite-section-title -->
              <div class="suite-section-content">
                <ul>
                  <li>
                    <span class="method-stats">77 methods, 27 failed,   50 passed</span>
                  </li>
                  <li>
                    <span class="method-list-title failed">Failed methods</span>
                    <span class="show-or-hide-methods failed">
                      <a href="#" panel-name="suite-Suite" class="hide-methods failed suite-Suite"> (hide)</a> <!-- hide-methods failed suite-Suite -->
                      <a href="#" panel-name="suite-Suite" class="show-methods failed suite-Suite"> (show)</a> <!-- show-methods failed suite-Suite -->
                    </span>
                    <div class="method-list-content failed suite-Suite">
                      <span>
                        <img src="failed.png" width="3%"/>
                        <a href="#" panel-name="suite-Suite" title="com.Capium.RunnerFiles.ManageRunner" class="method navigator-link" hash-for-method="runScenario(&quot;Verify user export as print&quot;, &quot;Login into Capium Application&quot;)">runScenario("Verify user export as print", "Login into Capium Application")</a> <!-- method navigator-link -->
                      </span>
                      <br/>
                      <span>
                        <img src="failed.png" width="3%"/>
                        <a href="#" panel-name="suite-Suite" title="com.Capium.RunnerFiles.CapitalAllowances_CalculatorRunner" class="method navigator-link" hash-for-method="runScenario(&quot;Verify special rate pool  with addition amount With NO CLAIM&quot;, &quot;Login into Capium Application&quot;)">runScenario("Verify special rate pool  with addition amount With NO CLAIM", "Login into Capium Application")</a> <!-- method navigator-link -->
                      </span>
                      <br/>
                      <span>
                        <img src="failed.png" width="3%"/>
                        <a href="#" panel-name="suite-Suite" title="com.Capium.RunnerFiles.CapitalAllowances_CalculatorRunner" class="method navigator-link" hash-for-method="runScenario(&quot;Verify Main pool asset with WDV b/fwd amount by using save&quot;, &quot;Login into Capium Application&quot;)">runScenario("Verify Main pool asset with WDV b/fwd amount by using save", "Login into Capium Application")</a> <!-- method navigator-link -->
                      </span>
                      <br/>
                      <span>
                        <img src="failed.png" width="3%"/>
                        <a href="#" panel-name="suite-Suite" title="com.Capium.RunnerFiles.CapitalAllowances_CalculatorRunner" class="method navigator-link" hash-for-method="runScenario(&quot;Verify shortlife asset with WDV b/fwd amount and  disposed amount&quot;, &quot;Login into Capium Application&quot;)">runScenario("Verify shortlife asset with WDV b/fwd amount and  disposed amount", "Login into Capium Application")</a> <!-- method navigator-link -->
                      </span>
                      <br/>
                      <span>
                        <img src="failed.png" width="3%"/>
                        <a href="#" panel-name="suite-Suite" title="com.Capium.RunnerFiles.CapitalAllowances_CalculatorRunner" class="method navigator-link" hash-for-method="runScenario(&quot;Verify Main pool asset with WDV b/fwd amount and  disposed amount and restriction amount&quot;, &quot;Login i...)">runScenario("Verify Main pool asset with WDV b/fwd amount and  disposed amount and restriction amount", "Login i...)</a> <!-- method navigator-link -->
                      </span>
                      <br/>
                      <span>
                        <img src="failed.png" width="3%"/>
                        <a href="#" panel-name="suite-Suite" title="com.Capium.RunnerFiles.ManageRunner" class="method navigator-link" hash-for-method="runScenario(&quot;creating a Manager and using save and invitebutton&quot;, &quot;Login into Capium Application&quot;)">runScenario("creating a Manager and using save and invitebutton", "Login into Capium Application")</a> <!-- method navigator-link -->
                      </span>
                      <br/>
                      <span>
                        <img src="failed.png" width="3%"/>
                        <a href="#" panel-name="suite-Suite" title="com.Capium.RunnerFiles.ManageRunner" class="method navigator-link" hash-for-method="runScenario(&quot;Verify view RadioButton in edit permissions&quot;, &quot;Login into Capium Application&quot;)">runScenario("Verify view RadioButton in edit permissions", "Login into Capium Application")</a> <!-- method navigator-link -->
                      </span>
                      <br/>
                      <span>
                        <img src="failed.png" width="3%"/>
                        <a href="#" panel-name="suite-Suite" title="com.Capium.RunnerFiles.ManageRunner" class="method navigator-link" hash-for-method="runScenario(&quot;creating a Manager and using save and invitebutton&quot;, &quot;Login into Capium Application&quot;)">runScenario("creating a Manager and using save and invitebutton", "Login into Capium Application")</a> <!-- method navigator-link -->
                      </span>
                      <br/>
                      <span>
                        <img src="failed.png" width="3%"/>
                        <a href="#" panel-name="suite-Suite" title="com.Capium.RunnerFiles.CapitalAllowances_CalculatorRunner" class="method navigator-link" hash-for-method="runScenario(&quot;Verify Main specailrate asset with addition amount and  larger disposed amount&quot;, &quot;Login into Capium...)">runScenario("Verify Main specailrate asset with addition amount and  larger disposed amount", "Login into Capium...)</a> <!-- method navigator-link -->
                      </span>
                      <br/>
                      <span>
                        <img src="failed.png" width="3%"/>
                        <a href="#" panel-name="suite-Suite" title="com.Capium.RunnerFiles.CapitalAllowances_CalculatorRunner" class="method navigator-link" hash-for-method="runScenario(&quot;Verify mainpool rate with addition amount  at first year allowance at 100 percent&quot;, &quot;Login into Cap...)">runScenario("Verify mainpool rate with addition amount  at first year allowance at 100 percent", "Login into Cap...)</a> <!-- method navigator-link -->
                      </span>
                      <br/>
                      <span>
                        <img src="failed.png" width="3%"/>
                        <a href="#" panel-name="suite-Suite" title="com.Capium.RunnerFiles.CapitalAllowances_CalculatorRunner" class="method navigator-link" hash-for-method="runScenario(&quot;Verify Structures and buildings asset with addition amount&quot;, &quot;Login into Capium Application&quot;)">runScenario("Verify Structures and buildings asset with addition amount", "Login into Capium Application")</a> <!-- method navigator-link -->
                      </span>
                      <br/>
                      <span>
                        <img src="failed.png" width="3%"/>
                        <a href="#" panel-name="suite-Suite" title="com.Capium.RunnerFiles.ManageRunner" class="method navigator-link" hash-for-method="runScenario(&quot;Verify delete option functionality in add users tab&quot;, &quot;Login into Capium Application&quot;)">runScenario("Verify delete option functionality in add users tab", "Login into Capium Application")</a> <!-- method navigator-link -->
                      </span>
                      <br/>
                      <span>
                        <img src="failed.png" width="3%"/>
                        <a href="#" panel-name="suite-Suite" title="com.Capium.RunnerFiles.CapitalAllowances_CalculatorRunner" class="method navigator-link" hash-for-method="runScenario(&quot;Verify Electric vehicle charge points and allowances with addition amount&quot;, &quot;Login into Capium Appl...)">runScenario("Verify Electric vehicle charge points and allowances with addition amount", "Login into Capium Appl...)</a> <!-- method navigator-link -->
                      </span>
                      <br/>
                      <span>
                        <img src="failed.png" width="3%"/>
                        <a href="#" panel-name="suite-Suite" title="com.Capium.RunnerFiles.CapitalAllowances_CalculatorRunner" class="method navigator-link" hash-for-method="runScenario(&quot;Verify Other charges and allowances with addition amount&quot;, &quot;Login into Capium Application&quot;)">runScenario("Verify Other charges and allowances with addition amount", "Login into Capium Application")</a> <!-- method navigator-link -->
                      </span>
                      <br/>
                      <span>
                        <img src="failed.png" width="3%"/>
                        <a href="#" panel-name="suite-Suite" title="com.Capium.RunnerFiles.CapitalAllowances_CalculatorRunner" class="method navigator-link" hash-for-method="runScenario(&quot;Verify structure and buildings with  WDV b/fwd amount and addition amount&quot;, &quot;Login into Capium Appl...)">runScenario("Verify structure and buildings with  WDV b/fwd amount and addition amount", "Login into Capium Appl...)</a> <!-- method navigator-link -->
                      </span>
                      <br/>
                      <span>
                        <img src="failed.png" width="3%"/>
                        <a href="#" panel-name="suite-Suite" title="com.Capium.RunnerFiles.ManageRunner" class="method navigator-link" hash-for-method="runScenario(&quot;Verify view RadioButton and save button in edit permissions&quot;, &quot;Login into Capium Application&quot;)">runScenario("Verify view RadioButton and save button in edit permissions", "Login into Capium Application")</a> <!-- method navigator-link -->
                      </span>
                      <br/>
                      <span>
                        <img src="failed.png" width="3%"/>
                        <a href="#" panel-name="suite-Suite" title="com.Capium.RunnerFiles.CapitalAllowances_CalculatorRunner" class="method navigator-link" hash-for-method="runScenario(&quot;Verify  with  zero emissions goods vehicle addition amount&quot;, &quot;Login into Capium Application&quot;)">runScenario("Verify  with  zero emissions goods vehicle addition amount", "Login into Capium Application")</a> <!-- method navigator-link -->
                      </span>
                      <br/>
                      <span>
                        <img src="failed.png" width="3%"/>
                        <a href="#" panel-name="suite-Suite" title="com.Capium.RunnerFiles.CapitalAllowances_CalculatorRunner" class="method navigator-link" hash-for-method="runScenario(&quot;Verify shortlife asset with addition amount and disposed amount&quot;, &quot;Login into Capium Application&quot;)">runScenario("Verify shortlife asset with addition amount and disposed amount", "Login into Capium Application")</a> <!-- method navigator-link -->
                      </span>
                      <br/>
                      <span>
                        <img src="failed.png" width="3%"/>
                        <a href="#" panel-name="suite-Suite" title="com.Capium.RunnerFiles.ManageRunner" class="method navigator-link" hash-for-method="runScenario(&quot;user  assigns clients&quot;, &quot;Login into Capium Application&quot;)">runScenario("user  assigns clients", "Login into Capium Application")</a> <!-- method navigator-link -->
                      </span>
                      <br/>
                      <span>
                        <img src="failed.png" width="3%"/>
                        <a href="#" panel-name="suite-Suite" title="com.Capium.RunnerFiles.CapitalAllowances_CalculatorRunner" class="method navigator-link" hash-for-method="runScenario(&quot;Verify structure and buildings asset with WDV b/fwd amount and restriction amount&quot;, &quot;Login into Cap...)">runScenario("Verify structure and buildings asset with WDV b/fwd amount and restriction amount", "Login into Cap...)</a> <!-- method navigator-link -->
                      </span>
                      <br/>
                      <span>
                        <img src="failed.png" width="3%"/>
                        <a href="#" panel-name="suite-Suite" title="com.Capium.RunnerFiles.CapitalAllowances_CalculatorRunner" class="method navigator-link" hash-for-method="runScenario(&quot;Verify ZERO EMISSION CARS  with addition amount&quot;, &quot;Login into Capium Application&quot;)">runScenario("Verify ZERO EMISSION CARS  with addition amount", "Login into Capium Application")</a> <!-- method navigator-link -->
                      </span>
                      <br/>
                      <span>
                        <img src="failed.png" width="3%"/>
                        <a href="#" panel-name="suite-Suite" title="com.Capium.RunnerFiles.CapitalAllowances_CalculatorRunner" class="method navigator-link" hash-for-method="runScenario(&quot;Verify SpecialRate asset with WDV b/fwd amount&quot;, &quot;Login into Capium Application&quot;)">runScenario("Verify SpecialRate asset with WDV b/fwd amount", "Login into Capium Application")</a> <!-- method navigator-link -->
                      </span>
                      <br/>
                      <span>
                        <img src="failed.png" width="3%"/>
                        <a href="#" panel-name="suite-Suite" title="com.Capium.RunnerFiles.CapitalAllowances_CalculatorRunner" class="method navigator-link" hash-for-method="runScenario(&quot;Verify Main pool asset with addition amount and superdeduction&quot;, &quot;Login into Capium Application&quot;)">runScenario("Verify Main pool asset with addition amount and superdeduction", "Login into Capium Application")</a> <!-- method navigator-link -->
                      </span>
                      <br/>
                      <span>
                        <img src="failed.png" width="3%"/>
                        <a href="#" panel-name="suite-Suite" title="com.Capium.RunnerFiles.ManageRunner" class="method navigator-link" hash-for-method="runScenario(&quot;Verify Reset to Default in edit permissions&quot;, &quot;Login into Capium Application&quot;)">runScenario("Verify Reset to Default in edit permissions", "Login into Capium Application")</a> <!-- method navigator-link -->
                      </span>
                      <br/>
                      <span>
                        <img src="failed.png" width="3%"/>
                        <a href="#" panel-name="suite-Suite" title="com.Capium.RunnerFiles.CapitalAllowances_CalculatorRunner" class="method navigator-link" hash-for-method="runScenario(&quot;Verify enterpise zone and allowances with addition amount&quot;, &quot;Login into Capium Application&quot;)">runScenario("Verify enterpise zone and allowances with addition amount", "Login into Capium Application")</a> <!-- method navigator-link -->
                      </span>
                      <br/>
                      <span>
                        <img src="failed.png" width="3%"/>
                        <a href="#" panel-name="suite-Suite" title="com.Capium.RunnerFiles.ManageRunner" class="method navigator-link" hash-for-method="runScenario(&quot;Verify Status all dropdown&quot;, &quot;Login into Capium Application&quot;)">runScenario("Verify Status all dropdown", "Login into Capium Application")</a> <!-- method navigator-link -->
                      </span>
                      <br/>
                      <span>
                        <img src="failed.png" width="3%"/>
                        <a href="#" panel-name="suite-Suite" title="com.Capium.RunnerFiles.CapitalAllowances_CalculatorRunner" class="method navigator-link" hash-for-method="runScenario(&quot;Verify DESIGNATED ENHANCED ALLOWANCE with addition amount  at first year allowance at 100 percent&quot;,...)">runScenario("Verify DESIGNATED ENHANCED ALLOWANCE with addition amount  at first year allowance at 100 percent",...)</a> <!-- method navigator-link -->
                      </span>
                      <br/>
                    </div> <!-- method-list-content failed suite-Suite -->
                  </li>
                  <li>
                    <span class="method-list-title passed">Passed methods</span>
                    <span class="show-or-hide-methods passed">
                      <a href="#" panel-name="suite-Suite" class="hide-methods passed suite-Suite"> (hide)</a> <!-- hide-methods passed suite-Suite -->
                      <a href="#" panel-name="suite-Suite" class="show-methods passed suite-Suite"> (show)</a> <!-- show-methods passed suite-Suite -->
                    </span>
                    <div class="method-list-content passed suite-Suite">
                      <span>
                        <img src="passed.png" width="3%"/>
                        <a href="#" panel-name="suite-Suite" title="com.Capium.RunnerFiles.CapitalAllowances_CalculatorRunner" class="method navigator-link" hash-for-method="runScenario(&quot;Click on the created CT600 Return and navigate to Capital Allowances Calculator excess amount scree...)">runScenario("Click on the created CT600 Return and navigate to Capital Allowances Calculator excess amount scree...)</a> <!-- method navigator-link -->
                      </span>
                      <br/>
                      <span>
                        <img src="passed.png" width="3%"/>
                        <a href="#" panel-name="suite-Suite" title="com.Capium.RunnerFiles.ManageRunner" class="method navigator-link" hash-for-method="runScenario(&quot;Expand attachments in Quick entry section to view its permissions in AddUsers tab&quot;, &quot;Login into Cap...)">runScenario("Expand attachments in Quick entry section to view its permissions in AddUsers tab", "Login into Cap...)</a> <!-- method navigator-link -->
                      </span>
                      <br/>
                      <span>
                        <img src="passed.png" width="3%"/>
                        <a href="#" panel-name="suite-Suite" title="com.Capium.RunnerFiles.ManageRunner" class="method navigator-link" hash-for-method="runScenario(&quot;Verify CancelButton in edit permissions&quot;, &quot;Login into Capium Application&quot;)">runScenario("Verify CancelButton in edit permissions", "Login into Capium Application")</a> <!-- method navigator-link -->
                      </span>
                      <br/>
                      <span>
                        <img src="passed.png" width="3%"/>
                        <a href="#" panel-name="suite-Suite" title="com.Capium.RunnerFiles.ManageRunner" class="method navigator-link" hash-for-method="runScenario(&quot;Verify export to PDF using kebab icon&quot;, &quot;Login into Capium Application&quot;)">runScenario("Verify export to PDF using kebab icon", "Login into Capium Application")</a> <!-- method navigator-link -->
                      </span>
                      <br/>
                      <span>
                        <img src="passed.png" width="3%"/>
                        <a href="#" panel-name="suite-Suite" title="com.Capium.RunnerFiles.ManageRunner" class="method navigator-link" hash-for-method="runScenario(&quot;click on manage and verify all options&quot;, &quot;Login into Capium Application&quot;)">runScenario("click on manage and verify all options", "Login into Capium Application")</a> <!-- method navigator-link -->
                      </span>
                      <br/>
                      <span>
                        <img src="passed.png" width="3%"/>
                        <a href="#" panel-name="suite-Suite" title="com.Capium.RunnerFiles.CapitalAllowances_CalculatorRunner" class="method navigator-link" hash-for-method="runScenario(&quot;Verify Main pool asset with WDV b/fwd amount&quot;, &quot;Login into Capium Application&quot;)">runScenario("Verify Main pool asset with WDV b/fwd amount", "Login into Capium Application")</a> <!-- method navigator-link -->
                      </span>
                      <br/>
                      <span>
                        <img src="passed.png" width="3%"/>
                        <a href="#" panel-name="suite-Suite" title="com.Capium.RunnerFiles.ManageRunner" class="method navigator-link" hash-for-method="runScenario(&quot;Verify CancelSelection functionality in Users tab&quot;, &quot;Login into Capium Application&quot;)">runScenario("Verify CancelSelection functionality in Users tab", "Login into Capium Application")</a> <!-- method navigator-link -->
                      </span>
                      <br/>
                      <span>
                        <img src="passed.png" width="3%"/>
                        <a href="#" panel-name="suite-Suite" title="com.Capium.RunnerFiles.ManageRunner" class="method navigator-link" hash-for-method="runScenario(&quot;Expand Manage Arrow to view its permissions in AddUsers tab&quot;, &quot;Login into Capium Application&quot;)">runScenario("Expand Manage Arrow to view its permissions in AddUsers tab", "Login into Capium Application")</a> <!-- method navigator-link -->
                      </span>
                      <br/>
                      <span>
                        <img src="passed.png" width="3%"/>
                        <a href="#" panel-name="suite-Suite" title="com.Capium.RunnerFiles.ManageRunner" class="method navigator-link" hash-for-method="runScenario(&quot;Verify Cross button functionality in Users tab&quot;, &quot;Login into Capium Application&quot;)">runScenario("Verify Cross button functionality in Users tab", "Login into Capium Application")</a> <!-- method navigator-link -->
                      </span>
                      <br/>
                      <span>
                        <img src="passed.png" width="3%"/>
                        <a href="#" panel-name="suite-Suite" title="com.Capium.RunnerFiles.ManageRunner" class="method navigator-link" hash-for-method="runScenario(&quot;Verify Close icon in edit permissions&quot;, &quot;Login into Capium Application&quot;)">runScenario("Verify Close icon in edit permissions", "Login into Capium Application")</a> <!-- method navigator-link -->
                      </span>
                      <br/>
                      <span>
                        <img src="passed.png" width="3%"/>
                        <a href="#" panel-name="suite-Suite" title="com.Capium.RunnerFiles.ManageRunner" class="method navigator-link" hash-for-method="runScenario(&quot;Expand Reports in Quick entry section to view its permissions in AddUsers tab&quot;, &quot;Login into Capium ...)">runScenario("Expand Reports in Quick entry section to view its permissions in AddUsers tab", "Login into Capium ...)</a> <!-- method navigator-link -->
                      </span>
                      <br/>
                      <span>
                        <img src="passed.png" width="3%"/>
                        <a href="#" panel-name="suite-Suite" title="com.Capium.RunnerFiles.CapitalAllowances_CalculatorRunner" class="method navigator-link" hash-for-method="runScenario(&quot;Verify Main pool asset with addition amount and restriction amount&quot;, &quot;Login into Capium Application...)">runScenario("Verify Main pool asset with addition amount and restriction amount", "Login into Capium Application...)</a> <!-- method navigator-link -->
                      </span>
                      <br/>
                      <span>
                        <img src="passed.png" width="3%"/>
                        <a href="#" panel-name="suite-Suite" title="com.Capium.RunnerFiles.CapitalAllowances_CalculatorRunner" class="method navigator-link" hash-for-method="runScenario(&quot;Verify Main pool asset with WDV amount and disposed amount and business closed checkbox&quot;, &quot;Login in...)">runScenario("Verify Main pool asset with WDV amount and disposed amount and business closed checkbox", "Login in...)</a> <!-- method navigator-link -->
                      </span>
                      <br/>
                      <span>
                        <img src="passed.png" width="3%"/>
                        <a href="#" panel-name="suite-Suite" title="com.Capium.RunnerFiles.ManageRunner" class="method navigator-link" hash-for-method="runScenario(&quot;creating a new user using save button&quot;, &quot;Login into Capium Application&quot;)">runScenario("creating a new user using save button", "Login into Capium Application")</a> <!-- method navigator-link -->
                      </span>
                      <br/>
                      <span>
                        <img src="passed.png" width="3%"/>
                        <a href="#" panel-name="suite-Suite" title="com.Capium.RunnerFiles.ManageRunner" class="method navigator-link" hash-for-method="runScenario(&quot;Verify Cross button functionality in AddUsers tab&quot;, &quot;Login into Capium Application&quot;)">runScenario("Verify Cross button functionality in AddUsers tab", "Login into Capium Application")</a> <!-- method navigator-link -->
                      </span>
                      <br/>
                      <span>
                        <img src="passed.png" width="3%"/>
                        <a href="#" panel-name="suite-Suite" title="com.Capium.RunnerFiles.CapitalAllowances_CalculatorRunner" class="method navigator-link" hash-for-method="runScenario(&quot;Verify Main pool asset with WDV b/fwd amount by using save&quot;, &quot;Login into Capium Application&quot;)">runScenario("Verify Main pool asset with WDV b/fwd amount by using save", "Login into Capium Application")</a> <!-- method navigator-link -->
                      </span>
                      <br/>
                      <span>
                        <img src="passed.png" width="3%"/>
                        <a href="#" panel-name="suite-Suite" title="com.Capium.RunnerFiles.ManageRunner" class="method navigator-link" hash-for-method="runScenario(&quot;Verify delete option functionality in add users tab&quot;, &quot;Login into Capium Application&quot;)">runScenario("Verify delete option functionality in add users tab", "Login into Capium Application")</a> <!-- method navigator-link -->
                      </span>
                      <br/>
                      <span>
                        <img src="passed.png" width="3%"/>
                        <a href="#" panel-name="suite-Suite" title="com.Capium.RunnerFiles.ManageRunner" class="method navigator-link" hash-for-method="runScenario(&quot;Expand Calculator in Quick entry section to view its permissions in AddUsers tab&quot;, &quot;Login into Capi...)">runScenario("Expand Calculator in Quick entry section to view its permissions in AddUsers tab", "Login into Capi...)</a> <!-- method navigator-link -->
                      </span>
                      <br/>
                      <span>
                        <img src="passed.png" width="3%"/>
                        <a href="#" panel-name="suite-Suite" title="com.Capium.RunnerFiles.DashboardRunner" class="method navigator-link" hash-for-method="runScenario(&quot;verifying the Cpaiumlogo&quot;, &quot;Verify Dashboard&quot;)">runScenario("verifying the Cpaiumlogo", "Verify Dashboard")</a> <!-- method navigator-link -->
                      </span>
                      <br/>
                      <span>
                        <img src="passed.png" width="3%"/>
                        <a href="#" panel-name="suite-Suite" title="com.Capium.RunnerFiles.ManageRunner" class="method navigator-link" hash-for-method="runScenario(&quot;Verify profile deletion functionality&quot;, &quot;Login into Capium Application&quot;)">runScenario("Verify profile deletion functionality", "Login into Capium Application")</a> <!-- method navigator-link -->
                      </span>
                      <br/>
                      <span>
                        <img src="passed.png" width="3%"/>
                        <a href="#" panel-name="suite-Suite" title="com.Capium.RunnerFiles.ManageRunner" class="method navigator-link" hash-for-method="runScenario(&quot;Verify CancelSelection functionality in AddUsers tab&quot;, &quot;Login into Capium Application&quot;)">runScenario("Verify CancelSelection functionality in AddUsers tab", "Login into Capium Application")</a> <!-- method navigator-link -->
                      </span>
                      <br/>
                      <span>
                        <img src="passed.png" width="3%"/>
                        <a href="#" panel-name="suite-Suite" title="com.Capium.RunnerFiles.CapitalAllowances_CalculatorRunner" class="method navigator-link" hash-for-method="runScenario(&quot;Verify Main pool asset with WDV b/fwd amount&quot;, &quot;Login into Capium Application&quot;)">runScenario("Verify Main pool asset with WDV b/fwd amount", "Login into Capium Application")</a> <!-- method navigator-link -->
                      </span>
                      <br/>
                      <span>
                        <img src="passed.png" width="3%"/>
                        <a href="#" panel-name="suite-Suite" title="com.Capium.RunnerFiles.CapitalAllowances_CalculatorRunner" class="method navigator-link" hash-for-method="runScenario(&quot;Verify Main pool asset with addition amount and  larger disposed amount&quot;, &quot;Login into Capium Applic...)">runScenario("Verify Main pool asset with addition amount and  larger disposed amount", "Login into Capium Applic...)</a> <!-- method navigator-link -->
                      </span>
                      <br/>
                      <span>
                        <img src="passed.png" width="3%"/>
                        <a href="#" panel-name="suite-Suite" title="com.Capium.RunnerFiles.ManageRunner" class="method navigator-link" hash-for-method="runScenario(&quot;Verify search functionality&quot;, &quot;Login into Capium Application&quot;)">runScenario("Verify search functionality", "Login into Capium Application")</a> <!-- method navigator-link -->
                      </span>
                      <br/>
                      <span>
                        <img src="passed.png" width="3%"/>
                        <a href="#" panel-name="suite-Suite" title="com.Capium.RunnerFiles.ManageRunner" class="method navigator-link" hash-for-method="runScenario(&quot;creating a new user and send an invite by using mandandatory fields&quot;, &quot;Login into Capium Applicatio...)">runScenario("creating a new user and send an invite by using mandandatory fields", "Login into Capium Applicatio...)</a> <!-- method navigator-link -->
                      </span>
                      <br/>
                      <span>
                        <img src="passed.png" width="3%"/>
                        <a href="#" panel-name="suite-Suite" title="com.Capium.RunnerFiles.CapitalAllowances_CalculatorRunner" class="method navigator-link" hash-for-method="runScenario(&quot;Verify Main pool asset with addition amount&quot;, &quot;Login into Capium Application&quot;)">runScenario("Verify Main pool asset with addition amount", "Login into Capium Application")</a> <!-- method navigator-link -->
                      </span>
                      <br/>
                      <span>
                        <img src="passed.png" width="3%"/>
                        <a href="#" panel-name="suite-Suite" title="com.Capium.RunnerFiles.ManageRunner" class="method navigator-link" hash-for-method="runScenario(&quot;Expand tax return section to view its permissions in AddUsers tab&quot;, &quot;Login into Capium Application&quot;)">runScenario("Expand tax return section to view its permissions in AddUsers tab", "Login into Capium Application")</a> <!-- method navigator-link -->
                      </span>
                      <br/>
                      <span>
                        <img src="passed.png" width="3%"/>
                        <a href="#" panel-name="suite-Suite" title="com.Capium.RunnerFiles.ManageRunner" class="method navigator-link" hash-for-method="runScenario(&quot;Expand Quick return section to view its permissions in AddUsers tab&quot;, &quot;Login into Capium Applicatio...)">runScenario("Expand Quick return section to view its permissions in AddUsers tab", "Login into Capium Applicatio...)</a> <!-- method navigator-link -->
                      </span>
                      <br/>
                      <span>
                        <img src="passed.png" width="3%"/>
                        <a href="#" panel-name="suite-Suite" title="com.Capium.RunnerFiles.CapitalAllowances_CalculatorRunner" class="method navigator-link" hash-for-method="runScenario(&quot;Verify Main pool asset with addition amount with asset is car Between 75-130g/Km&quot;, &quot;Login into Capi...)">runScenario("Verify Main pool asset with addition amount with asset is car Between 75-130g/Km", "Login into Capi...)</a> <!-- method navigator-link -->
                      </span>
                      <br/>
                      <span>
                        <img src="passed.png" width="3%"/>
                        <a href="#" panel-name="suite-Suite" title="com.Capium.RunnerFiles.CapitalAllowances_CalculatorRunner" class="method navigator-link" hash-for-method="runScenario(&quot;Verify Main pool asset with WDV b/fwd amount by using cancel changes&quot;, &quot;Login into Capium Applicati...)">runScenario("Verify Main pool asset with WDV b/fwd amount by using cancel changes", "Login into Capium Applicati...)</a> <!-- method navigator-link -->
                      </span>
                      <br/>
                      <span>
                        <img src="passed.png" width="3%"/>
                        <a href="#" panel-name="suite-Suite" title="com.Capium.RunnerFiles.ManageRunner" class="method navigator-link" hash-for-method="runScenario(&quot;Verify cancel changes button in Users&quot;, &quot;Login into Capium Application&quot;)">runScenario("Verify cancel changes button in Users", "Login into Capium Application")</a> <!-- method navigator-link -->
                      </span>
                      <br/>
                      <span>
                        <img src="passed.png" width="3%"/>
                        <a href="#" panel-name="suite-Suite" title="com.Capium.RunnerFiles.ManageRunner" class="method navigator-link" hash-for-method="runScenario(&quot;Verify delete option functionality in Users tab&quot;, &quot;Login into Capium Application&quot;)">runScenario("Verify delete option functionality in Users tab", "Login into Capium Application")</a> <!-- method navigator-link -->
                      </span>
                      <br/>
                      <span>
                        <img src="passed.png" width="3%"/>
                        <a href="#" panel-name="suite-Suite" title="com.Capium.RunnerFiles.ManageRunner" class="method navigator-link" hash-for-method="runScenario(&quot;creating a new user and using save and exit button&quot;, &quot;Login into Capium Application&quot;)">runScenario("creating a new user and using save and exit button", "Login into Capium Application")</a> <!-- method navigator-link -->
                      </span>
                      <br/>
                      <span>
                        <img src="passed.png" width="3%"/>
                        <a href="#" panel-name="suite-Suite" title="com.Capium.RunnerFiles.ManageRunner" class="method navigator-link" hash-for-method="runScenario(&quot;Verify ExportAsExcel option functionality in add users tab&quot;, &quot;Login into Capium Application&quot;)">runScenario("Verify ExportAsExcel option functionality in add users tab", "Login into Capium Application")</a> <!-- method navigator-link -->
                      </span>
                      <br/>
                      <span>
                        <img src="passed.png" width="3%"/>
                        <a href="#" panel-name="suite-Suite" title="com.Capium.RunnerFiles.CapitalAllowances_CalculatorRunner" class="method navigator-link" hash-for-method="runScenario(&quot;Verify Main pool asset with addition amount&quot;, &quot;Login into Capium Application&quot;)">runScenario("Verify Main pool asset with addition amount", "Login into Capium Application")</a> <!-- method navigator-link -->
                      </span>
                      <br/>
                      <span>
                        <img src="passed.png" width="3%"/>
                        <a href="#" panel-name="suite-Suite" title="com.Capium.RunnerFiles.ManageRunner" class="method navigator-link" hash-for-method="runScenario(&quot;Verify ExportAsExcel option functionality in Users tab&quot;, &quot;Login into Capium Application&quot;)">runScenario("Verify ExportAsExcel option functionality in Users tab", "Login into Capium Application")</a> <!-- method navigator-link -->
                      </span>
                      <br/>
                      <span>
                        <img src="passed.png" width="3%"/>
                        <a href="#" panel-name="suite-Suite" title="com.Capium.RunnerFiles.ManageRunner" class="method navigator-link" hash-for-method="runScenario(&quot;creating a RegularUser and using save and invitebutton&quot;, &quot;Login into Capium Application&quot;)">runScenario("creating a RegularUser and using save and invitebutton", "Login into Capium Application")</a> <!-- method navigator-link -->
                      </span>
                      <br/>
                      <span>
                        <img src="passed.png" width="3%"/>
                        <a href="#" panel-name="suite-Suite" title="com.Capium.RunnerFiles.CapitalAllowances_CalculatorRunner" class="method navigator-link" hash-for-method="runScenario(&quot;Verify kebab icon for capital allowance&quot;, &quot;Login into Capium Application&quot;)">runScenario("Verify kebab icon for capital allowance", "Login into Capium Application")</a> <!-- method navigator-link -->
                      </span>
                      <br/>
                      <span>
                        <img src="passed.png" width="3%"/>
                        <a href="#" panel-name="suite-Suite" title="com.Capium.RunnerFiles.ManageRunner" class="method navigator-link" hash-for-method="runScenario(&quot;Verify ExportAsPDF option functionality in add users tab&quot;, &quot;Login into Capium Application&quot;)">runScenario("Verify ExportAsPDF option functionality in add users tab", "Login into Capium Application")</a> <!-- method navigator-link -->
                      </span>
                      <br/>
                      <span>
                        <img src="passed.png" width="3%"/>
                        <a href="#" panel-name="suite-Suite" title="com.Capium.RunnerFiles.ManageRunner" class="method navigator-link" hash-for-method="runScenario(&quot;Expand calculator Arrow to view its permissions in AddUsers tab&quot;, &quot;Login into Capium Application&quot;)">runScenario("Expand calculator Arrow to view its permissions in AddUsers tab", "Login into Capium Application")</a> <!-- method navigator-link -->
                      </span>
                      <br/>
                      <span>
                        <img src="passed.png" width="3%"/>
                        <a href="#" panel-name="suite-Suite" title="com.Capium.RunnerFiles.ManageRunner" class="method navigator-link" hash-for-method="runScenario(&quot;Verify Edit Permissions section to view its permissions in AddUsers tab&quot;, &quot;Login into Capium Applic...)">runScenario("Verify Edit Permissions section to view its permissions in AddUsers tab", "Login into Capium Applic...)</a> <!-- method navigator-link -->
                      </span>
                      <br/>
                      <span>
                        <img src="passed.png" width="3%"/>
                        <a href="#" panel-name="suite-Suite" title="com.Capium.RunnerFiles.ManageRunner" class="method navigator-link" hash-for-method="runScenario(&quot;Verify ExportAsPDF option functionality in Users tab&quot;, &quot;Login into Capium Application&quot;)">runScenario("Verify ExportAsPDF option functionality in Users tab", "Login into Capium Application")</a> <!-- method navigator-link -->
                      </span>
                      <br/>
                      <span>
                        <img src="passed.png" width="3%"/>
                        <a href="#" panel-name="suite-Suite" title="com.Capium.RunnerFiles.CapitalAllowances_CalculatorRunner" class="method navigator-link" hash-for-method="runScenario(&quot;Verify kebab icon for capital allowance&quot;, &quot;Login into Capium Application&quot;)">runScenario("Verify kebab icon for capital allowance", "Login into Capium Application")</a> <!-- method navigator-link -->
                      </span>
                      <br/>
                      <span>
                        <img src="passed.png" width="3%"/>
                        <a href="#" panel-name="suite-Suite" title="com.Capium.RunnerFiles.ManageRunner" class="method navigator-link" hash-for-method="runScenario(&quot;Verify ExportAsCSV option functionality in Users tab&quot;, &quot;Login into Capium Application&quot;)">runScenario("Verify ExportAsCSV option functionality in Users tab", "Login into Capium Application")</a> <!-- method navigator-link -->
                      </span>
                      <br/>
                      <span>
                        <img src="passed.png" width="3%"/>
                        <a href="#" panel-name="suite-Suite" title="com.Capium.RunnerFiles.ManageRunner" class="method navigator-link" hash-for-method="runScenario(&quot;Verify CancelButton in edit permissions&quot;, &quot;Login into Capium Application&quot;)">runScenario("Verify CancelButton in edit permissions", "Login into Capium Application")</a> <!-- method navigator-link -->
                      </span>
                      <br/>
                      <span>
                        <img src="passed.png" width="3%"/>
                        <a href="#" panel-name="suite-Suite" title="com.Capium.RunnerFiles.ManageRunner" class="method navigator-link" hash-for-method="runScenario(&quot;Verify export to CSV using kebab icon&quot;, &quot;Login into Capium Application&quot;)">runScenario("Verify export to CSV using kebab icon", "Login into Capium Application")</a> <!-- method navigator-link -->
                      </span>
                      <br/>
                      <span>
                        <img src="passed.png" width="3%"/>
                        <a href="#" panel-name="suite-Suite" title="com.Capium.RunnerFiles.ManageRunner" class="method navigator-link" hash-for-method="runScenario(&quot;Verify export to excel using kebab icon&quot;, &quot;Login into Capium Application&quot;)">runScenario("Verify export to excel using kebab icon", "Login into Capium Application")</a> <!-- method navigator-link -->
                      </span>
                      <br/>
                      <span>
                        <img src="passed.png" width="3%"/>
                        <a href="#" panel-name="suite-Suite" title="com.Capium.RunnerFiles.ManageRunner" class="method navigator-link" hash-for-method="runScenario(&quot;creating a new user and send an invite&quot;, &quot;Login into Capium Application&quot;)">runScenario("creating a new user and send an invite", "Login into Capium Application")</a> <!-- method navigator-link -->
                      </span>
                      <br/>
                      <span>
                        <img src="passed.png" width="3%"/>
                        <a href="#" panel-name="suite-Suite" title="com.Capium.RunnerFiles.ManageRunner" class="method navigator-link" hash-for-method="runScenario(&quot;Verify ExportAsCSV option functionality in add users tab&quot;, &quot;Login into Capium Application&quot;)">runScenario("Verify ExportAsCSV option functionality in add users tab", "Login into Capium Application")</a> <!-- method navigator-link -->
                      </span>
                      <br/>
                      <span>
                        <img src="passed.png" width="3%"/>
                        <a href="#" panel-name="suite-Suite" title="com.Capium.RunnerFiles.ManageRunner" class="method navigator-link" hash-for-method="runScenario(&quot;Verify profile uploading functionality&quot;, &quot;Login into Capium Application&quot;)">runScenario("Verify profile uploading functionality", "Login into Capium Application")</a> <!-- method navigator-link -->
                      </span>
                      <br/>
                    </div> <!-- method-list-content passed suite-Suite -->
                  </li>
                </ul>
              </div> <!-- suite-section-content -->
            </div> <!-- result-section -->
          </div> <!-- navigator-suite-content -->
        </div> <!-- rounded-window -->
      </div> <!-- suite -->
    </div> <!-- navigator-root -->
    <div class="wrapper">
      <div class="main-panel-root">
        <div panel-name="suite-Suite" class="panel Suite">
          <div class="suite-Suite-class-failed">
            <div class="main-panel-header rounded-window-top">
              <img src="failed.png"/>
              <span class="class-name">com.Capium.RunnerFiles.CapitalAllowances_CalculatorRunner</span>
            </div> <!-- main-panel-header rounded-window-top -->
            <div class="main-panel-content rounded-window-bottom">
              <div class="method">
                <div class="method-content">
                  <a name="runScenario(&quot;Verify special rate pool  with addition amount With NO CLAIM&quot;, &quot;Login into Capium Application&quot;)">
                  </a> <!-- runScenario("Verify special rate pool  with addition amount With NO CLAIM", "Login into Capium Application") -->
                  <span class="method-name">runScenario</span>
                  <span class="parameters">("Verify special rate pool  with addition amount With NO CLAIM","Login into Capium Application")</span>
                  <div class="stack-trace">java.lang.RuntimeException: Unexpected error while entering client name: element click intercepted: Element &lt;mat-icon _ngcontent-heq-c211=&quot;&quot; role=&quot;img&quot; class=&quot;mat-icon notranslate ng-tns-c20-6 material-icons mat-ligature-font mat-icon-no-color&quot; aria-hidden=&quot;true&quot; data-mat-icon-type=&quot;font&quot;&gt;...&lt;/mat-icon&gt; is not clickable at point (201, 91). Other element would receive the click: &lt;div _ngcontent-heq-c1=&quot;&quot; class=&quot;ngx-spinner-overlay ng-tns-c1-0 ng-trigger ng-trigger-fadeIn ng-star-inserted&quot; style=&quot;background-color: rgba(51, 51, 51, 0.8); z-index: 99999; position: fixed; opacity: 1;&quot;&gt;...&lt;/div&gt;
  (Session info: chrome=142.0.7444.163)
Build info: version: &apos;4.23.0&apos;, revision: &apos;4df0a231af&apos;
System info: os.name: &apos;Windows 11&apos;, os.arch: &apos;amd64&apos;, os.version: &apos;10.0&apos;, java.version: &apos;17.0.12&apos;
Driver info: org.openqa.selenium.chrome.ChromeDriver
Command: [c35588aaa4f61cce37a3f42472d091e8, clickElement {id=f.79363D7391EDABDA9A221FA04707E318.d.60A82C022C7F173BBD0A8CA1691A175E.e.163}]
Capabilities {acceptInsecureCerts: false, browserName: chrome, browserVersion: 142.0.7444.163, chrome: {chromedriverVersion: 142.0.7444.175 (302067f14a4..., userDataDir: C:\Users\user\AppData\Local...}, fedcm:accounts: true, goog:chromeOptions: {debuggerAddress: localhost:54308}, goog:processID: 21288, networkConnectionEnabled: false, pageLoadStrategy: normal, platformName: windows, proxy: Proxy(), se:cdp: ws://localhost:54308/devtoo..., se:cdpVersion: 142.0.7444.163, setWindowRect: true, strictFileInteractability: false, timeouts: {implicit: 0, pageLoad: 300000, script: 30000}, unhandledPromptBehavior: dismiss and notify, webauthn:extension:credBlob: true, webauthn:extension:largeBlob: true, webauthn:extension:minPinLength: true, webauthn:extension:prf: true, webauthn:virtualAuthenticators: true}
Element: [[ChromeDriver: chrome on windows (c35588aaa4f61cce37a3f42472d091e8)] -&gt; xpath: //mat-icon[normalize-space()=&apos;search&apos;]]
Session ID: c35588aaa4f61cce37a3f42472d091e8
	at com.Capium.Actions.CapitalAllowancesActions.SearchTextfield(CapitalAllowancesActions.java:80)
	at com.Capium.StepDefination.Capital_AllowancesStepDefination.search_a_client_and_verify(Capital_AllowancesStepDefination.java:24)
	at .Search a client and verify(file:///D:/CT%205.0/CorporationTax_5.0/src/test/resources/FeatureFiles/Capital_allowance.feature:694)
Caused by: org.openqa.selenium.ElementClickInterceptedException: element click intercepted: Element &lt;mat-icon _ngcontent-heq-c211=&quot;&quot; role=&quot;img&quot; class=&quot;mat-icon notranslate ng-tns-c20-6 material-icons mat-ligature-font mat-icon-no-color&quot; aria-hidden=&quot;true&quot; data-mat-icon-type=&quot;font&quot;&gt;...&lt;/mat-icon&gt; is not clickable at point (201, 91). Other element would receive the click: &lt;div _ngcontent-heq-c1=&quot;&quot; class=&quot;ngx-spinner-overlay ng-tns-c1-0 ng-trigger ng-trigger-fadeIn ng-star-inserted&quot; style=&quot;background-color: rgba(51, 51, 51, 0.8); z-index: 99999; position: fixed; opacity: 1;&quot;&gt;...&lt;/div&gt;
  (Session info: chrome=142.0.7444.163)
Build info: version: &apos;4.23.0&apos;, revision: &apos;4df0a231af&apos;
System info: os.name: &apos;Windows 11&apos;, os.arch: &apos;amd64&apos;, os.version: &apos;10.0&apos;, java.version: &apos;17.0.12&apos;
Driver info: org.openqa.selenium.chrome.ChromeDriver
Command: [c35588aaa4f61cce37a3f42472d091e8, clickElement {id=f.79363D7391EDABDA9A221FA04707E318.d.60A82C022C7F173BBD0A8CA1691A175E.e.163}]
Capabilities {acceptInsecureCerts: false, browserName: chrome, browserVersion: 142.0.7444.163, chrome: {chromedriverVersion: 142.0.7444.175 (302067f14a4..., userDataDir: C:\Users\user\AppData\Local...}, fedcm:accounts: true, goog:chromeOptions: {debuggerAddress: localhost:54308}, goog:processID: 21288, networkConnectionEnabled: false, pageLoadStrategy: normal, platformName: windows, proxy: Proxy(), se:cdp: ws://localhost:54308/devtoo..., se:cdpVersion: 142.0.7444.163, setWindowRect: true, strictFileInteractability: false, timeouts: {implicit: 0, pageLoad: 300000, script: 30000}, unhandledPromptBehavior: dismiss and notify, webauthn:extension:credBlob: true, webauthn:extension:largeBlob: true, webauthn:extension:minPinLength: true, webauthn:extension:prf: true, webauthn:virtualAuthenticators: true}
Element: [[ChromeDriver: chrome on windows (c35588aaa4f61cce37a3f42472d091e8)] -&gt; xpath: //mat-icon[normalize-space()=&apos;search&apos;]]
Session ID: c35588aaa4f61cce37a3f42472d091e8
	at org.openqa.selenium.remote.ErrorCodec.decode(ErrorCodec.java:167)
	at org.openqa.selenium.remote.codec.w3c.W3CHttpResponseCodec.decode(W3CHttpResponseCodec.java:138)
	at org.openqa.selenium.remote.codec.w3c.W3CHttpResponseCodec.decode(W3CHttpResponseCodec.java:50)
	at org.openqa.selenium.remote.HttpCommandExecutor.execute(HttpCommandExecutor.java:190)
	at org.openqa.selenium.remote.service.DriverCommandExecutor.invokeExecute(DriverCommandExecutor.java:216)
	at org.openqa.selenium.remote.service.DriverCommandExecutor.execute(DriverCommandExecutor.java:174)
	at org.openqa.selenium.remote.RemoteWebDriver.execute(RemoteWebDriver.java:527)
	at org.openqa.selenium.remote.RemoteWebElement.execute(RemoteWebElement.java:223)
	at org.openqa.selenium.remote.RemoteWebElement.click(RemoteWebElement.java:76)
	at com.Capium.Actions.CapitalAllowancesActions.SearchTextfield(CapitalAllowancesActions.java:72)
	at com.Capium.StepDefination.Capital_AllowancesStepDefination.search_a_client_and_verify(Capital_AllowancesStepDefination.java:24)
	at io.cucumber.java.Invoker.doInvoke(Invoker.java:66)
	at io.cucumber.java.Invoker.invoke(Invoker.java:24)
	at io.cucumber.java.AbstractGlueDefinition.invokeMethod(AbstractGlueDefinition.java:47)
	at io.cucumber.java.JavaStepDefinition.execute(JavaStepDefinition.java:29)
	at io.cucumber.core.runner.CoreStepDefinition.execute(CoreStepDefinition.java:66)
	at io.cucumber.core.runner.PickleStepDefinitionMatch.runStep(PickleStepDefinitionMatch.java:63)
	at io.cucumber.core.runner.ExecutionMode$1.execute(ExecutionMode.java:10)
	at io.cucumber.core.runner.TestStep.executeStep(TestStep.java:81)
	at io.cucumber.core.runner.TestStep.run(TestStep.java:53)
	at io.cucumber.core.runner.PickleStepTestStep.run(PickleStepTestStep.java:51)
	at io.cucumber.core.runner.TestCase.run(TestCase.java:84)
	at io.cucumber.core.runner.Runner.runPickle(Runner.java:75)
	at io.cucumber.testng.TestNGCucumberRunner.lambda$runScenario$1(TestNGCucumberRunner.java:132)
	at io.cucumber.core.runtime.CucumberExecutionContext.lambda$runTestCase$5(CucumberExecutionContext.java:136)
	at io.cucumber.core.runtime.RethrowingThrowableCollector.executeAndThrow(RethrowingThrowableCollector.java:23)
	at io.cucumber.core.runtime.CucumberExecutionContext.runTestCase(CucumberExecutionContext.java:136)
	at io.cucumber.testng.TestNGCucumberRunner.runScenario(TestNGCucumberRunner.java:129)
	at io.cucumber.testng.AbstractTestNGCucumberTests.runScenario(AbstractTestNGCucumberTests.java:35)
	at java.base/java.util.ArrayList.forEach(ArrayList.java:1511)
... Removed 35 stack frames
</div> <!-- stack-trace -->
                  <em>
(Runs Cucumber Scenarios)                  </em>
                </div> <!-- method-content -->
              </div> <!-- method -->
              <div class="method">
                <div class="method-content">
                  <a name="runScenario(&quot;Verify Main pool asset with WDV b/fwd amount by using save&quot;, &quot;Login into Capium Application&quot;)">
                  </a> <!-- runScenario("Verify Main pool asset with WDV b/fwd amount by using save", "Login into Capium Application") -->
                  <span class="method-name">runScenario</span>
                  <span class="parameters">("Verify Main pool asset with WDV b/fwd amount by using save","Login into Capium Application")</span>
                  <div class="stack-trace">org.openqa.selenium.NoSuchElementException: no such element: Unable to locate element: {&quot;method&quot;:&quot;xpath&quot;,&quot;selector&quot;:&quot;//mat-icon[text()=&apos;add&apos;]/parent::button[.//span[normalize-space(text())=&apos;Add new Asset&apos;]]&quot;}
  (Session info: chrome=142.0.7444.163)
For documentation on this error, please visit: https://www.selenium.dev/documentation/webdriver/troubleshooting/errors#no-such-element-exception
Build info: version: &apos;4.23.0&apos;, revision: &apos;4df0a231af&apos;
System info: os.name: &apos;Windows 11&apos;, os.arch: &apos;amd64&apos;, os.version: &apos;10.0&apos;, java.version: &apos;17.0.12&apos;
Driver info: org.openqa.selenium.chrome.ChromeDriver
Command: [4a494221fd171d3c1f7a8964d10cb0d6, findElement {value=//mat-icon[text()=&apos;add&apos;]/parent::button[.//span[normalize-space(text())=&apos;Add new Asset&apos;]], using=xpath}]
Capabilities {acceptInsecureCerts: false, browserName: chrome, browserVersion: 142.0.7444.163, chrome: {chromedriverVersion: 142.0.7444.175 (302067f14a4..., userDataDir: C:\Users\user\AppData\Local...}, fedcm:accounts: true, goog:chromeOptions: {debuggerAddress: localhost:53966}, goog:processID: 7088, networkConnectionEnabled: false, pageLoadStrategy: normal, platformName: windows, proxy: Proxy(), se:cdp: ws://localhost:53966/devtoo..., se:cdpVersion: 142.0.7444.163, setWindowRect: true, strictFileInteractability: false, timeouts: {implicit: 0, pageLoad: 300000, script: 30000}, unhandledPromptBehavior: dismiss and notify, webauthn:extension:credBlob: true, webauthn:extension:largeBlob: true, webauthn:extension:minPinLength: true, webauthn:extension:prf: true, webauthn:virtualAuthenticators: true}
Session ID: 4a494221fd171d3c1f7a8964d10cb0d6
	at org.openqa.selenium.remote.ErrorCodec.decode(ErrorCodec.java:167)
	at org.openqa.selenium.remote.codec.w3c.W3CHttpResponseCodec.decode(W3CHttpResponseCodec.java:138)
	at org.openqa.selenium.remote.codec.w3c.W3CHttpResponseCodec.decode(W3CHttpResponseCodec.java:50)
	at org.openqa.selenium.remote.HttpCommandExecutor.execute(HttpCommandExecutor.java:190)
	at org.openqa.selenium.remote.service.DriverCommandExecutor.invokeExecute(DriverCommandExecutor.java:216)
	at org.openqa.selenium.remote.service.DriverCommandExecutor.execute(DriverCommandExecutor.java:174)
	at org.openqa.selenium.remote.RemoteWebDriver.execute(RemoteWebDriver.java:527)
	at org.openqa.selenium.remote.ElementLocation$ElementFinder$2.findElement(ElementLocation.java:165)
	at org.openqa.selenium.remote.ElementLocation.findElement(ElementLocation.java:59)
	at org.openqa.selenium.remote.RemoteWebDriver.findElement(RemoteWebDriver.java:357)
	at org.openqa.selenium.remote.RemoteWebDriver.findElement(RemoteWebDriver.java:351)
	at org.openqa.selenium.support.pagefactory.DefaultElementLocator.findElement(DefaultElementLocator.java:68)
	at org.openqa.selenium.support.pagefactory.internal.LocatingElementHandler.invoke(LocatingElementHandler.java:38)
	at jdk.proxy2/jdk.proxy2.$Proxy33.getWrappedElement(Unknown Source)
	at org.openqa.selenium.remote.WebElementToJsonConverter.apply(WebElementToJsonConverter.java:48)
	at java.base/java.util.stream.ReferencePipeline$3$1.accept(ReferencePipeline.java:197)
	at java.base/java.util.Spliterators$ArraySpliterator.forEachRemaining(Spliterators.java:992)
	at java.base/java.util.stream.AbstractPipeline.copyInto(AbstractPipeline.java:509)
	at java.base/java.util.stream.AbstractPipeline.wrapAndCopyInto(AbstractPipeline.java:499)
	at java.base/java.util.stream.ReduceOps$ReduceOp.evaluateSequential(ReduceOps.java:921)
	at java.base/java.util.stream.AbstractPipeline.evaluate(AbstractPipeline.java:234)
	at java.base/java.util.stream.ReferencePipeline.collect(ReferencePipeline.java:682)
	at org.openqa.selenium.remote.RemoteWebDriver.executeScript(RemoteWebDriver.java:463)
	at com.Capium.Utilites.HelperClass.ClickUsingJS(HelperClass.java:379)
	at com.Capium.Actions.CapitalAllowancesActions.AddnewAsset(CapitalAllowancesActions.java:131)
	at com.Capium.StepDefination.Capital_AllowancesStepDefination.click_on_add_new_asset(Capital_AllowancesStepDefination.java:59)
	at .Click on Add new asset(file:///D:/CT%205.0/CorporationTax_5.0/src/test/resources/FeatureFiles/Capital_allowance.feature:81)
... Removed 5 stack frames
</div> <!-- stack-trace -->
                  <em>
(Runs Cucumber Scenarios)                  </em>
                </div> <!-- method-content -->
              </div> <!-- method -->
              <div class="method">
                <div class="method-content">
                  <a name="runScenario(&quot;Verify shortlife asset with WDV b/fwd amount and  disposed amount&quot;, &quot;Login into Capium Application&quot;)">
                  </a> <!-- runScenario("Verify shortlife asset with WDV b/fwd amount and  disposed amount", "Login into Capium Application") -->
                  <span class="method-name">runScenario</span>
                  <span class="parameters">("Verify shortlife asset with WDV b/fwd amount and  disposed amount","Login into Capium Application")</span>
                  <div class="stack-trace">java.lang.AssertionError:  Failed: First Year Allowance at 100% should be enabled but is disabled
	at com.Capium.Utilites.HelperClass.validateCheckboxes(HelperClass.java:1232)
	at com.Capium.Actions.CapitalAllowancesActions.Assetacquisitiondate(CapitalAllowancesActions.java:247)
	at com.Capium.StepDefination.Capital_AllowancesStepDefination.select_asset_acquisition_date(Capital_AllowancesStepDefination.java:95)
	at .Select Asset acquisition date(file:///D:/CT%205.0/CorporationTax_5.0/src/test/resources/FeatureFiles/Capital_allowance.feature:490)

</div> <!-- stack-trace -->
                  <em>
(Runs Cucumber Scenarios)                  </em>
                </div> <!-- method-content -->
              </div> <!-- method -->
              <div class="method">
                <div class="method-content">
                  <a name="runScenario(&quot;Verify Main pool asset with WDV b/fwd amount and  disposed amount and restriction amount&quot;, &quot;Login i...)">
                  </a> <!-- runScenario("Verify Main pool asset with WDV b/fwd amount and  disposed amount and restriction amount", "Login i...) -->
                  <span class="method-name">runScenario</span>
                  <span class="parameters">("Verify Main pool asset with WDV b/fwd amount and  disposed amount and restriction amount","Login into Capium Application")</span>
                  <div class="stack-trace">org.openqa.selenium.NoSuchElementException: no such element: Unable to locate element: {&quot;method&quot;:&quot;xpath&quot;,&quot;selector&quot;:&quot;//a[normalize-space(text())=&apos;CT600 Computation&apos;]/ancestor::li&quot;}
  (Session info: chrome=142.0.7444.163)
For documentation on this error, please visit: https://www.selenium.dev/documentation/webdriver/troubleshooting/errors#no-such-element-exception
Build info: version: &apos;4.23.0&apos;, revision: &apos;4df0a231af&apos;
System info: os.name: &apos;Windows 11&apos;, os.arch: &apos;amd64&apos;, os.version: &apos;10.0&apos;, java.version: &apos;17.0.12&apos;
Driver info: org.openqa.selenium.chrome.ChromeDriver
Command: [02ab0f032802d63fe0ef631184dd0a0f, findElement {value=//a[normalize-space(text())=&apos;CT600 Computation&apos;]/ancestor::li, using=xpath}]
Capabilities {acceptInsecureCerts: false, browserName: chrome, browserVersion: 142.0.7444.163, chrome: {chromedriverVersion: 142.0.7444.175 (302067f14a4..., userDataDir: C:\Users\user\AppData\Local...}, fedcm:accounts: true, goog:chromeOptions: {debuggerAddress: localhost:53091}, goog:processID: 6732, networkConnectionEnabled: false, pageLoadStrategy: normal, platformName: windows, proxy: Proxy(), se:cdp: ws://localhost:53091/devtoo..., se:cdpVersion: 142.0.7444.163, setWindowRect: true, strictFileInteractability: false, timeouts: {implicit: 0, pageLoad: 300000, script: 30000}, unhandledPromptBehavior: dismiss and notify, webauthn:extension:credBlob: true, webauthn:extension:largeBlob: true, webauthn:extension:minPinLength: true, webauthn:extension:prf: true, webauthn:virtualAuthenticators: true}
Session ID: 02ab0f032802d63fe0ef631184dd0a0f
	at org.openqa.selenium.remote.ErrorCodec.decode(ErrorCodec.java:167)
	at org.openqa.selenium.remote.codec.w3c.W3CHttpResponseCodec.decode(W3CHttpResponseCodec.java:138)
	at org.openqa.selenium.remote.codec.w3c.W3CHttpResponseCodec.decode(W3CHttpResponseCodec.java:50)
	at org.openqa.selenium.remote.HttpCommandExecutor.execute(HttpCommandExecutor.java:190)
	at org.openqa.selenium.remote.service.DriverCommandExecutor.invokeExecute(DriverCommandExecutor.java:216)
	at org.openqa.selenium.remote.service.DriverCommandExecutor.execute(DriverCommandExecutor.java:174)
	at org.openqa.selenium.remote.RemoteWebDriver.execute(RemoteWebDriver.java:527)
	at org.openqa.selenium.remote.ElementLocation$ElementFinder$2.findElement(ElementLocation.java:165)
	at org.openqa.selenium.remote.ElementLocation.findElement(ElementLocation.java:59)
	at org.openqa.selenium.remote.RemoteWebDriver.findElement(RemoteWebDriver.java:357)
	at org.openqa.selenium.remote.RemoteWebDriver.findElement(RemoteWebDriver.java:351)
	at org.openqa.selenium.support.pagefactory.DefaultElementLocator.findElement(DefaultElementLocator.java:68)
	at org.openqa.selenium.support.pagefactory.internal.LocatingElementHandler.invoke(LocatingElementHandler.java:38)
	at jdk.proxy2/jdk.proxy2.$Proxy33.getWrappedElement(Unknown Source)
	at org.openqa.selenium.remote.WebElementToJsonConverter.apply(WebElementToJsonConverter.java:48)
	at java.base/java.util.stream.ReferencePipeline$3$1.accept(ReferencePipeline.java:197)
	at java.base/java.util.Spliterators$ArraySpliterator.forEachRemaining(Spliterators.java:992)
	at java.base/java.util.stream.AbstractPipeline.copyInto(AbstractPipeline.java:509)
	at java.base/java.util.stream.AbstractPipeline.wrapAndCopyInto(AbstractPipeline.java:499)
	at java.base/java.util.stream.ReduceOps$ReduceOp.evaluateSequential(ReduceOps.java:921)
	at java.base/java.util.stream.AbstractPipeline.evaluate(AbstractPipeline.java:234)
	at java.base/java.util.stream.ReferencePipeline.collect(ReferencePipeline.java:682)
	at org.openqa.selenium.remote.RemoteWebDriver.executeScript(RemoteWebDriver.java:463)
	at com.Capium.Utilites.HelperClass.scrollIntoView(HelperClass.java:390)
	at com.Capium.Actions.CapitalAllowancesActions.CT600ComputationforWDVanddisposedamount(CapitalAllowancesActions.java:692)
	at com.Capium.StepDefination.Capital_AllowancesStepDefination.click_on_enhanced_expenditure_and_verify_machinery_and_plant_main_pool_value_for_wdv_b_fwd_amount_adn_disposed_amount(Capital_AllowancesStepDefination.java:382)
	at .Click on Enhanced Expenditure and Verify Machinery and plant Main pool value  for wdv b/fwd amount adn disposed amount(file:///D:/CT%205.0/CorporationTax_5.0/src/test/resources/FeatureFiles/Capital_allowance.feature:181)
... Removed 5 stack frames
</div> <!-- stack-trace -->
                  <em>
(Runs Cucumber Scenarios)                  </em>
                </div> <!-- method-content -->
              </div> <!-- method -->
              <div class="method">
                <div class="method-content">
                  <a name="runScenario(&quot;Verify Main specailrate asset with addition amount and  larger disposed amount&quot;, &quot;Login into Capium...)">
                  </a> <!-- runScenario("Verify Main specailrate asset with addition amount and  larger disposed amount", "Login into Capium...) -->
                  <span class="method-name">runScenario</span>
                  <span class="parameters">("Verify Main specailrate asset with addition amount and  larger disposed amount","Login into Capium Application")</span>
                  <div class="stack-trace">java.lang.RuntimeException: Unexpected error while clicking Tax Return: element click intercepted: Element &lt;span _ngcontent-utv-c16=&quot;&quot;&gt;...&lt;/span&gt; is not clickable at point (329, 30). Other element would receive the click: &lt;div _ngcontent-utv-c1=&quot;&quot; class=&quot;ngx-spinner-overlay ng-tns-c1-0 ng-trigger ng-trigger-fadeIn ng-star-inserted ng-animating&quot; style=&quot;background-color: rgba(51, 51, 51, 0.8); z-index: 99999; position: fixed;&quot;&gt;...&lt;/div&gt;
  (Session info: chrome=142.0.7444.163)
Build info: version: &apos;4.23.0&apos;, revision: &apos;4df0a231af&apos;
System info: os.name: &apos;Windows 11&apos;, os.arch: &apos;amd64&apos;, os.version: &apos;10.0&apos;, java.version: &apos;17.0.12&apos;
Driver info: org.openqa.selenium.chrome.ChromeDriver
Command: [f47be5161943146311772c2ec0e4e009, clickElement {id=f.71A60B4CEA0A81EB05732FD2C51208E1.d.AF60FB8152E43C1D4847CE490691CB9D.e.122}]
Capabilities {acceptInsecureCerts: false, browserName: chrome, browserVersion: 142.0.7444.163, chrome: {chromedriverVersion: 142.0.7444.175 (302067f14a4..., userDataDir: C:\Users\user\AppData\Local...}, fedcm:accounts: true, goog:chromeOptions: {debuggerAddress: localhost:61815}, goog:processID: 5544, networkConnectionEnabled: false, pageLoadStrategy: normal, platformName: windows, proxy: Proxy(), se:cdp: ws://localhost:61815/devtoo..., se:cdpVersion: 142.0.7444.163, setWindowRect: true, strictFileInteractability: false, timeouts: {implicit: 0, pageLoad: 300000, script: 30000}, unhandledPromptBehavior: dismiss and notify, webauthn:extension:credBlob: true, webauthn:extension:largeBlob: true, webauthn:extension:minPinLength: true, webauthn:extension:prf: true, webauthn:virtualAuthenticators: true}
Element: [[ChromeDriver: chrome on windows (f47be5161943146311772c2ec0e4e009)] -&gt; xpath: //a[@href=&apos;/submissions&apos;]//span[normalize-space()=&apos;Tax Return&apos;]]
Session ID: f47be5161943146311772c2ec0e4e009
	at com.Capium.Actions.CapitalAllowancesActions.Tax_Return(CapitalAllowancesActions.java:54)
	at com.Capium.StepDefination.Capital_AllowancesStepDefination.click_on_tax_return_and_verify_tax_return(Capital_AllowancesStepDefination.java:15)
	at .Click on Tax Return and Verify Tax Return(file:///D:/CT%205.0/CorporationTax_5.0/src/test/resources/FeatureFiles/Capital_allowance.feature:639)
Caused by: org.openqa.selenium.ElementClickInterceptedException: element click intercepted: Element &lt;span _ngcontent-utv-c16=&quot;&quot;&gt;...&lt;/span&gt; is not clickable at point (329, 30). Other element would receive the click: &lt;div _ngcontent-utv-c1=&quot;&quot; class=&quot;ngx-spinner-overlay ng-tns-c1-0 ng-trigger ng-trigger-fadeIn ng-star-inserted ng-animating&quot; style=&quot;background-color: rgba(51, 51, 51, 0.8); z-index: 99999; position: fixed;&quot;&gt;...&lt;/div&gt;
  (Session info: chrome=142.0.7444.163)
Build info: version: &apos;4.23.0&apos;, revision: &apos;4df0a231af&apos;
System info: os.name: &apos;Windows 11&apos;, os.arch: &apos;amd64&apos;, os.version: &apos;10.0&apos;, java.version: &apos;17.0.12&apos;
Driver info: org.openqa.selenium.chrome.ChromeDriver
Command: [f47be5161943146311772c2ec0e4e009, clickElement {id=f.71A60B4CEA0A81EB05732FD2C51208E1.d.AF60FB8152E43C1D4847CE490691CB9D.e.122}]
Capabilities {acceptInsecureCerts: false, browserName: chrome, browserVersion: 142.0.7444.163, chrome: {chromedriverVersion: 142.0.7444.175 (302067f14a4..., userDataDir: C:\Users\user\AppData\Local...}, fedcm:accounts: true, goog:chromeOptions: {debuggerAddress: localhost:61815}, goog:processID: 5544, networkConnectionEnabled: false, pageLoadStrategy: normal, platformName: windows, proxy: Proxy(), se:cdp: ws://localhost:61815/devtoo..., se:cdpVersion: 142.0.7444.163, setWindowRect: true, strictFileInteractability: false, timeouts: {implicit: 0, pageLoad: 300000, script: 30000}, unhandledPromptBehavior: dismiss and notify, webauthn:extension:credBlob: true, webauthn:extension:largeBlob: true, webauthn:extension:minPinLength: true, webauthn:extension:prf: true, webauthn:virtualAuthenticators: true}
Element: [[ChromeDriver: chrome on windows (f47be5161943146311772c2ec0e4e009)] -&gt; xpath: //a[@href=&apos;/submissions&apos;]//span[normalize-space()=&apos;Tax Return&apos;]]
Session ID: f47be5161943146311772c2ec0e4e009
	at org.openqa.selenium.remote.ErrorCodec.decode(ErrorCodec.java:167)
	at org.openqa.selenium.remote.codec.w3c.W3CHttpResponseCodec.decode(W3CHttpResponseCodec.java:138)
	at org.openqa.selenium.remote.codec.w3c.W3CHttpResponseCodec.decode(W3CHttpResponseCodec.java:50)
	at org.openqa.selenium.remote.HttpCommandExecutor.execute(HttpCommandExecutor.java:190)
	at org.openqa.selenium.remote.service.DriverCommandExecutor.invokeExecute(DriverCommandExecutor.java:216)
	at org.openqa.selenium.remote.service.DriverCommandExecutor.execute(DriverCommandExecutor.java:174)
	at org.openqa.selenium.remote.RemoteWebDriver.execute(RemoteWebDriver.java:527)
	at org.openqa.selenium.remote.RemoteWebElement.execute(RemoteWebElement.java:223)
	at org.openqa.selenium.remote.RemoteWebElement.click(RemoteWebElement.java:76)
	at com.Capium.Actions.CapitalAllowancesActions.Tax_Return(CapitalAllowancesActions.java:47)
	at com.Capium.StepDefination.Capital_AllowancesStepDefination.click_on_tax_return_and_verify_tax_return(Capital_AllowancesStepDefination.java:15)
	at io.cucumber.java.Invoker.doInvoke(Invoker.java:66)
	at io.cucumber.java.Invoker.invoke(Invoker.java:24)
	at io.cucumber.java.AbstractGlueDefinition.invokeMethod(AbstractGlueDefinition.java:47)
	at io.cucumber.java.JavaStepDefinition.execute(JavaStepDefinition.java:29)
	at io.cucumber.core.runner.CoreStepDefinition.execute(CoreStepDefinition.java:66)
	at io.cucumber.core.runner.PickleStepDefinitionMatch.runStep(PickleStepDefinitionMatch.java:63)
	at io.cucumber.core.runner.ExecutionMode$1.execute(ExecutionMode.java:10)
	at io.cucumber.core.runner.TestStep.executeStep(TestStep.java:81)
	at io.cucumber.core.runner.TestStep.run(TestStep.java:53)
	at io.cucumber.core.runner.PickleStepTestStep.run(PickleStepTestStep.java:51)
	at io.cucumber.core.runner.TestCase.run(TestCase.java:84)
	at io.cucumber.core.runner.Runner.runPickle(Runner.java:75)
	at io.cucumber.testng.TestNGCucumberRunner.lambda$runScenario$1(TestNGCucumberRunner.java:132)
	at io.cucumber.core.runtime.CucumberExecutionContext.lambda$runTestCase$5(CucumberExecutionContext.java:136)
	at io.cucumber.core.runtime.RethrowingThrowableCollector.executeAndThrow(RethrowingThrowableCollector.java:23)
	at io.cucumber.core.runtime.CucumberExecutionContext.runTestCase(CucumberExecutionContext.java:136)
	at io.cucumber.testng.TestNGCucumberRunner.runScenario(TestNGCucumberRunner.java:129)
	at io.cucumber.testng.AbstractTestNGCucumberTests.runScenario(AbstractTestNGCucumberTests.java:35)
	at java.base/java.util.ArrayList.forEach(ArrayList.java:1511)
... Removed 36 stack frames
</div> <!-- stack-trace -->
                  <em>
(Runs Cucumber Scenarios)                  </em>
                </div> <!-- method-content -->
              </div> <!-- method -->
              <div class="method">
                <div class="method-content">
                  <a name="runScenario(&quot;Verify mainpool rate with addition amount  at first year allowance at 100 percent&quot;, &quot;Login into Cap...)">
                  </a> <!-- runScenario("Verify mainpool rate with addition amount  at first year allowance at 100 percent", "Login into Cap...) -->
                  <span class="method-name">runScenario</span>
                  <span class="parameters">("Verify mainpool rate with addition amount  at first year allowance at 100 percent","Login into Capium Application")</span>
                  <div class="stack-trace">java.lang.AssertionError:  Failed: First Year Allowance at 100% should be enabled but is disabled
	at com.Capium.Utilites.HelperClass.validateCheckboxes(HelperClass.java:1232)
	at com.Capium.Actions.CapitalAllowancesActions.Assetacquisitiondate(CapitalAllowancesActions.java:247)
	at com.Capium.StepDefination.Capital_AllowancesStepDefination.select_asset_acquisition_date(Capital_AllowancesStepDefination.java:95)
	at .Select Asset acquisition date(file:///D:/CT%205.0/CorporationTax_5.0/src/test/resources/FeatureFiles/Capital_allowance.feature:422)

</div> <!-- stack-trace -->
                  <em>
(Runs Cucumber Scenarios)                  </em>
                </div> <!-- method-content -->
              </div> <!-- method -->
              <div class="method">
                <div class="method-content">
                  <a name="runScenario(&quot;Verify Structures and buildings asset with addition amount&quot;, &quot;Login into Capium Application&quot;)">
                  </a> <!-- runScenario("Verify Structures and buildings asset with addition amount", "Login into Capium Application") -->
                  <span class="method-name">runScenario</span>
                  <span class="parameters">("Verify Structures and buildings asset with addition amount","Login into Capium Application")</span>
                  <div class="stack-trace">java.lang.RuntimeException: Tax Return button not clickable within timeout
	at com.Capium.Actions.CapitalAllowancesActions.Tax_Return(CapitalAllowancesActions.java:52)
	at com.Capium.StepDefination.Capital_AllowancesStepDefination.click_on_tax_return_and_verify_tax_return(Capital_AllowancesStepDefination.java:15)
	at .Click on Tax Return and Verify Tax Return(file:///D:/CT%205.0/CorporationTax_5.0/src/test/resources/FeatureFiles/Capital_allowance.feature:741)
Caused by: org.openqa.selenium.TimeoutException: Expected condition failed: waiting for element to be clickable: By.xpath: //a[@href=&apos;/submissions&apos;]//span[normalize-space()=&apos;Tax Return&apos;] (tried for 25 second(s) with 500 milliseconds interval)
Build info: version: &apos;4.23.0&apos;, revision: &apos;4df0a231af&apos;
System info: os.name: &apos;Windows 11&apos;, os.arch: &apos;amd64&apos;, os.version: &apos;10.0&apos;, java.version: &apos;17.0.12&apos;
Driver info: org.openqa.selenium.chrome.ChromeDriver
Capabilities {acceptInsecureCerts: false, browserName: chrome, browserVersion: 142.0.7444.163, chrome: {chromedriverVersion: 142.0.7444.175 (302067f14a4..., userDataDir: C:\Users\user\AppData\Local...}, fedcm:accounts: true, goog:chromeOptions: {debuggerAddress: localhost:57570}, goog:processID: 15016, networkConnectionEnabled: false, pageLoadStrategy: normal, platformName: windows, proxy: Proxy(), se:cdp: ws://localhost:57570/devtoo..., se:cdpVersion: 142.0.7444.163, setWindowRect: true, strictFileInteractability: false, timeouts: {implicit: 0, pageLoad: 300000, script: 30000}, unhandledPromptBehavior: dismiss and notify, webauthn:extension:credBlob: true, webauthn:extension:largeBlob: true, webauthn:extension:minPinLength: true, webauthn:extension:prf: true, webauthn:virtualAuthenticators: true}
Session ID: f21fdaf9804d7308a4e9502199b0fe29
	at org.openqa.selenium.support.ui.WebDriverWait.timeoutException(WebDriverWait.java:84)
	at org.openqa.selenium.support.ui.FluentWait.until(FluentWait.java:228)
	at com.Capium.Actions.CapitalAllowancesActions.Tax_Return(CapitalAllowancesActions.java:44)
	at com.Capium.StepDefination.Capital_AllowancesStepDefination.click_on_tax_return_and_verify_tax_return(Capital_AllowancesStepDefination.java:15)
	at io.cucumber.java.Invoker.doInvoke(Invoker.java:66)
	at io.cucumber.java.Invoker.invoke(Invoker.java:24)
	at io.cucumber.java.AbstractGlueDefinition.invokeMethod(AbstractGlueDefinition.java:47)
	at io.cucumber.java.JavaStepDefinition.execute(JavaStepDefinition.java:29)
	at io.cucumber.core.runner.CoreStepDefinition.execute(CoreStepDefinition.java:66)
	at io.cucumber.core.runner.PickleStepDefinitionMatch.runStep(PickleStepDefinitionMatch.java:63)
	at io.cucumber.core.runner.ExecutionMode$1.execute(ExecutionMode.java:10)
	at io.cucumber.core.runner.TestStep.executeStep(TestStep.java:81)
	at io.cucumber.core.runner.TestStep.run(TestStep.java:53)
	at io.cucumber.core.runner.PickleStepTestStep.run(PickleStepTestStep.java:51)
	at io.cucumber.core.runner.TestCase.run(TestCase.java:84)
	at io.cucumber.core.runner.Runner.runPickle(Runner.java:75)
	at io.cucumber.testng.TestNGCucumberRunner.lambda$runScenario$1(TestNGCucumberRunner.java:132)
	at io.cucumber.core.runtime.CucumberExecutionContext.lambda$runTestCase$5(CucumberExecutionContext.java:136)
	at io.cucumber.core.runtime.RethrowingThrowableCollector.executeAndThrow(RethrowingThrowableCollector.java:23)
	at io.cucumber.core.runtime.CucumberExecutionContext.runTestCase(CucumberExecutionContext.java:136)
	at io.cucumber.testng.TestNGCucumberRunner.runScenario(TestNGCucumberRunner.java:129)
	at io.cucumber.testng.AbstractTestNGCucumberTests.runScenario(AbstractTestNGCucumberTests.java:35)
	at java.base/java.util.ArrayList.forEach(ArrayList.java:1511)
... Removed 29 stack frames
</div> <!-- stack-trace -->
                  <em>
(Runs Cucumber Scenarios)                  </em>
                </div> <!-- method-content -->
              </div> <!-- method -->
              <div class="method">
                <div class="method-content">
                  <a name="runScenario(&quot;Verify Electric vehicle charge points and allowances with addition amount&quot;, &quot;Login into Capium Appl...)">
                  </a> <!-- runScenario("Verify Electric vehicle charge points and allowances with addition amount", "Login into Capium Appl...) -->
                  <span class="method-name">runScenario</span>
                  <span class="parameters">("Verify Electric vehicle charge points and allowances with addition amount","Login into Capium Application")</span>
                  <div class="stack-trace">org.openqa.selenium.NoSuchElementException: no such element: Unable to locate element: {&quot;method&quot;:&quot;xpath&quot;,&quot;selector&quot;:&quot;(//h6[normalize-space()=&apos;Corporation Tax&apos;]/ancestor::div[@class=&apos;card&apos;])[last()]&quot;}
  (Session info: chrome=142.0.7444.163)
For documentation on this error, please visit: https://www.selenium.dev/documentation/webdriver/troubleshooting/errors#no-such-element-exception
Build info: version: &apos;4.23.0&apos;, revision: &apos;4df0a231af&apos;
System info: os.name: &apos;Windows 11&apos;, os.arch: &apos;amd64&apos;, os.version: &apos;10.0&apos;, java.version: &apos;17.0.12&apos;
Driver info: org.openqa.selenium.chrome.ChromeDriver
Command: [15dda31b57caf1325db557fc6e338f3d, findElement {value=(//h6[normalize-space()=&apos;Corporation Tax&apos;]/ancestor::div[@class=&apos;card&apos;])[last()], using=xpath}]
Capabilities {acceptInsecureCerts: false, browserName: chrome, browserVersion: 142.0.7444.163, chrome: {chromedriverVersion: 142.0.7444.175 (302067f14a4..., userDataDir: C:\Users\user\AppData\Local...}, fedcm:accounts: true, goog:chromeOptions: {debuggerAddress: localhost:54004}, goog:processID: 9556, networkConnectionEnabled: false, pageLoadStrategy: normal, platformName: windows, proxy: Proxy(), se:cdp: ws://localhost:54004/devtoo..., se:cdpVersion: 142.0.7444.163, setWindowRect: true, strictFileInteractability: false, timeouts: {implicit: 0, pageLoad: 300000, script: 30000}, unhandledPromptBehavior: dismiss and notify, webauthn:extension:credBlob: true, webauthn:extension:largeBlob: true, webauthn:extension:minPinLength: true, webauthn:extension:prf: true, webauthn:virtualAuthenticators: true}
Session ID: 15dda31b57caf1325db557fc6e338f3d
	at org.openqa.selenium.remote.ErrorCodec.decode(ErrorCodec.java:167)
	at org.openqa.selenium.remote.codec.w3c.W3CHttpResponseCodec.decode(W3CHttpResponseCodec.java:138)
	at org.openqa.selenium.remote.codec.w3c.W3CHttpResponseCodec.decode(W3CHttpResponseCodec.java:50)
	at org.openqa.selenium.remote.HttpCommandExecutor.execute(HttpCommandExecutor.java:190)
	at org.openqa.selenium.remote.service.DriverCommandExecutor.invokeExecute(DriverCommandExecutor.java:216)
	at org.openqa.selenium.remote.service.DriverCommandExecutor.execute(DriverCommandExecutor.java:174)
	at org.openqa.selenium.remote.RemoteWebDriver.execute(RemoteWebDriver.java:527)
	at org.openqa.selenium.remote.ElementLocation$ElementFinder$2.findElement(ElementLocation.java:165)
	at org.openqa.selenium.remote.ElementLocation.findElement(ElementLocation.java:59)
	at org.openqa.selenium.remote.RemoteWebDriver.findElement(RemoteWebDriver.java:357)
	at org.openqa.selenium.remote.RemoteWebDriver.findElement(RemoteWebDriver.java:351)
	at com.Capium.Actions.LoginActions.NavigateToModule(LoginActions.java:584)
	at com.Capium.StepDefination.LoginStepDefination.redirect_to_corporation_tax_five_point_zero(LoginStepDefination.java:100)
	at .redirect to Corporation tax five point zero(file:///D:/CT%205.0/CorporationTax_5.0/src/test/resources/FeatureFiles/Capital_allowance.feature:8)
... Removed 4 stack frames
</div> <!-- stack-trace -->
                  <em>
(Runs Cucumber Scenarios)                  </em>
                </div> <!-- method-content -->
              </div> <!-- method -->
              <div class="method">
                <div class="method-content">
                  <a name="runScenario(&quot;Verify Other charges and allowances with addition amount&quot;, &quot;Login into Capium Application&quot;)">
                  </a> <!-- runScenario("Verify Other charges and allowances with addition amount", "Login into Capium Application") -->
                  <span class="method-name">runScenario</span>
                  <span class="parameters">("Verify Other charges and allowances with addition amount","Login into Capium Application")</span>
                  <div class="stack-trace">java.lang.AssertionError:  Failed: Asset is a Car should be enabled but is disabled
	at com.Capium.Utilites.HelperClass.validateCheckboxes(HelperClass.java:1232)
	at com.Capium.Actions.CapitalAllowancesActions.Assetacquisitiondate(CapitalAllowancesActions.java:247)
	at com.Capium.StepDefination.Capital_AllowancesStepDefination.select_asset_acquisition_date(Capital_AllowancesStepDefination.java:95)
	at .Select Asset acquisition date(file:///D:/CT%205.0/CorporationTax_5.0/src/test/resources/FeatureFiles/Capital_allowance.feature:867)

</div> <!-- stack-trace -->
                  <em>
(Runs Cucumber Scenarios)                  </em>
                </div> <!-- method-content -->
              </div> <!-- method -->
              <div class="method">
                <div class="method-content">
                  <a name="runScenario(&quot;Verify structure and buildings with  WDV b/fwd amount and addition amount&quot;, &quot;Login into Capium Appl...)">
                  </a> <!-- runScenario("Verify structure and buildings with  WDV b/fwd amount and addition amount", "Login into Capium Appl...) -->
                  <span class="method-name">runScenario</span>
                  <span class="parameters">("Verify structure and buildings with  WDV b/fwd amount and addition amount","Login into Capium Application")</span>
                  <div class="stack-trace">java.lang.AssertionError:  Failed: Asset is a Car should be enabled but is disabled
	at com.Capium.Utilites.HelperClass.validateCheckboxes(HelperClass.java:1232)
	at com.Capium.Actions.CapitalAllowancesActions.Assetacquisitiondate(CapitalAllowancesActions.java:247)
	at com.Capium.StepDefination.Capital_AllowancesStepDefination.select_asset_acquisition_date(Capital_AllowancesStepDefination.java:95)
	at .Select Asset acquisition date(file:///D:/CT%205.0/CorporationTax_5.0/src/test/resources/FeatureFiles/Capital_allowance.feature:783)

</div> <!-- stack-trace -->
                  <em>
(Runs Cucumber Scenarios)                  </em>
                </div> <!-- method-content -->
              </div> <!-- method -->
              <div class="method">
                <div class="method-content">
                  <a name="runScenario(&quot;Verify  with  zero emissions goods vehicle addition amount&quot;, &quot;Login into Capium Application&quot;)">
                  </a> <!-- runScenario("Verify  with  zero emissions goods vehicle addition amount", "Login into Capium Application") -->
                  <span class="method-name">runScenario</span>
                  <span class="parameters">("Verify  with  zero emissions goods vehicle addition amount","Login into Capium Application")</span>
                  <div class="stack-trace">java.lang.AssertionError:  Failed: Asset is a Car should be enabled but is disabled
	at com.Capium.Utilites.HelperClass.validateCheckboxes(HelperClass.java:1232)
	at com.Capium.Actions.CapitalAllowancesActions.Assetacquisitiondate(CapitalAllowancesActions.java:247)
	at com.Capium.StepDefination.Capital_AllowancesStepDefination.select_asset_acquisition_date(Capital_AllowancesStepDefination.java:95)
	at .Select Asset acquisition date(file:///D:/CT%205.0/CorporationTax_5.0/src/test/resources/FeatureFiles/Capital_allowance.feature:1017)

</div> <!-- stack-trace -->
                  <em>
(Runs Cucumber Scenarios)                  </em>
                </div> <!-- method-content -->
              </div> <!-- method -->
              <div class="method">
                <div class="method-content">
                  <a name="runScenario(&quot;Verify shortlife asset with addition amount and disposed amount&quot;, &quot;Login into Capium Application&quot;)">
                  </a> <!-- runScenario("Verify shortlife asset with addition amount and disposed amount", "Login into Capium Application") -->
                  <span class="method-name">runScenario</span>
                  <span class="parameters">("Verify shortlife asset with addition amount and disposed amount","Login into Capium Application")</span>
                  <div class="stack-trace">java.lang.AssertionError:  Failed: First Year Allowance at 100% should be enabled but is disabled
	at com.Capium.Utilites.HelperClass.validateCheckboxes(HelperClass.java:1232)
	at com.Capium.Actions.CapitalAllowancesActions.Assetacquisitiondate(CapitalAllowancesActions.java:247)
	at com.Capium.StepDefination.Capital_AllowancesStepDefination.select_asset_acquisition_date(Capital_AllowancesStepDefination.java:95)
	at .Select Asset acquisition date(file:///D:/CT%205.0/CorporationTax_5.0/src/test/resources/FeatureFiles/Capital_allowance.feature:543)

</div> <!-- stack-trace -->
                  <em>
(Runs Cucumber Scenarios)                  </em>
                </div> <!-- method-content -->
              </div> <!-- method -->
              <div class="method">
                <div class="method-content">
                  <a name="runScenario(&quot;Verify structure and buildings asset with WDV b/fwd amount and restriction amount&quot;, &quot;Login into Cap...)">
                  </a> <!-- runScenario("Verify structure and buildings asset with WDV b/fwd amount and restriction amount", "Login into Cap...) -->
                  <span class="method-name">runScenario</span>
                  <span class="parameters">("Verify structure and buildings asset with WDV b/fwd amount and restriction amount","Login into Capium Application")</span>
                  <div class="stack-trace">java.lang.AssertionError:  Failed: Asset is a Car should be enabled but is disabled
	at com.Capium.Utilites.HelperClass.validateCheckboxes(HelperClass.java:1232)
	at com.Capium.Actions.CapitalAllowancesActions.Assetacquisitiondate(CapitalAllowancesActions.java:247)
	at com.Capium.StepDefination.Capital_AllowancesStepDefination.select_asset_acquisition_date(Capital_AllowancesStepDefination.java:95)
	at .Select Asset acquisition date(file:///D:/CT%205.0/CorporationTax_5.0/src/test/resources/FeatureFiles/Capital_allowance.feature:830)

</div> <!-- stack-trace -->
                  <em>
(Runs Cucumber Scenarios)                  </em>
                </div> <!-- method-content -->
              </div> <!-- method -->
              <div class="method">
                <div class="method-content">
                  <a name="runScenario(&quot;Verify ZERO EMISSION CARS  with addition amount&quot;, &quot;Login into Capium Application&quot;)">
                  </a> <!-- runScenario("Verify ZERO EMISSION CARS  with addition amount", "Login into Capium Application") -->
                  <span class="method-name">runScenario</span>
                  <span class="parameters">("Verify ZERO EMISSION CARS  with addition amount","Login into Capium Application")</span>
                  <div class="stack-trace">java.lang.AssertionError:  Failed: Asset is a Car should be enabled but is disabled
	at com.Capium.Utilites.HelperClass.validateCheckboxes(HelperClass.java:1232)
	at com.Capium.Actions.CapitalAllowancesActions.Assetacquisitiondate(CapitalAllowancesActions.java:247)
	at com.Capium.StepDefination.Capital_AllowancesStepDefination.select_asset_acquisition_date(Capital_AllowancesStepDefination.java:95)
	at .Select Asset acquisition date(file:///D:/CT%205.0/CorporationTax_5.0/src/test/resources/FeatureFiles/Capital_allowance.feature:1068)

</div> <!-- stack-trace -->
                  <em>
(Runs Cucumber Scenarios)                  </em>
                </div> <!-- method-content -->
              </div> <!-- method -->
              <div class="method">
                <div class="method-content">
                  <a name="runScenario(&quot;Verify SpecialRate asset with WDV b/fwd amount&quot;, &quot;Login into Capium Application&quot;)">
                  </a> <!-- runScenario("Verify SpecialRate asset with WDV b/fwd amount", "Login into Capium Application") -->
                  <span class="method-name">runScenario</span>
                  <span class="parameters">("Verify SpecialRate asset with WDV b/fwd amount","Login into Capium Application")</span>
                  <div class="stack-trace">java.lang.AssertionError:  Failed: First Year Allowance at 100% should be enabled but is disabled
	at com.Capium.Utilites.HelperClass.validateCheckboxes(HelperClass.java:1232)
	at com.Capium.Actions.CapitalAllowancesActions.Assetacquisitiondate(CapitalAllowancesActions.java:247)
	at com.Capium.StepDefination.Capital_AllowancesStepDefination.select_asset_acquisition_date(Capital_AllowancesStepDefination.java:95)
	at .Select Asset acquisition date(file:///D:/CT%205.0/CorporationTax_5.0/src/test/resources/FeatureFiles/Capital_allowance.feature:595)

</div> <!-- stack-trace -->
                  <em>
(Runs Cucumber Scenarios)                  </em>
                </div> <!-- method-content -->
              </div> <!-- method -->
              <div class="method">
                <div class="method-content">
                  <a name="runScenario(&quot;Verify Main pool asset with addition amount and superdeduction&quot;, &quot;Login into Capium Application&quot;)">
                  </a> <!-- runScenario("Verify Main pool asset with addition amount and superdeduction", "Login into Capium Application") -->
                  <span class="method-name">runScenario</span>
                  <span class="parameters">("Verify Main pool asset with addition amount and superdeduction","Login into Capium Application")</span>
                  <div class="stack-trace">org.openqa.selenium.TimeoutException: Expected condition failed: waiting for element to be clickable: Proxy element for: DefaultElementLocator &apos;By.xpath: //a[contains(text(),&apos;CT-13&apos;)]&apos; (tried for 10 second(s) with 500 milliseconds interval)
	at org.openqa.selenium.support.ui.WebDriverWait.timeoutException(WebDriverWait.java:84)
	at org.openqa.selenium.support.ui.FluentWait.until(FluentWait.java:228)
	at com.Capium.Utilites.HelperClass.waitUntilVisible(HelperClass.java:105)
	at com.Capium.Actions.CapitalAllowancesActions.CT600_Return3(CapitalAllowancesActions.java:1978)
	at com.Capium.StepDefination.Capital_AllowancesStepDefination.select_ct600_return3(Capital_AllowancesStepDefination.java:1293)
	at .Select CT600 Return3(file:///D:/CT%205.0/CorporationTax_5.0/src/test/resources/FeatureFiles/Capital_allowance.feature:439)
Caused by: org.openqa.selenium.NoSuchElementException: no such element: Unable to locate element: {&quot;method&quot;:&quot;xpath&quot;,&quot;selector&quot;:&quot;//a[contains(text(),&apos;CT-13&apos;)]&quot;}
  (Session info: chrome=142.0.7444.163)
For documentation on this error, please visit: https://www.selenium.dev/documentation/webdriver/troubleshooting/errors#no-such-element-exception
Build info: version: &apos;4.23.0&apos;, revision: &apos;4df0a231af&apos;
System info: os.name: &apos;Windows 11&apos;, os.arch: &apos;amd64&apos;, os.version: &apos;10.0&apos;, java.version: &apos;17.0.12&apos;
Driver info: org.openqa.selenium.chrome.ChromeDriver
Command: [0b71346594a4166763a6644eebc6266a, findElement {value=//a[contains(text(),&apos;CT-13&apos;)], using=xpath}]
Capabilities {acceptInsecureCerts: false, browserName: chrome, browserVersion: 142.0.7444.163, chrome: {chromedriverVersion: 142.0.7444.175 (302067f14a4..., userDataDir: C:\Users\user\AppData\Local...}, fedcm:accounts: true, goog:chromeOptions: {debuggerAddress: localhost:53257}, goog:processID: 20332, networkConnectionEnabled: false, pageLoadStrategy: normal, platformName: windows, proxy: Proxy(), se:cdp: ws://localhost:53257/devtoo..., se:cdpVersion: 142.0.7444.163, setWindowRect: true, strictFileInteractability: false, timeouts: {implicit: 0, pageLoad: 300000, script: 30000}, unhandledPromptBehavior: dismiss and notify, webauthn:extension:credBlob: true, webauthn:extension:largeBlob: true, webauthn:extension:minPinLength: true, webauthn:extension:prf: true, webauthn:virtualAuthenticators: true}
Session ID: 0b71346594a4166763a6644eebc6266a
	at org.openqa.selenium.remote.ErrorCodec.decode(ErrorCodec.java:167)
	at org.openqa.selenium.remote.codec.w3c.W3CHttpResponseCodec.decode(W3CHttpResponseCodec.java:138)
	at org.openqa.selenium.remote.codec.w3c.W3CHttpResponseCodec.decode(W3CHttpResponseCodec.java:50)
	at org.openqa.selenium.remote.HttpCommandExecutor.execute(HttpCommandExecutor.java:190)
	at org.openqa.selenium.remote.service.DriverCommandExecutor.invokeExecute(DriverCommandExecutor.java:216)
	at org.openqa.selenium.remote.service.DriverCommandExecutor.execute(DriverCommandExecutor.java:174)
	at org.openqa.selenium.remote.RemoteWebDriver.execute(RemoteWebDriver.java:527)
	at org.openqa.selenium.remote.ElementLocation$ElementFinder$2.findElement(ElementLocation.java:165)
	at org.openqa.selenium.remote.ElementLocation.findElement(ElementLocation.java:59)
	at org.openqa.selenium.remote.RemoteWebDriver.findElement(RemoteWebDriver.java:357)
	at org.openqa.selenium.remote.RemoteWebDriver.findElement(RemoteWebDriver.java:351)
	at org.openqa.selenium.support.pagefactory.DefaultElementLocator.findElement(DefaultElementLocator.java:68)
	at org.openqa.selenium.support.pagefactory.internal.LocatingElementHandler.invoke(LocatingElementHandler.java:38)
	at jdk.proxy2/jdk.proxy2.$Proxy33.isDisplayed(Unknown Source)
	at org.openqa.selenium.support.ui.ExpectedConditions.elementIfVisible(ExpectedConditions.java:304)
	at org.openqa.selenium.support.ui.ExpectedConditions$10.apply(ExpectedConditions.java:290)
	at org.openqa.selenium.support.ui.ExpectedConditions$10.apply(ExpectedConditions.java:287)
	at org.openqa.selenium.support.ui.ExpectedConditions$23.apply(ExpectedConditions.java:656)
	at org.openqa.selenium.support.ui.ExpectedConditions$23.apply(ExpectedConditions.java:652)
	at org.openqa.selenium.support.ui.FluentWait.until(FluentWait.java:203)
	at com.Capium.Utilites.HelperClass.waitUntilVisible(HelperClass.java:105)
	at com.Capium.Actions.CapitalAllowancesActions.CT600_Return3(CapitalAllowancesActions.java:1978)
	at com.Capium.StepDefination.Capital_AllowancesStepDefination.select_ct600_return3(Capital_AllowancesStepDefination.java:1293)
	at io.cucumber.java.Invoker.doInvoke(Invoker.java:66)
	at io.cucumber.java.Invoker.invoke(Invoker.java:24)
	at io.cucumber.java.AbstractGlueDefinition.invokeMethod(AbstractGlueDefinition.java:47)
	at io.cucumber.java.JavaStepDefinition.execute(JavaStepDefinition.java:29)
	at io.cucumber.core.runner.CoreStepDefinition.execute(CoreStepDefinition.java:66)
	at io.cucumber.core.runner.PickleStepDefinitionMatch.runStep(PickleStepDefinitionMatch.java:63)
	at io.cucumber.core.runner.ExecutionMode$1.execute(ExecutionMode.java:10)
	at io.cucumber.core.runner.TestStep.executeStep(TestStep.java:81)
	at io.cucumber.core.runner.TestStep.run(TestStep.java:53)
	at io.cucumber.core.runner.PickleStepTestStep.run(PickleStepTestStep.java:51)
	at io.cucumber.core.runner.TestCase.run(TestCase.java:84)
	at io.cucumber.core.runner.Runner.runPickle(Runner.java:75)
	at io.cucumber.testng.TestNGCucumberRunner.lambda$runScenario$1(TestNGCucumberRunner.java:132)
	at io.cucumber.core.runtime.CucumberExecutionContext.lambda$runTestCase$5(CucumberExecutionContext.java:136)
	at io.cucumber.core.runtime.RethrowingThrowableCollector.executeAndThrow(RethrowingThrowableCollector.java:23)
	at io.cucumber.core.runtime.CucumberExecutionContext.runTestCase(CucumberExecutionContext.java:136)
	at io.cucumber.testng.TestNGCucumberRunner.runScenario(TestNGCucumberRunner.java:129)
	at io.cucumber.testng.AbstractTestNGCucumberTests.runScenario(AbstractTestNGCucumberTests.java:35)
	at java.base/java.util.ArrayList.forEach(ArrayList.java:1511)
... Removed 35 stack frames
</div> <!-- stack-trace -->
                  <em>
(Runs Cucumber Scenarios)                  </em>
                </div> <!-- method-content -->
              </div> <!-- method -->
              <div class="method">
                <div class="method-content">
                  <a name="runScenario(&quot;Verify enterpise zone and allowances with addition amount&quot;, &quot;Login into Capium Application&quot;)">
                  </a> <!-- runScenario("Verify enterpise zone and allowances with addition amount", "Login into Capium Application") -->
                  <span class="method-name">runScenario</span>
                  <span class="parameters">("Verify enterpise zone and allowances with addition amount","Login into Capium Application")</span>
                  <div class="stack-trace">java.lang.AssertionError:  Failed: Asset is a Car should be enabled but is disabled
	at com.Capium.Utilites.HelperClass.validateCheckboxes(HelperClass.java:1232)
	at com.Capium.Actions.CapitalAllowancesActions.Assetacquisitiondate(CapitalAllowancesActions.java:247)
	at com.Capium.StepDefination.Capital_AllowancesStepDefination.select_asset_acquisition_date(Capital_AllowancesStepDefination.java:95)
	at .Select Asset acquisition date(file:///D:/CT%205.0/CorporationTax_5.0/src/test/resources/FeatureFiles/Capital_allowance.feature:967)

</div> <!-- stack-trace -->
                  <em>
(Runs Cucumber Scenarios)                  </em>
                </div> <!-- method-content -->
              </div> <!-- method -->
              <div class="method">
                <div class="method-content">
                  <a name="runScenario(&quot;Verify DESIGNATED ENHANCED ALLOWANCE with addition amount  at first year allowance at 100 percent&quot;,...)">
                  </a> <!-- runScenario("Verify DESIGNATED ENHANCED ALLOWANCE with addition amount  at first year allowance at 100 percent",...) -->
                  <span class="method-name">runScenario</span>
                  <span class="parameters">("Verify DESIGNATED ENHANCED ALLOWANCE with addition amount  at first year allowance at 100 percent","Login into Capium Application")</span>
                  <div class="stack-trace">java.lang.RuntimeException: Client &apos;vijith&apos; not clickable within timeout
	at com.Capium.Actions.CapitalAllowancesActions.Client(CapitalAllowancesActions.java:110)
	at com.Capium.StepDefination.Capital_AllowancesStepDefination.select_particular_client(Capital_AllowancesStepDefination.java:33)
	at .Select particular client(file:///D:/CT%205.0/CorporationTax_5.0/src/test/resources/FeatureFiles/Capital_allowance.feature:1112)
Caused by: org.openqa.selenium.TimeoutException: Expected condition failed: waiting for element to be clickable: By.xpath: //td[contains(@class,&apos;mat-mdc-cell&apos;)]//a[normalize-space()=&apos;vijith&apos;] (tried for 20 second(s) with 500 milliseconds interval)
Build info: version: &apos;4.23.0&apos;, revision: &apos;4df0a231af&apos;
System info: os.name: &apos;Windows 11&apos;, os.arch: &apos;amd64&apos;, os.version: &apos;10.0&apos;, java.version: &apos;17.0.12&apos;
Driver info: org.openqa.selenium.chrome.ChromeDriver
Capabilities {acceptInsecureCerts: false, browserName: chrome, browserVersion: 142.0.7444.163, chrome: {chromedriverVersion: 142.0.7444.175 (302067f14a4..., userDataDir: C:\Users\user\AppData\Local...}, fedcm:accounts: true, goog:chromeOptions: {debuggerAddress: localhost:64723}, goog:processID: 21188, networkConnectionEnabled: false, pageLoadStrategy: normal, platformName: windows, proxy: Proxy(), se:cdp: ws://localhost:64723/devtoo..., se:cdpVersion: 142.0.7444.163, setWindowRect: true, strictFileInteractability: false, timeouts: {implicit: 0, pageLoad: 300000, script: 30000}, unhandledPromptBehavior: dismiss and notify, webauthn:extension:credBlob: true, webauthn:extension:largeBlob: true, webauthn:extension:minPinLength: true, webauthn:extension:prf: true, webauthn:virtualAuthenticators: true}
Session ID: 1b96eea673326456e5659451f5a6cddc
	at org.openqa.selenium.support.ui.WebDriverWait.timeoutException(WebDriverWait.java:84)
	at org.openqa.selenium.support.ui.FluentWait.until(FluentWait.java:228)
	at com.Capium.Actions.CapitalAllowancesActions.Client(CapitalAllowancesActions.java:102)
	at com.Capium.StepDefination.Capital_AllowancesStepDefination.select_particular_client(Capital_AllowancesStepDefination.java:33)
	at io.cucumber.java.Invoker.doInvoke(Invoker.java:66)
	at io.cucumber.java.Invoker.invoke(Invoker.java:24)
	at io.cucumber.java.AbstractGlueDefinition.invokeMethod(AbstractGlueDefinition.java:47)
	at io.cucumber.java.JavaStepDefinition.execute(JavaStepDefinition.java:29)
	at io.cucumber.core.runner.CoreStepDefinition.execute(CoreStepDefinition.java:66)
	at io.cucumber.core.runner.PickleStepDefinitionMatch.runStep(PickleStepDefinitionMatch.java:63)
	at io.cucumber.core.runner.ExecutionMode$1.execute(ExecutionMode.java:10)
	at io.cucumber.core.runner.TestStep.executeStep(TestStep.java:81)
	at io.cucumber.core.runner.TestStep.run(TestStep.java:53)
	at io.cucumber.core.runner.PickleStepTestStep.run(PickleStepTestStep.java:51)
	at io.cucumber.core.runner.TestCase.run(TestCase.java:84)
	at io.cucumber.core.runner.Runner.runPickle(Runner.java:75)
	at io.cucumber.testng.TestNGCucumberRunner.lambda$runScenario$1(TestNGCucumberRunner.java:132)
	at io.cucumber.core.runtime.CucumberExecutionContext.lambda$runTestCase$5(CucumberExecutionContext.java:136)
	at io.cucumber.core.runtime.RethrowingThrowableCollector.executeAndThrow(RethrowingThrowableCollector.java:23)
	at io.cucumber.core.runtime.CucumberExecutionContext.runTestCase(CucumberExecutionContext.java:136)
	at io.cucumber.testng.TestNGCucumberRunner.runScenario(TestNGCucumberRunner.java:129)
	at io.cucumber.testng.AbstractTestNGCucumberTests.runScenario(AbstractTestNGCucumberTests.java:35)
	at java.base/java.util.ArrayList.forEach(ArrayList.java:1511)
... Removed 29 stack frames
</div> <!-- stack-trace -->
                  <em>
(Runs Cucumber Scenarios)                  </em>
                </div> <!-- method-content -->
              </div> <!-- method -->
            </div> <!-- main-panel-content rounded-window-bottom -->
          </div> <!-- suite-Suite-class-failed -->
          <div class="suite-Suite-class-failed">
            <div class="main-panel-header rounded-window-top">
              <img src="failed.png"/>
              <span class="class-name">com.Capium.RunnerFiles.ManageRunner</span>
            </div> <!-- main-panel-header rounded-window-top -->
            <div class="main-panel-content rounded-window-bottom">
              <div class="method">
                <div class="method-content">
                  <a name="runScenario(&quot;Verify user export as print&quot;, &quot;Login into Capium Application&quot;)">
                  </a> <!-- runScenario("Verify user export as print", "Login into Capium Application") -->
                  <span class="method-name">runScenario</span>
                  <span class="parameters">("Verify user export as print","Login into Capium Application")</span>
                  <div class="stack-trace">org.openqa.selenium.TimeoutException: Expected condition failed: waiting for element to be clickable: Proxy element for: DefaultElementLocator &apos;By.xpath: //input[@id=&apos;mat-checkbox-8-input&apos;]/parent::span&apos; (tried for 10 second(s) with 500 milliseconds interval)
	at org.openqa.selenium.support.ui.WebDriverWait.timeoutException(WebDriverWait.java:84)
	at org.openqa.selenium.support.ui.FluentWait.until(FluentWait.java:228)
	at com.Capium.Utilites.HelperClass.waitUntilVisible(HelperClass.java:105)
	at com.Capium.Actions.ManageActions.Clickoncheckbox(ManageActions.java:788)
	at com.Capium.StepDefination.ManagesStepdefinations.click_on_checkbox_of_specific_user(ManagesStepdefinations.java:131)
	at .Click on checkbox of specific user(file:///D:/CT%205.0/CorporationTax_5.0/src/test/resources/FeatureFiles/Manage.feature:185)
Caused by: org.openqa.selenium.NoSuchElementException: no such element: Unable to locate element: {&quot;method&quot;:&quot;xpath&quot;,&quot;selector&quot;:&quot;//input[@id=&apos;mat-checkbox-8-input&apos;]/parent::span&quot;}
  (Session info: chrome=142.0.7444.163)
For documentation on this error, please visit: https://www.selenium.dev/documentation/webdriver/troubleshooting/errors#no-such-element-exception
Build info: version: &apos;4.23.0&apos;, revision: &apos;4df0a231af&apos;
System info: os.name: &apos;Windows 11&apos;, os.arch: &apos;amd64&apos;, os.version: &apos;10.0&apos;, java.version: &apos;17.0.12&apos;
Driver info: org.openqa.selenium.chrome.ChromeDriver
Command: [4947cf7a9d857234a8dabb727654dd9d, findElement {value=//input[@id=&apos;mat-checkbox-8-input&apos;]/parent::span, using=xpath}]
Capabilities {acceptInsecureCerts: false, browserName: chrome, browserVersion: 142.0.7444.163, chrome: {chromedriverVersion: 142.0.7444.175 (302067f14a4..., userDataDir: C:\Users\user\AppData\Local...}, fedcm:accounts: true, goog:chromeOptions: {debuggerAddress: localhost:61571}, goog:processID: 7784, networkConnectionEnabled: false, pageLoadStrategy: normal, platformName: windows, proxy: Proxy(), se:cdp: ws://localhost:61571/devtoo..., se:cdpVersion: 142.0.7444.163, setWindowRect: true, strictFileInteractability: false, timeouts: {implicit: 0, pageLoad: 300000, script: 30000}, unhandledPromptBehavior: dismiss and notify, webauthn:extension:credBlob: true, webauthn:extension:largeBlob: true, webauthn:extension:minPinLength: true, webauthn:extension:prf: true, webauthn:virtualAuthenticators: true}
Session ID: 4947cf7a9d857234a8dabb727654dd9d
	at org.openqa.selenium.remote.ErrorCodec.decode(ErrorCodec.java:167)
	at org.openqa.selenium.remote.codec.w3c.W3CHttpResponseCodec.decode(W3CHttpResponseCodec.java:138)
	at org.openqa.selenium.remote.codec.w3c.W3CHttpResponseCodec.decode(W3CHttpResponseCodec.java:50)
	at org.openqa.selenium.remote.HttpCommandExecutor.execute(HttpCommandExecutor.java:190)
	at org.openqa.selenium.remote.service.DriverCommandExecutor.invokeExecute(DriverCommandExecutor.java:216)
	at org.openqa.selenium.remote.service.DriverCommandExecutor.execute(DriverCommandExecutor.java:174)
	at org.openqa.selenium.remote.RemoteWebDriver.execute(RemoteWebDriver.java:527)
	at org.openqa.selenium.remote.ElementLocation$ElementFinder$2.findElement(ElementLocation.java:165)
	at org.openqa.selenium.remote.ElementLocation.findElement(ElementLocation.java:59)
	at org.openqa.selenium.remote.RemoteWebDriver.findElement(RemoteWebDriver.java:357)
	at org.openqa.selenium.remote.RemoteWebDriver.findElement(RemoteWebDriver.java:351)
	at org.openqa.selenium.support.pagefactory.DefaultElementLocator.findElement(DefaultElementLocator.java:68)
	at org.openqa.selenium.support.pagefactory.internal.LocatingElementHandler.invoke(LocatingElementHandler.java:38)
	at jdk.proxy2/jdk.proxy2.$Proxy33.isDisplayed(Unknown Source)
	at org.openqa.selenium.support.ui.ExpectedConditions.elementIfVisible(ExpectedConditions.java:304)
	at org.openqa.selenium.support.ui.ExpectedConditions$10.apply(ExpectedConditions.java:290)
	at org.openqa.selenium.support.ui.ExpectedConditions$10.apply(ExpectedConditions.java:287)
	at org.openqa.selenium.support.ui.ExpectedConditions$23.apply(ExpectedConditions.java:656)
	at org.openqa.selenium.support.ui.ExpectedConditions$23.apply(ExpectedConditions.java:652)
	at org.openqa.selenium.support.ui.FluentWait.until(FluentWait.java:203)
	at com.Capium.Utilites.HelperClass.waitUntilVisible(HelperClass.java:105)
	at com.Capium.Actions.ManageActions.Clickoncheckbox(ManageActions.java:788)
	at com.Capium.StepDefination.ManagesStepdefinations.click_on_checkbox_of_specific_user(ManagesStepdefinations.java:131)
	at io.cucumber.java.Invoker.doInvoke(Invoker.java:66)
	at io.cucumber.java.Invoker.invoke(Invoker.java:24)
	at io.cucumber.java.AbstractGlueDefinition.invokeMethod(AbstractGlueDefinition.java:47)
	at io.cucumber.java.JavaStepDefinition.execute(JavaStepDefinition.java:29)
	at io.cucumber.core.runner.CoreStepDefinition.execute(CoreStepDefinition.java:66)
	at io.cucumber.core.runner.PickleStepDefinitionMatch.runStep(PickleStepDefinitionMatch.java:63)
	at io.cucumber.core.runner.ExecutionMode$1.execute(ExecutionMode.java:10)
	at io.cucumber.core.runner.TestStep.executeStep(TestStep.java:81)
	at io.cucumber.core.runner.TestStep.run(TestStep.java:53)
	at io.cucumber.core.runner.PickleStepTestStep.run(PickleStepTestStep.java:51)
	at io.cucumber.core.runner.TestCase.run(TestCase.java:84)
	at io.cucumber.core.runner.Runner.runPickle(Runner.java:75)
	at io.cucumber.testng.TestNGCucumberRunner.lambda$runScenario$1(TestNGCucumberRunner.java:132)
	at io.cucumber.core.runtime.CucumberExecutionContext.lambda$runTestCase$5(CucumberExecutionContext.java:136)
	at io.cucumber.core.runtime.RethrowingThrowableCollector.executeAndThrow(RethrowingThrowableCollector.java:23)
	at io.cucumber.core.runtime.CucumberExecutionContext.runTestCase(CucumberExecutionContext.java:136)
	at io.cucumber.testng.TestNGCucumberRunner.runScenario(TestNGCucumberRunner.java:129)
	at io.cucumber.testng.AbstractTestNGCucumberTests.runScenario(AbstractTestNGCucumberTests.java:35)
	at java.base/java.util.ArrayList.forEach(ArrayList.java:1511)
... Removed 34 stack frames
</div> <!-- stack-trace -->
                  <em>
(Runs Cucumber Scenarios)                  </em>
                </div> <!-- method-content -->
              </div> <!-- method -->
              <div class="method">
                <div class="method-content">
                  <a name="runScenario(&quot;creating a Manager and using save and invitebutton&quot;, &quot;Login into Capium Application&quot;)">
                  </a> <!-- runScenario("creating a Manager and using save and invitebutton", "Login into Capium Application") -->
                  <span class="method-name">runScenario</span>
                  <span class="parameters">("creating a Manager and using save and invitebutton","Login into Capium Application")</span>
                  <div class="stack-trace">java.lang.RuntimeException: Failed to navigate to New Eco after retries
	at com.Capium.Actions.LoginActions.NavigateToModule(LoginActions.java:625)
	at com.Capium.StepDefination.LoginStepDefination.redirect_to_corporation_tax_five_point_zero(LoginStepDefination.java:100)
	at .redirect to Corporation tax five point zero(file:///D:/CT%205.0/CorporationTax_5.0/src/test/resources/FeatureFiles/Manage.feature:7)

</div> <!-- stack-trace -->
                  <em>
(Runs Cucumber Scenarios)                  </em>
                </div> <!-- method-content -->
              </div> <!-- method -->
              <div class="method">
                <div class="method-content">
                  <a name="runScenario(&quot;Verify view RadioButton in edit permissions&quot;, &quot;Login into Capium Application&quot;)">
                  </a> <!-- runScenario("Verify view RadioButton in edit permissions", "Login into Capium Application") -->
                  <span class="method-name">runScenario</span>
                  <span class="parameters">("Verify view RadioButton in edit permissions","Login into Capium Application")</span>
                  <div class="stack-trace">org.openqa.selenium.NoSuchElementException: no such element: Unable to locate element: {&quot;method&quot;:&quot;xpath&quot;,&quot;selector&quot;:&quot;(//span[@class=&quot;mat-radio-outer-circle&quot;])[5]&quot;}
  (Session info: chrome=142.0.7444.163)
For documentation on this error, please visit: https://www.selenium.dev/documentation/webdriver/troubleshooting/errors#no-such-element-exception
Build info: version: &apos;4.23.0&apos;, revision: &apos;4df0a231af&apos;
System info: os.name: &apos;Windows 11&apos;, os.arch: &apos;amd64&apos;, os.version: &apos;10.0&apos;, java.version: &apos;17.0.12&apos;
Driver info: org.openqa.selenium.chrome.ChromeDriver
Command: [cc6e84f47c501b9a8b3bb95352a44b28, findElement {value=(//span[@class=&quot;mat-radio-outer-circle&quot;])[5], using=xpath}]
Capabilities {acceptInsecureCerts: false, browserName: chrome, browserVersion: 142.0.7444.163, chrome: {chromedriverVersion: 142.0.7444.175 (302067f14a4..., userDataDir: C:\Users\user\AppData\Local...}, fedcm:accounts: true, goog:chromeOptions: {debuggerAddress: localhost:60973}, goog:processID: 10548, networkConnectionEnabled: false, pageLoadStrategy: normal, platformName: windows, proxy: Proxy(), se:cdp: ws://localhost:60973/devtoo..., se:cdpVersion: 142.0.7444.163, setWindowRect: true, strictFileInteractability: false, timeouts: {implicit: 0, pageLoad: 300000, script: 30000}, unhandledPromptBehavior: dismiss and notify, webauthn:extension:credBlob: true, webauthn:extension:largeBlob: true, webauthn:extension:minPinLength: true, webauthn:extension:prf: true, webauthn:virtualAuthenticators: true}
Session ID: cc6e84f47c501b9a8b3bb95352a44b28
	at org.openqa.selenium.remote.ErrorCodec.decode(ErrorCodec.java:167)
	at org.openqa.selenium.remote.codec.w3c.W3CHttpResponseCodec.decode(W3CHttpResponseCodec.java:138)
	at org.openqa.selenium.remote.codec.w3c.W3CHttpResponseCodec.decode(W3CHttpResponseCodec.java:50)
	at org.openqa.selenium.remote.HttpCommandExecutor.execute(HttpCommandExecutor.java:190)
	at org.openqa.selenium.remote.service.DriverCommandExecutor.invokeExecute(DriverCommandExecutor.java:216)
	at org.openqa.selenium.remote.service.DriverCommandExecutor.execute(DriverCommandExecutor.java:174)
	at org.openqa.selenium.remote.RemoteWebDriver.execute(RemoteWebDriver.java:527)
	at org.openqa.selenium.remote.ElementLocation$ElementFinder$2.findElement(ElementLocation.java:165)
	at org.openqa.selenium.remote.ElementLocation.findElement(ElementLocation.java:59)
	at org.openqa.selenium.remote.RemoteWebDriver.findElement(RemoteWebDriver.java:357)
	at org.openqa.selenium.remote.RemoteWebDriver.findElement(RemoteWebDriver.java:351)
	at org.openqa.selenium.support.pagefactory.DefaultElementLocator.findElement(DefaultElementLocator.java:68)
	at org.openqa.selenium.support.pagefactory.internal.LocatingElementHandler.invoke(LocatingElementHandler.java:38)
	at jdk.proxy2/jdk.proxy2.$Proxy33.click(Unknown Source)
	at com.Capium.Actions.ManageActions.ViewRadioButtonIneditPermissions(ManageActions.java:1085)
	at com.Capium.StepDefination.ManagesStepdefinations.click_on_view_radio_button_of_taxreturn(ManagesStepdefinations.java:300)
	at .Click on View RadioButton Of Taxreturn(file:///D:/CT%205.0/CorporationTax_5.0/src/test/resources/FeatureFiles/Manage.feature:334)
... Removed 4 stack frames
</div> <!-- stack-trace -->
                  <em>
(Runs Cucumber Scenarios)                  </em>
                </div> <!-- method-content -->
              </div> <!-- method -->
              <div class="method">
                <div class="method-content">
                  <a name="runScenario(&quot;creating a Manager and using save and invitebutton&quot;, &quot;Login into Capium Application&quot;)">
                  </a> <!-- runScenario("creating a Manager and using save and invitebutton", "Login into Capium Application") -->
                  <span class="method-name">runScenario</span>
                  <span class="parameters">("creating a Manager and using save and invitebutton","Login into Capium Application")</span>
                  <div class="stack-trace">java.lang.RuntimeException: Unexpected error while clicking Manage: Expected condition failed: waiting for element to be clickable: By.xpath: //span[normalize-space()=&apos;Manage&apos;] (tried for 20 second(s) with 500 milliseconds interval)
Build info: version: &apos;4.23.0&apos;, revision: &apos;4df0a231af&apos;
System info: os.name: &apos;Windows 11&apos;, os.arch: &apos;amd64&apos;, os.version: &apos;10.0&apos;, java.version: &apos;17.0.12&apos;
Driver info: org.openqa.selenium.chrome.ChromeDriver
Capabilities {acceptInsecureCerts: false, browserName: chrome, browserVersion: 142.0.7444.163, chrome: {chromedriverVersion: 142.0.7444.175 (302067f14a4..., userDataDir: C:\Users\user\AppData\Local...}, fedcm:accounts: true, goog:chromeOptions: {debuggerAddress: localhost:51415}, goog:processID: 17228, networkConnectionEnabled: false, pageLoadStrategy: normal, platformName: windows, proxy: Proxy(), se:cdp: ws://localhost:51415/devtoo..., se:cdpVersion: 142.0.7444.163, setWindowRect: true, strictFileInteractability: false, timeouts: {implicit: 0, pageLoad: 300000, script: 30000}, unhandledPromptBehavior: dismiss and notify, webauthn:extension:credBlob: true, webauthn:extension:largeBlob: true, webauthn:extension:minPinLength: true, webauthn:extension:prf: true, webauthn:virtualAuthenticators: true}
Session ID: 3f54744f8b0390b1d59c5cb1cd5a4f6a
	at com.Capium.Actions.ManageActions.verifyandselectmanage(ManageActions.java:58)
	at com.Capium.StepDefination.ManagesStepdefinations.click_on_manage_dashboard(ManagesStepdefinations.java:20)
	at .Click on ManageDashboard(file:///D:/CT%205.0/CorporationTax_5.0/src/test/resources/FeatureFiles/Manage.feature:72)
Caused by: org.openqa.selenium.TimeoutException: Expected condition failed: waiting for element to be clickable: By.xpath: //span[normalize-space()=&apos;Manage&apos;] (tried for 20 second(s) with 500 milliseconds interval)
Build info: version: &apos;4.23.0&apos;, revision: &apos;4df0a231af&apos;
System info: os.name: &apos;Windows 11&apos;, os.arch: &apos;amd64&apos;, os.version: &apos;10.0&apos;, java.version: &apos;17.0.12&apos;
Driver info: org.openqa.selenium.chrome.ChromeDriver
Capabilities {acceptInsecureCerts: false, browserName: chrome, browserVersion: 142.0.7444.163, chrome: {chromedriverVersion: 142.0.7444.175 (302067f14a4..., userDataDir: C:\Users\user\AppData\Local...}, fedcm:accounts: true, goog:chromeOptions: {debuggerAddress: localhost:51415}, goog:processID: 17228, networkConnectionEnabled: false, pageLoadStrategy: normal, platformName: windows, proxy: Proxy(), se:cdp: ws://localhost:51415/devtoo..., se:cdpVersion: 142.0.7444.163, setWindowRect: true, strictFileInteractability: false, timeouts: {implicit: 0, pageLoad: 300000, script: 30000}, unhandledPromptBehavior: dismiss and notify, webauthn:extension:credBlob: true, webauthn:extension:largeBlob: true, webauthn:extension:minPinLength: true, webauthn:extension:prf: true, webauthn:virtualAuthenticators: true}
Session ID: 3f54744f8b0390b1d59c5cb1cd5a4f6a
	at org.openqa.selenium.support.ui.WebDriverWait.timeoutException(WebDriverWait.java:84)
	at org.openqa.selenium.support.ui.FluentWait.until(FluentWait.java:228)
	at com.Capium.Actions.ManageActions.verifyandselectmanage(ManageActions.java:50)
	at com.Capium.StepDefination.ManagesStepdefinations.click_on_manage_dashboard(ManagesStepdefinations.java:20)
	at io.cucumber.java.Invoker.doInvoke(Invoker.java:66)
	at io.cucumber.java.Invoker.invoke(Invoker.java:24)
	at io.cucumber.java.AbstractGlueDefinition.invokeMethod(AbstractGlueDefinition.java:47)
	at io.cucumber.java.JavaStepDefinition.execute(JavaStepDefinition.java:29)
	at io.cucumber.core.runner.CoreStepDefinition.execute(CoreStepDefinition.java:66)
	at io.cucumber.core.runner.PickleStepDefinitionMatch.runStep(PickleStepDefinitionMatch.java:63)
	at io.cucumber.core.runner.ExecutionMode$1.execute(ExecutionMode.java:10)
	at io.cucumber.core.runner.TestStep.executeStep(TestStep.java:81)
	at io.cucumber.core.runner.TestStep.run(TestStep.java:53)
	at io.cucumber.core.runner.PickleStepTestStep.run(PickleStepTestStep.java:51)
	at io.cucumber.core.runner.TestCase.run(TestCase.java:84)
	at io.cucumber.core.runner.Runner.runPickle(Runner.java:75)
	at io.cucumber.testng.TestNGCucumberRunner.lambda$runScenario$1(TestNGCucumberRunner.java:132)
	at io.cucumber.core.runtime.CucumberExecutionContext.lambda$runTestCase$5(CucumberExecutionContext.java:136)
	at io.cucumber.core.runtime.RethrowingThrowableCollector.executeAndThrow(RethrowingThrowableCollector.java:23)
	at io.cucumber.core.runtime.CucumberExecutionContext.runTestCase(CucumberExecutionContext.java:136)
	at io.cucumber.testng.TestNGCucumberRunner.runScenario(TestNGCucumberRunner.java:129)
	at io.cucumber.testng.AbstractTestNGCucumberTests.runScenario(AbstractTestNGCucumberTests.java:35)
	at java.base/java.util.ArrayList.forEach(ArrayList.java:1511)
... Removed 30 stack frames
</div> <!-- stack-trace -->
                  <em>
(Runs Cucumber Scenarios)                  </em>
                </div> <!-- method-content -->
              </div> <!-- method -->
              <div class="method">
                <div class="method-content">
                  <a name="runScenario(&quot;Verify delete option functionality in add users tab&quot;, &quot;Login into Capium Application&quot;)">
                  </a> <!-- runScenario("Verify delete option functionality in add users tab", "Login into Capium Application") -->
                  <span class="method-name">runScenario</span>
                  <span class="parameters">("Verify delete option functionality in add users tab","Login into Capium Application")</span>
                  <div class="stack-trace">java.lang.RuntimeException: Unexpected error while clicking Manage: Expected condition failed: waiting for element to be clickable: By.xpath: //span[normalize-space()=&apos;Manage&apos;] (tried for 20 second(s) with 500 milliseconds interval)
Build info: version: &apos;4.23.0&apos;, revision: &apos;4df0a231af&apos;
System info: os.name: &apos;Windows 11&apos;, os.arch: &apos;amd64&apos;, os.version: &apos;10.0&apos;, java.version: &apos;17.0.12&apos;
Driver info: org.openqa.selenium.chrome.ChromeDriver
Capabilities {acceptInsecureCerts: false, browserName: chrome, browserVersion: 142.0.7444.163, chrome: {chromedriverVersion: 142.0.7444.175 (302067f14a4..., userDataDir: C:\Users\user\AppData\Local...}, fedcm:accounts: true, goog:chromeOptions: {debuggerAddress: localhost:57008}, goog:processID: 21132, networkConnectionEnabled: false, pageLoadStrategy: normal, platformName: windows, proxy: Proxy(), se:cdp: ws://localhost:57008/devtoo..., se:cdpVersion: 142.0.7444.163, setWindowRect: true, strictFileInteractability: false, timeouts: {implicit: 0, pageLoad: 300000, script: 30000}, unhandledPromptBehavior: dismiss and notify, webauthn:extension:credBlob: true, webauthn:extension:largeBlob: true, webauthn:extension:minPinLength: true, webauthn:extension:prf: true, webauthn:virtualAuthenticators: true}
Session ID: a13634d39e00f331441a5ab47b3516b3
	at com.Capium.Actions.ManageActions.verifyandselectmanage(ManageActions.java:58)
	at com.Capium.StepDefination.ManagesStepdefinations.click_on_manage_dashboard(ManagesStepdefinations.java:20)
	at .Click on ManageDashboard(file:///D:/CT%205.0/CorporationTax_5.0/src/test/resources/FeatureFiles/Manage.feature:154)
Caused by: org.openqa.selenium.TimeoutException: Expected condition failed: waiting for element to be clickable: By.xpath: //span[normalize-space()=&apos;Manage&apos;] (tried for 20 second(s) with 500 milliseconds interval)
Build info: version: &apos;4.23.0&apos;, revision: &apos;4df0a231af&apos;
System info: os.name: &apos;Windows 11&apos;, os.arch: &apos;amd64&apos;, os.version: &apos;10.0&apos;, java.version: &apos;17.0.12&apos;
Driver info: org.openqa.selenium.chrome.ChromeDriver
Capabilities {acceptInsecureCerts: false, browserName: chrome, browserVersion: 142.0.7444.163, chrome: {chromedriverVersion: 142.0.7444.175 (302067f14a4..., userDataDir: C:\Users\user\AppData\Local...}, fedcm:accounts: true, goog:chromeOptions: {debuggerAddress: localhost:57008}, goog:processID: 21132, networkConnectionEnabled: false, pageLoadStrategy: normal, platformName: windows, proxy: Proxy(), se:cdp: ws://localhost:57008/devtoo..., se:cdpVersion: 142.0.7444.163, setWindowRect: true, strictFileInteractability: false, timeouts: {implicit: 0, pageLoad: 300000, script: 30000}, unhandledPromptBehavior: dismiss and notify, webauthn:extension:credBlob: true, webauthn:extension:largeBlob: true, webauthn:extension:minPinLength: true, webauthn:extension:prf: true, webauthn:virtualAuthenticators: true}
Session ID: a13634d39e00f331441a5ab47b3516b3
	at org.openqa.selenium.support.ui.WebDriverWait.timeoutException(WebDriverWait.java:84)
	at org.openqa.selenium.support.ui.FluentWait.until(FluentWait.java:228)
	at com.Capium.Actions.ManageActions.verifyandselectmanage(ManageActions.java:50)
	at com.Capium.StepDefination.ManagesStepdefinations.click_on_manage_dashboard(ManagesStepdefinations.java:20)
	at io.cucumber.java.Invoker.doInvoke(Invoker.java:66)
	at io.cucumber.java.Invoker.invoke(Invoker.java:24)
	at io.cucumber.java.AbstractGlueDefinition.invokeMethod(AbstractGlueDefinition.java:47)
	at io.cucumber.java.JavaStepDefinition.execute(JavaStepDefinition.java:29)
	at io.cucumber.core.runner.CoreStepDefinition.execute(CoreStepDefinition.java:66)
	at io.cucumber.core.runner.PickleStepDefinitionMatch.runStep(PickleStepDefinitionMatch.java:63)
	at io.cucumber.core.runner.ExecutionMode$1.execute(ExecutionMode.java:10)
	at io.cucumber.core.runner.TestStep.executeStep(TestStep.java:81)
	at io.cucumber.core.runner.TestStep.run(TestStep.java:53)
	at io.cucumber.core.runner.PickleStepTestStep.run(PickleStepTestStep.java:51)
	at io.cucumber.core.runner.TestCase.run(TestCase.java:84)
	at io.cucumber.core.runner.Runner.runPickle(Runner.java:75)
	at io.cucumber.testng.TestNGCucumberRunner.lambda$runScenario$1(TestNGCucumberRunner.java:132)
	at io.cucumber.core.runtime.CucumberExecutionContext.lambda$runTestCase$5(CucumberExecutionContext.java:136)
	at io.cucumber.core.runtime.RethrowingThrowableCollector.executeAndThrow(RethrowingThrowableCollector.java:23)
	at io.cucumber.core.runtime.CucumberExecutionContext.runTestCase(CucumberExecutionContext.java:136)
	at io.cucumber.testng.TestNGCucumberRunner.runScenario(TestNGCucumberRunner.java:129)
	at io.cucumber.testng.AbstractTestNGCucumberTests.runScenario(AbstractTestNGCucumberTests.java:35)
	at java.base/java.util.ArrayList.forEach(ArrayList.java:1511)
... Removed 30 stack frames
</div> <!-- stack-trace -->
                  <em>
(Runs Cucumber Scenarios)                  </em>
                </div> <!-- method-content -->
              </div> <!-- method -->
              <div class="method">
                <div class="method-content">
                  <a name="runScenario(&quot;Verify view RadioButton and save button in edit permissions&quot;, &quot;Login into Capium Application&quot;)">
                  </a> <!-- runScenario("Verify view RadioButton and save button in edit permissions", "Login into Capium Application") -->
                  <span class="method-name">runScenario</span>
                  <span class="parameters">("Verify view RadioButton and save button in edit permissions","Login into Capium Application")</span>
                  <div class="stack-trace">org.openqa.selenium.NoSuchElementException: no such element: Unable to locate element: {&quot;method&quot;:&quot;xpath&quot;,&quot;selector&quot;:&quot;(//span[@class=&quot;mat-radio-outer-circle&quot;])[5]&quot;}
  (Session info: chrome=142.0.7444.163)
For documentation on this error, please visit: https://www.selenium.dev/documentation/webdriver/troubleshooting/errors#no-such-element-exception
Build info: version: &apos;4.23.0&apos;, revision: &apos;4df0a231af&apos;
System info: os.name: &apos;Windows 11&apos;, os.arch: &apos;amd64&apos;, os.version: &apos;10.0&apos;, java.version: &apos;17.0.12&apos;
Driver info: org.openqa.selenium.chrome.ChromeDriver
Command: [8af32be7976a02bfcd2f7ce7dadb7212, findElement {value=(//span[@class=&quot;mat-radio-outer-circle&quot;])[5], using=xpath}]
Capabilities {acceptInsecureCerts: false, browserName: chrome, browserVersion: 142.0.7444.163, chrome: {chromedriverVersion: 142.0.7444.175 (302067f14a4..., userDataDir: C:\Users\user\AppData\Local...}, fedcm:accounts: true, goog:chromeOptions: {debuggerAddress: localhost:64794}, goog:processID: 20552, networkConnectionEnabled: false, pageLoadStrategy: normal, platformName: windows, proxy: Proxy(), se:cdp: ws://localhost:64794/devtoo..., se:cdpVersion: 142.0.7444.163, setWindowRect: true, strictFileInteractability: false, timeouts: {implicit: 0, pageLoad: 300000, script: 30000}, unhandledPromptBehavior: dismiss and notify, webauthn:extension:credBlob: true, webauthn:extension:largeBlob: true, webauthn:extension:minPinLength: true, webauthn:extension:prf: true, webauthn:virtualAuthenticators: true}
Session ID: 8af32be7976a02bfcd2f7ce7dadb7212
	at org.openqa.selenium.remote.ErrorCodec.decode(ErrorCodec.java:167)
	at org.openqa.selenium.remote.codec.w3c.W3CHttpResponseCodec.decode(W3CHttpResponseCodec.java:138)
	at org.openqa.selenium.remote.codec.w3c.W3CHttpResponseCodec.decode(W3CHttpResponseCodec.java:50)
	at org.openqa.selenium.remote.HttpCommandExecutor.execute(HttpCommandExecutor.java:190)
	at org.openqa.selenium.remote.service.DriverCommandExecutor.invokeExecute(DriverCommandExecutor.java:216)
	at org.openqa.selenium.remote.service.DriverCommandExecutor.execute(DriverCommandExecutor.java:174)
	at org.openqa.selenium.remote.RemoteWebDriver.execute(RemoteWebDriver.java:527)
	at org.openqa.selenium.remote.ElementLocation$ElementFinder$2.findElement(ElementLocation.java:165)
	at org.openqa.selenium.remote.ElementLocation.findElement(ElementLocation.java:59)
	at org.openqa.selenium.remote.RemoteWebDriver.findElement(RemoteWebDriver.java:357)
	at org.openqa.selenium.remote.RemoteWebDriver.findElement(RemoteWebDriver.java:351)
	at org.openqa.selenium.support.pagefactory.DefaultElementLocator.findElement(DefaultElementLocator.java:68)
	at org.openqa.selenium.support.pagefactory.internal.LocatingElementHandler.invoke(LocatingElementHandler.java:38)
	at jdk.proxy2/jdk.proxy2.$Proxy33.click(Unknown Source)
	at com.Capium.Actions.ManageActions.ViewRadioButtonIneditPermissions(ManageActions.java:1085)
	at com.Capium.StepDefination.ManagesStepdefinations.click_on_view_radio_button_of_taxreturn(ManagesStepdefinations.java:300)
	at .Click on View RadioButton Of Taxreturn(file:///D:/CT%205.0/CorporationTax_5.0/src/test/resources/FeatureFiles/Manage.feature:342)
... Removed 4 stack frames
</div> <!-- stack-trace -->
                  <em>
(Runs Cucumber Scenarios)                  </em>
                </div> <!-- method-content -->
              </div> <!-- method -->
              <div class="method">
                <div class="method-content">
                  <a name="runScenario(&quot;user  assigns clients&quot;, &quot;Login into Capium Application&quot;)">
                  </a> <!-- runScenario("user  assigns clients", "Login into Capium Application") -->
                  <span class="method-name">runScenario</span>
                  <span class="parameters">("user  assigns clients","Login into Capium Application")</span>
                  <div class="stack-trace">org.openqa.selenium.TimeoutException: Expected condition failed: waiting for element to be clickable: Proxy element for: DefaultElementLocator &apos;By.xpath: //span[@class=&apos;mat-checkbox-inner-container mat-checkbox-inner-container-no-side-margin&apos;][parent::label[@for=&apos;mat-checkbox-15-input&apos;]]&apos; (tried for 10 second(s) with 500 milliseconds interval)
	at org.openqa.selenium.support.ui.WebDriverWait.timeoutException(WebDriverWait.java:84)
	at org.openqa.selenium.support.ui.FluentWait.until(FluentWait.java:228)
	at com.Capium.Utilites.HelperClass.waitUntilVisible(HelperClass.java:105)
	at com.Capium.Actions.ManageActions.clickoncheckbox(ManageActions.java:723)
	at com.Capium.StepDefination.ManagesStepdefinations.click_on_id_checkbox(ManagesStepdefinations.java:96)
	at .Click on id checkbox(file:///D:/CT%205.0/CorporationTax_5.0/src/test/resources/FeatureFiles/Manage.feature:108)
Caused by: org.openqa.selenium.NoSuchElementException: no such element: Unable to locate element: {&quot;method&quot;:&quot;xpath&quot;,&quot;selector&quot;:&quot;//span[@class=&apos;mat-checkbox-inner-container mat-checkbox-inner-container-no-side-margin&apos;][parent::label[@for=&apos;mat-checkbox-15-input&apos;]]&quot;}
  (Session info: chrome=142.0.7444.163)
For documentation on this error, please visit: https://www.selenium.dev/documentation/webdriver/troubleshooting/errors#no-such-element-exception
Build info: version: &apos;4.23.0&apos;, revision: &apos;4df0a231af&apos;
System info: os.name: &apos;Windows 11&apos;, os.arch: &apos;amd64&apos;, os.version: &apos;10.0&apos;, java.version: &apos;17.0.12&apos;
Driver info: org.openqa.selenium.chrome.ChromeDriver
Command: [bf6cafd54ce5ef047d3c12d0ba3882cb, findElement {value=//span[@class=&apos;mat-checkbox-inner-container mat-checkbox-inner-container-no-side-margin&apos;][parent::label[@for=&apos;mat-checkbox-15-input&apos;]], using=xpath}]
Capabilities {acceptInsecureCerts: false, browserName: chrome, browserVersion: 142.0.7444.163, chrome: {chromedriverVersion: 142.0.7444.175 (302067f14a4..., userDataDir: C:\Users\user\AppData\Local...}, fedcm:accounts: true, goog:chromeOptions: {debuggerAddress: localhost:61817}, goog:processID: 18256, networkConnectionEnabled: false, pageLoadStrategy: normal, platformName: windows, proxy: Proxy(), se:cdp: ws://localhost:61817/devtoo..., se:cdpVersion: 142.0.7444.163, setWindowRect: true, strictFileInteractability: false, timeouts: {implicit: 0, pageLoad: 300000, script: 30000}, unhandledPromptBehavior: dismiss and notify, webauthn:extension:credBlob: true, webauthn:extension:largeBlob: true, webauthn:extension:minPinLength: true, webauthn:extension:prf: true, webauthn:virtualAuthenticators: true}
Session ID: bf6cafd54ce5ef047d3c12d0ba3882cb
	at org.openqa.selenium.remote.ErrorCodec.decode(ErrorCodec.java:167)
	at org.openqa.selenium.remote.codec.w3c.W3CHttpResponseCodec.decode(W3CHttpResponseCodec.java:138)
	at org.openqa.selenium.remote.codec.w3c.W3CHttpResponseCodec.decode(W3CHttpResponseCodec.java:50)
	at org.openqa.selenium.remote.HttpCommandExecutor.execute(HttpCommandExecutor.java:190)
	at org.openqa.selenium.remote.service.DriverCommandExecutor.invokeExecute(DriverCommandExecutor.java:216)
	at org.openqa.selenium.remote.service.DriverCommandExecutor.execute(DriverCommandExecutor.java:174)
	at org.openqa.selenium.remote.RemoteWebDriver.execute(RemoteWebDriver.java:527)
	at org.openqa.selenium.remote.ElementLocation$ElementFinder$2.findElement(ElementLocation.java:165)
	at org.openqa.selenium.remote.ElementLocation.findElement(ElementLocation.java:59)
	at org.openqa.selenium.remote.RemoteWebDriver.findElement(RemoteWebDriver.java:357)
	at org.openqa.selenium.remote.RemoteWebDriver.findElement(RemoteWebDriver.java:351)
	at org.openqa.selenium.support.pagefactory.DefaultElementLocator.findElement(DefaultElementLocator.java:68)
	at org.openqa.selenium.support.pagefactory.internal.LocatingElementHandler.invoke(LocatingElementHandler.java:38)
	at jdk.proxy2/jdk.proxy2.$Proxy33.isDisplayed(Unknown Source)
	at org.openqa.selenium.support.ui.ExpectedConditions.elementIfVisible(ExpectedConditions.java:304)
	at org.openqa.selenium.support.ui.ExpectedConditions$10.apply(ExpectedConditions.java:290)
	at org.openqa.selenium.support.ui.ExpectedConditions$10.apply(ExpectedConditions.java:287)
	at org.openqa.selenium.support.ui.ExpectedConditions$23.apply(ExpectedConditions.java:656)
	at org.openqa.selenium.support.ui.ExpectedConditions$23.apply(ExpectedConditions.java:652)
	at org.openqa.selenium.support.ui.FluentWait.until(FluentWait.java:203)
	at com.Capium.Utilites.HelperClass.waitUntilVisible(HelperClass.java:105)
	at com.Capium.Actions.ManageActions.clickoncheckbox(ManageActions.java:723)
	at com.Capium.StepDefination.ManagesStepdefinations.click_on_id_checkbox(ManagesStepdefinations.java:96)
	at io.cucumber.java.Invoker.doInvoke(Invoker.java:66)
	at io.cucumber.java.Invoker.invoke(Invoker.java:24)
	at io.cucumber.java.AbstractGlueDefinition.invokeMethod(AbstractGlueDefinition.java:47)
	at io.cucumber.java.JavaStepDefinition.execute(JavaStepDefinition.java:29)
	at io.cucumber.core.runner.CoreStepDefinition.execute(CoreStepDefinition.java:66)
	at io.cucumber.core.runner.PickleStepDefinitionMatch.runStep(PickleStepDefinitionMatch.java:63)
	at io.cucumber.core.runner.ExecutionMode$1.execute(ExecutionMode.java:10)
	at io.cucumber.core.runner.TestStep.executeStep(TestStep.java:81)
	at io.cucumber.core.runner.TestStep.run(TestStep.java:53)
	at io.cucumber.core.runner.PickleStepTestStep.run(PickleStepTestStep.java:51)
	at io.cucumber.core.runner.TestCase.run(TestCase.java:84)
	at io.cucumber.core.runner.Runner.runPickle(Runner.java:75)
	at io.cucumber.testng.TestNGCucumberRunner.lambda$runScenario$1(TestNGCucumberRunner.java:132)
	at io.cucumber.core.runtime.CucumberExecutionContext.lambda$runTestCase$5(CucumberExecutionContext.java:136)
	at io.cucumber.core.runtime.RethrowingThrowableCollector.executeAndThrow(RethrowingThrowableCollector.java:23)
	at io.cucumber.core.runtime.CucumberExecutionContext.runTestCase(CucumberExecutionContext.java:136)
	at io.cucumber.testng.TestNGCucumberRunner.runScenario(TestNGCucumberRunner.java:129)
	at io.cucumber.testng.AbstractTestNGCucumberTests.runScenario(AbstractTestNGCucumberTests.java:35)
	at java.base/java.util.ArrayList.forEach(ArrayList.java:1511)
... Removed 34 stack frames
</div> <!-- stack-trace -->
                  <em>
(Runs Cucumber Scenarios)                  </em>
                </div> <!-- method-content -->
              </div> <!-- method -->
              <div class="method">
                <div class="method-content">
                  <a name="runScenario(&quot;Verify Reset to Default in edit permissions&quot;, &quot;Login into Capium Application&quot;)">
                  </a> <!-- runScenario("Verify Reset to Default in edit permissions", "Login into Capium Application") -->
                  <span class="method-name">runScenario</span>
                  <span class="parameters">("Verify Reset to Default in edit permissions","Login into Capium Application")</span>
                  <div class="stack-trace">org.openqa.selenium.NoSuchElementException: no such element: Unable to locate element: {&quot;method&quot;:&quot;xpath&quot;,&quot;selector&quot;:&quot;(//span[@class=&quot;mat-radio-outer-circle&quot;])[5]&quot;}
  (Session info: chrome=142.0.7444.163)
For documentation on this error, please visit: https://www.selenium.dev/documentation/webdriver/troubleshooting/errors#no-such-element-exception
Build info: version: &apos;4.23.0&apos;, revision: &apos;4df0a231af&apos;
System info: os.name: &apos;Windows 11&apos;, os.arch: &apos;amd64&apos;, os.version: &apos;10.0&apos;, java.version: &apos;17.0.12&apos;
Driver info: org.openqa.selenium.chrome.ChromeDriver
Command: [3067d29144f09b67cd3fbfe6c5197292, findElement {value=(//span[@class=&quot;mat-radio-outer-circle&quot;])[5], using=xpath}]
Capabilities {acceptInsecureCerts: false, browserName: chrome, browserVersion: 142.0.7444.163, chrome: {chromedriverVersion: 142.0.7444.175 (302067f14a4..., userDataDir: C:\Users\user\AppData\Local...}, fedcm:accounts: true, goog:chromeOptions: {debuggerAddress: localhost:53850}, goog:processID: 5704, networkConnectionEnabled: false, pageLoadStrategy: normal, platformName: windows, proxy: Proxy(), se:cdp: ws://localhost:53850/devtoo..., se:cdpVersion: 142.0.7444.163, setWindowRect: true, strictFileInteractability: false, timeouts: {implicit: 0, pageLoad: 300000, script: 30000}, unhandledPromptBehavior: dismiss and notify, webauthn:extension:credBlob: true, webauthn:extension:largeBlob: true, webauthn:extension:minPinLength: true, webauthn:extension:prf: true, webauthn:virtualAuthenticators: true}
Session ID: 3067d29144f09b67cd3fbfe6c5197292
	at org.openqa.selenium.remote.ErrorCodec.decode(ErrorCodec.java:167)
	at org.openqa.selenium.remote.codec.w3c.W3CHttpResponseCodec.decode(W3CHttpResponseCodec.java:138)
	at org.openqa.selenium.remote.codec.w3c.W3CHttpResponseCodec.decode(W3CHttpResponseCodec.java:50)
	at org.openqa.selenium.remote.HttpCommandExecutor.execute(HttpCommandExecutor.java:190)
	at org.openqa.selenium.remote.service.DriverCommandExecutor.invokeExecute(DriverCommandExecutor.java:216)
	at org.openqa.selenium.remote.service.DriverCommandExecutor.execute(DriverCommandExecutor.java:174)
	at org.openqa.selenium.remote.RemoteWebDriver.execute(RemoteWebDriver.java:527)
	at org.openqa.selenium.remote.ElementLocation$ElementFinder$2.findElement(ElementLocation.java:165)
	at org.openqa.selenium.remote.ElementLocation.findElement(ElementLocation.java:59)
	at org.openqa.selenium.remote.RemoteWebDriver.findElement(RemoteWebDriver.java:357)
	at org.openqa.selenium.remote.RemoteWebDriver.findElement(RemoteWebDriver.java:351)
	at org.openqa.selenium.support.pagefactory.DefaultElementLocator.findElement(DefaultElementLocator.java:68)
	at org.openqa.selenium.support.pagefactory.internal.LocatingElementHandler.invoke(LocatingElementHandler.java:38)
	at jdk.proxy2/jdk.proxy2.$Proxy33.click(Unknown Source)
	at com.Capium.Actions.ManageActions.ViewRadioButtonIneditPermissions(ManageActions.java:1085)
	at com.Capium.StepDefination.ManagesStepdefinations.click_on_view_radio_button_of_taxreturn(ManagesStepdefinations.java:300)
	at .Click on View RadioButton Of Taxreturn(file:///D:/CT%205.0/CorporationTax_5.0/src/test/resources/FeatureFiles/Manage.feature:366)
... Removed 4 stack frames
</div> <!-- stack-trace -->
                  <em>
(Runs Cucumber Scenarios)                  </em>
                </div> <!-- method-content -->
              </div> <!-- method -->
              <div class="method">
                <div class="method-content">
                  <a name="runScenario(&quot;Verify Status all dropdown&quot;, &quot;Login into Capium Application&quot;)">
                  </a> <!-- runScenario("Verify Status all dropdown", "Login into Capium Application") -->
                  <span class="method-name">runScenario</span>
                  <span class="parameters">("Verify Status all dropdown","Login into Capium Application")</span>
                  <div class="stack-trace">io.cucumber.testng.UndefinedStepException: The step &apos;click on active&apos; is undefined.
You can implement this step using the snippet(s) below:

@When(&quot;click on active&quot;)
public void click_on_active() {
    // Write code here that turns the phrase above into concrete actions
    throw new io.cucumber.java.PendingException();
}

	at io.cucumber.core.runtime.TestCaseResultObserver.assertTestCasePassed(TestCaseResultObserver.java:69)
	at io.cucumber.testng.TestCaseResultObserver.assertTestCasePassed(TestCaseResultObserver.java:23)
	at io.cucumber.testng.TestNGCucumberRunner.lambda$runScenario$1(TestNGCucumberRunner.java:133)
	at io.cucumber.core.runtime.CucumberExecutionContext.lambda$runTestCase$5(CucumberExecutionContext.java:136)
	at io.cucumber.core.runtime.RethrowingThrowableCollector.executeAndThrow(RethrowingThrowableCollector.java:23)
	at io.cucumber.core.runtime.CucumberExecutionContext.runTestCase(CucumberExecutionContext.java:136)
	at io.cucumber.testng.TestNGCucumberRunner.runScenario(TestNGCucumberRunner.java:129)
	at io.cucumber.testng.AbstractTestNGCucumberTests.runScenario(AbstractTestNGCucumberTests.java:35)
	at java.base/java.util.ArrayList.forEach(ArrayList.java:1511)
... Removed 26 stack frames
</div> <!-- stack-trace -->
                  <em>
(Runs Cucumber Scenarios)                  </em>
                </div> <!-- method-content -->
              </div> <!-- method -->
            </div> <!-- main-panel-content rounded-window-bottom -->
          </div> <!-- suite-Suite-class-failed -->
          <div class="suite-Suite-class-passed">
            <div class="main-panel-header rounded-window-top">
              <img src="passed.png"/>
              <span class="class-name">com.Capium.RunnerFiles.DashboardRunner</span>
            </div> <!-- main-panel-header rounded-window-top -->
            <div class="main-panel-content rounded-window-bottom">
              <div class="method">
                <div class="method-content">
                  <a name="runScenario(&quot;verifying the Cpaiumlogo&quot;, &quot;Verify Dashboard&quot;)">
                  </a> <!-- runScenario("verifying the Cpaiumlogo", "Verify Dashboard") -->
                  <span class="method-name">runScenario</span>
                  <span class="parameters">("verifying the Cpaiumlogo","Verify Dashboard")</span>
                  <em>
(Runs Cucumber Scenarios)                  </em>
                </div> <!-- method-content -->
              </div> <!-- method -->
            </div> <!-- main-panel-content rounded-window-bottom -->
          </div> <!-- suite-Suite-class-passed -->
          <div class="suite-Suite-class-passed">
            <div class="main-panel-header rounded-window-top">
              <img src="passed.png"/>
              <span class="class-name">com.Capium.RunnerFiles.CapitalAllowances_CalculatorRunner</span>
            </div> <!-- main-panel-header rounded-window-top -->
            <div class="main-panel-content rounded-window-bottom">
              <div class="method">
                <div class="method-content">
                  <a name="runScenario(&quot;Click on the created CT600 Return and navigate to Capital Allowances Calculator excess amount scree...)">
                  </a> <!-- runScenario("Click on the created CT600 Return and navigate to Capital Allowances Calculator excess amount scree...) -->
                  <span class="method-name">runScenario</span>
                  <span class="parameters">("Click on the created CT600 Return and navigate to Capital Allowances Calculator excess amount screen.","Login into Capium Application")</span>
                  <em>
(Runs Cucumber Scenarios)                  </em>
                </div> <!-- method-content -->
              </div> <!-- method -->
              <div class="method">
                <div class="method-content">
                  <a name="runScenario(&quot;Verify Main pool asset with WDV b/fwd amount&quot;, &quot;Login into Capium Application&quot;)">
                  </a> <!-- runScenario("Verify Main pool asset with WDV b/fwd amount", "Login into Capium Application") -->
                  <span class="method-name">runScenario</span>
                  <span class="parameters">("Verify Main pool asset with WDV b/fwd amount","Login into Capium Application")</span>
                  <em>
(Runs Cucumber Scenarios)                  </em>
                </div> <!-- method-content -->
              </div> <!-- method -->
              <div class="method">
                <div class="method-content">
                  <a name="runScenario(&quot;Verify Main pool asset with addition amount and restriction amount&quot;, &quot;Login into Capium Application...)">
                  </a> <!-- runScenario("Verify Main pool asset with addition amount and restriction amount", "Login into Capium Application...) -->
                  <span class="method-name">runScenario</span>
                  <span class="parameters">("Verify Main pool asset with addition amount and restriction amount","Login into Capium Application")</span>
                  <em>
(Runs Cucumber Scenarios)                  </em>
                </div> <!-- method-content -->
              </div> <!-- method -->
              <div class="method">
                <div class="method-content">
                  <a name="runScenario(&quot;Verify Main pool asset with WDV amount and disposed amount and business closed checkbox&quot;, &quot;Login in...)">
                  </a> <!-- runScenario("Verify Main pool asset with WDV amount and disposed amount and business closed checkbox", "Login in...) -->
                  <span class="method-name">runScenario</span>
                  <span class="parameters">("Verify Main pool asset with WDV amount and disposed amount and business closed checkbox","Login into Capium Application")</span>
                  <em>
(Runs Cucumber Scenarios)                  </em>
                </div> <!-- method-content -->
              </div> <!-- method -->
              <div class="method">
                <div class="method-content">
                  <a name="runScenario(&quot;Verify Main pool asset with WDV b/fwd amount by using save&quot;, &quot;Login into Capium Application&quot;)">
                  </a> <!-- runScenario("Verify Main pool asset with WDV b/fwd amount by using save", "Login into Capium Application") -->
                  <span class="method-name">runScenario</span>
                  <span class="parameters">("Verify Main pool asset with WDV b/fwd amount by using save","Login into Capium Application")</span>
                  <em>
(Runs Cucumber Scenarios)                  </em>
                </div> <!-- method-content -->
              </div> <!-- method -->
              <div class="method">
                <div class="method-content">
                  <a name="runScenario(&quot;Verify Main pool asset with WDV b/fwd amount&quot;, &quot;Login into Capium Application&quot;)">
                  </a> <!-- runScenario("Verify Main pool asset with WDV b/fwd amount", "Login into Capium Application") -->
                  <span class="method-name">runScenario</span>
                  <span class="parameters">("Verify Main pool asset with WDV b/fwd amount","Login into Capium Application")</span>
                  <em>
(Runs Cucumber Scenarios)                  </em>
                </div> <!-- method-content -->
              </div> <!-- method -->
              <div class="method">
                <div class="method-content">
                  <a name="runScenario(&quot;Verify Main pool asset with addition amount and  larger disposed amount&quot;, &quot;Login into Capium Applic...)">
                  </a> <!-- runScenario("Verify Main pool asset with addition amount and  larger disposed amount", "Login into Capium Applic...) -->
                  <span class="method-name">runScenario</span>
                  <span class="parameters">("Verify Main pool asset with addition amount and  larger disposed amount","Login into Capium Application")</span>
                  <em>
(Runs Cucumber Scenarios)                  </em>
                </div> <!-- method-content -->
              </div> <!-- method -->
              <div class="method">
                <div class="method-content">
                  <a name="runScenario(&quot;Verify Main pool asset with addition amount&quot;, &quot;Login into Capium Application&quot;)">
                  </a> <!-- runScenario("Verify Main pool asset with addition amount", "Login into Capium Application") -->
                  <span class="method-name">runScenario</span>
                  <span class="parameters">("Verify Main pool asset with addition amount","Login into Capium Application")</span>
                  <em>
(Runs Cucumber Scenarios)                  </em>
                </div> <!-- method-content -->
              </div> <!-- method -->
              <div class="method">
                <div class="method-content">
                  <a name="runScenario(&quot;Verify Main pool asset with addition amount with asset is car Between 75-130g/Km&quot;, &quot;Login into Capi...)">
                  </a> <!-- runScenario("Verify Main pool asset with addition amount with asset is car Between 75-130g/Km", "Login into Capi...) -->
                  <span class="method-name">runScenario</span>
                  <span class="parameters">("Verify Main pool asset with addition amount with asset is car Between 75-130g/Km","Login into Capium Application")</span>
                  <em>
(Runs Cucumber Scenarios)                  </em>
                </div> <!-- method-content -->
              </div> <!-- method -->
              <div class="method">
                <div class="method-content">
                  <a name="runScenario(&quot;Verify Main pool asset with WDV b/fwd amount by using cancel changes&quot;, &quot;Login into Capium Applicati...)">
                  </a> <!-- runScenario("Verify Main pool asset with WDV b/fwd amount by using cancel changes", "Login into Capium Applicati...) -->
                  <span class="method-name">runScenario</span>
                  <span class="parameters">("Verify Main pool asset with WDV b/fwd amount by using cancel changes","Login into Capium Application")</span>
                  <em>
(Runs Cucumber Scenarios)                  </em>
                </div> <!-- method-content -->
              </div> <!-- method -->
              <div class="method">
                <div class="method-content">
                  <a name="runScenario(&quot;Verify Main pool asset with addition amount&quot;, &quot;Login into Capium Application&quot;)">
                  </a> <!-- runScenario("Verify Main pool asset with addition amount", "Login into Capium Application") -->
                  <span class="method-name">runScenario</span>
                  <span class="parameters">("Verify Main pool asset with addition amount","Login into Capium Application")</span>
                  <em>
(Runs Cucumber Scenarios)                  </em>
                </div> <!-- method-content -->
              </div> <!-- method -->
              <div class="method">
                <div class="method-content">
                  <a name="runScenario(&quot;Verify kebab icon for capital allowance&quot;, &quot;Login into Capium Application&quot;)">
                  </a> <!-- runScenario("Verify kebab icon for capital allowance", "Login into Capium Application") -->
                  <span class="method-name">runScenario</span>
                  <span class="parameters">("Verify kebab icon for capital allowance","Login into Capium Application")</span>
                  <em>
(Runs Cucumber Scenarios)                  </em>
                </div> <!-- method-content -->
              </div> <!-- method -->
              <div class="method">
                <div class="method-content">
                  <a name="runScenario(&quot;Verify kebab icon for capital allowance&quot;, &quot;Login into Capium Application&quot;)">
                  </a> <!-- runScenario("Verify kebab icon for capital allowance", "Login into Capium Application") -->
                  <span class="method-name">runScenario</span>
                  <span class="parameters">("Verify kebab icon for capital allowance","Login into Capium Application")</span>
                  <em>
(Runs Cucumber Scenarios)                  </em>
                </div> <!-- method-content -->
              </div> <!-- method -->
            </div> <!-- main-panel-content rounded-window-bottom -->
          </div> <!-- suite-Suite-class-passed -->
          <div class="suite-Suite-class-passed">
            <div class="main-panel-header rounded-window-top">
              <img src="passed.png"/>
              <span class="class-name">com.Capium.RunnerFiles.ManageRunner</span>
            </div> <!-- main-panel-header rounded-window-top -->
            <div class="main-panel-content rounded-window-bottom">
              <div class="method">
                <div class="method-content">
                  <a name="runScenario(&quot;Expand attachments in Quick entry section to view its permissions in AddUsers tab&quot;, &quot;Login into Cap...)">
                  </a> <!-- runScenario("Expand attachments in Quick entry section to view its permissions in AddUsers tab", "Login into Cap...) -->
                  <span class="method-name">runScenario</span>
                  <span class="parameters">("Expand attachments in Quick entry section to view its permissions in AddUsers tab","Login into Capium Application")</span>
                  <em>
(Runs Cucumber Scenarios)                  </em>
                </div> <!-- method-content -->
              </div> <!-- method -->
              <div class="method">
                <div class="method-content">
                  <a name="runScenario(&quot;Verify CancelButton in edit permissions&quot;, &quot;Login into Capium Application&quot;)">
                  </a> <!-- runScenario("Verify CancelButton in edit permissions", "Login into Capium Application") -->
                  <span class="method-name">runScenario</span>
                  <span class="parameters">("Verify CancelButton in edit permissions","Login into Capium Application")</span>
                  <em>
(Runs Cucumber Scenarios)                  </em>
                </div> <!-- method-content -->
              </div> <!-- method -->
              <div class="method">
                <div class="method-content">
                  <a name="runScenario(&quot;Verify export to PDF using kebab icon&quot;, &quot;Login into Capium Application&quot;)">
                  </a> <!-- runScenario("Verify export to PDF using kebab icon", "Login into Capium Application") -->
                  <span class="method-name">runScenario</span>
                  <span class="parameters">("Verify export to PDF using kebab icon","Login into Capium Application")</span>
                  <em>
(Runs Cucumber Scenarios)                  </em>
                </div> <!-- method-content -->
              </div> <!-- method -->
              <div class="method">
                <div class="method-content">
                  <a name="runScenario(&quot;click on manage and verify all options&quot;, &quot;Login into Capium Application&quot;)">
                  </a> <!-- runScenario("click on manage and verify all options", "Login into Capium Application") -->
                  <span class="method-name">runScenario</span>
                  <span class="parameters">("click on manage and verify all options","Login into Capium Application")</span>
                  <em>
(Runs Cucumber Scenarios)                  </em>
                </div> <!-- method-content -->
              </div> <!-- method -->
              <div class="method">
                <div class="method-content">
                  <a name="runScenario(&quot;Verify CancelSelection functionality in Users tab&quot;, &quot;Login into Capium Application&quot;)">
                  </a> <!-- runScenario("Verify CancelSelection functionality in Users tab", "Login into Capium Application") -->
                  <span class="method-name">runScenario</span>
                  <span class="parameters">("Verify CancelSelection functionality in Users tab","Login into Capium Application")</span>
                  <em>
(Runs Cucumber Scenarios)                  </em>
                </div> <!-- method-content -->
              </div> <!-- method -->
              <div class="method">
                <div class="method-content">
                  <a name="runScenario(&quot;Expand Manage Arrow to view its permissions in AddUsers tab&quot;, &quot;Login into Capium Application&quot;)">
                  </a> <!-- runScenario("Expand Manage Arrow to view its permissions in AddUsers tab", "Login into Capium Application") -->
                  <span class="method-name">runScenario</span>
                  <span class="parameters">("Expand Manage Arrow to view its permissions in AddUsers tab","Login into Capium Application")</span>
                  <em>
(Runs Cucumber Scenarios)                  </em>
                </div> <!-- method-content -->
              </div> <!-- method -->
              <div class="method">
                <div class="method-content">
                  <a name="runScenario(&quot;Verify Cross button functionality in Users tab&quot;, &quot;Login into Capium Application&quot;)">
                  </a> <!-- runScenario("Verify Cross button functionality in Users tab", "Login into Capium Application") -->
                  <span class="method-name">runScenario</span>
                  <span class="parameters">("Verify Cross button functionality in Users tab","Login into Capium Application")</span>
                  <em>
(Runs Cucumber Scenarios)                  </em>
                </div> <!-- method-content -->
              </div> <!-- method -->
              <div class="method">
                <div class="method-content">
                  <a name="runScenario(&quot;Verify Close icon in edit permissions&quot;, &quot;Login into Capium Application&quot;)">
                  </a> <!-- runScenario("Verify Close icon in edit permissions", "Login into Capium Application") -->
                  <span class="method-name">runScenario</span>
                  <span class="parameters">("Verify Close icon in edit permissions","Login into Capium Application")</span>
                  <em>
(Runs Cucumber Scenarios)                  </em>
                </div> <!-- method-content -->
              </div> <!-- method -->
              <div class="method">
                <div class="method-content">
                  <a name="runScenario(&quot;Expand Reports in Quick entry section to view its permissions in AddUsers tab&quot;, &quot;Login into Capium ...)">
                  </a> <!-- runScenario("Expand Reports in Quick entry section to view its permissions in AddUsers tab", "Login into Capium ...) -->
                  <span class="method-name">runScenario</span>
                  <span class="parameters">("Expand Reports in Quick entry section to view its permissions in AddUsers tab","Login into Capium Application")</span>
                  <em>
(Runs Cucumber Scenarios)                  </em>
                </div> <!-- method-content -->
              </div> <!-- method -->
              <div class="method">
                <div class="method-content">
                  <a name="runScenario(&quot;creating a new user using save button&quot;, &quot;Login into Capium Application&quot;)">
                  </a> <!-- runScenario("creating a new user using save button", "Login into Capium Application") -->
                  <span class="method-name">runScenario</span>
                  <span class="parameters">("creating a new user using save button","Login into Capium Application")</span>
                  <em>
(Runs Cucumber Scenarios)                  </em>
                </div> <!-- method-content -->
              </div> <!-- method -->
              <div class="method">
                <div class="method-content">
                  <a name="runScenario(&quot;Verify Cross button functionality in AddUsers tab&quot;, &quot;Login into Capium Application&quot;)">
                  </a> <!-- runScenario("Verify Cross button functionality in AddUsers tab", "Login into Capium Application") -->
                  <span class="method-name">runScenario</span>
                  <span class="parameters">("Verify Cross button functionality in AddUsers tab","Login into Capium Application")</span>
                  <em>
(Runs Cucumber Scenarios)                  </em>
                </div> <!-- method-content -->
              </div> <!-- method -->
              <div class="method">
                <div class="method-content">
                  <a name="runScenario(&quot;Verify delete option functionality in add users tab&quot;, &quot;Login into Capium Application&quot;)">
                  </a> <!-- runScenario("Verify delete option functionality in add users tab", "Login into Capium Application") -->
                  <span class="method-name">runScenario</span>
                  <span class="parameters">("Verify delete option functionality in add users tab","Login into Capium Application")</span>
                  <em>
(Runs Cucumber Scenarios)                  </em>
                </div> <!-- method-content -->
              </div> <!-- method -->
              <div class="method">
                <div class="method-content">
                  <a name="runScenario(&quot;Expand Calculator in Quick entry section to view its permissions in AddUsers tab&quot;, &quot;Login into Capi...)">
                  </a> <!-- runScenario("Expand Calculator in Quick entry section to view its permissions in AddUsers tab", "Login into Capi...) -->
                  <span class="method-name">runScenario</span>
                  <span class="parameters">("Expand Calculator in Quick entry section to view its permissions in AddUsers tab","Login into Capium Application")</span>
                  <em>
(Runs Cucumber Scenarios)                  </em>
                </div> <!-- method-content -->
              </div> <!-- method -->
              <div class="method">
                <div class="method-content">
                  <a name="runScenario(&quot;Verify profile deletion functionality&quot;, &quot;Login into Capium Application&quot;)">
                  </a> <!-- runScenario("Verify profile deletion functionality", "Login into Capium Application") -->
                  <span class="method-name">runScenario</span>
                  <span class="parameters">("Verify profile deletion functionality","Login into Capium Application")</span>
                  <em>
(Runs Cucumber Scenarios)                  </em>
                </div> <!-- method-content -->
              </div> <!-- method -->
              <div class="method">
                <div class="method-content">
                  <a name="runScenario(&quot;Verify CancelSelection functionality in AddUsers tab&quot;, &quot;Login into Capium Application&quot;)">
                  </a> <!-- runScenario("Verify CancelSelection functionality in AddUsers tab", "Login into Capium Application") -->
                  <span class="method-name">runScenario</span>
                  <span class="parameters">("Verify CancelSelection functionality in AddUsers tab","Login into Capium Application")</span>
                  <em>
(Runs Cucumber Scenarios)                  </em>
                </div> <!-- method-content -->
              </div> <!-- method -->
              <div class="method">
                <div class="method-content">
                  <a name="runScenario(&quot;Verify search functionality&quot;, &quot;Login into Capium Application&quot;)">
                  </a> <!-- runScenario("Verify search functionality", "Login into Capium Application") -->
                  <span class="method-name">runScenario</span>
                  <span class="parameters">("Verify search functionality","Login into Capium Application")</span>
                  <em>
(Runs Cucumber Scenarios)                  </em>
                </div> <!-- method-content -->
              </div> <!-- method -->
              <div class="method">
                <div class="method-content">
                  <a name="runScenario(&quot;creating a new user and send an invite by using mandandatory fields&quot;, &quot;Login into Capium Applicatio...)">
                  </a> <!-- runScenario("creating a new user and send an invite by using mandandatory fields", "Login into Capium Applicatio...) -->
                  <span class="method-name">runScenario</span>
                  <span class="parameters">("creating a new user and send an invite by using mandandatory fields","Login into Capium Application")</span>
                  <em>
(Runs Cucumber Scenarios)                  </em>
                </div> <!-- method-content -->
              </div> <!-- method -->
              <div class="method">
                <div class="method-content">
                  <a name="runScenario(&quot;Expand tax return section to view its permissions in AddUsers tab&quot;, &quot;Login into Capium Application&quot;)">
                  </a> <!-- runScenario("Expand tax return section to view its permissions in AddUsers tab", "Login into Capium Application") -->
                  <span class="method-name">runScenario</span>
                  <span class="parameters">("Expand tax return section to view its permissions in AddUsers tab","Login into Capium Application")</span>
                  <em>
(Runs Cucumber Scenarios)                  </em>
                </div> <!-- method-content -->
              </div> <!-- method -->
              <div class="method">
                <div class="method-content">
                  <a name="runScenario(&quot;Expand Quick return section to view its permissions in AddUsers tab&quot;, &quot;Login into Capium Applicatio...)">
                  </a> <!-- runScenario("Expand Quick return section to view its permissions in AddUsers tab", "Login into Capium Applicatio...) -->
                  <span class="method-name">runScenario</span>
                  <span class="parameters">("Expand Quick return section to view its permissions in AddUsers tab","Login into Capium Application")</span>
                  <em>
(Runs Cucumber Scenarios)                  </em>
                </div> <!-- method-content -->
              </div> <!-- method -->
              <div class="method">
                <div class="method-content">
                  <a name="runScenario(&quot;Verify cancel changes button in Users&quot;, &quot;Login into Capium Application&quot;)">
                  </a> <!-- runScenario("Verify cancel changes button in Users", "Login into Capium Application") -->
                  <span class="method-name">runScenario</span>
                  <span class="parameters">("Verify cancel changes button in Users","Login into Capium Application")</span>
                  <em>
(Runs Cucumber Scenarios)                  </em>
                </div> <!-- method-content -->
              </div> <!-- method -->
              <div class="method">
                <div class="method-content">
                  <a name="runScenario(&quot;Verify delete option functionality in Users tab&quot;, &quot;Login into Capium Application&quot;)">
                  </a> <!-- runScenario("Verify delete option functionality in Users tab", "Login into Capium Application") -->
                  <span class="method-name">runScenario</span>
                  <span class="parameters">("Verify delete option functionality in Users tab","Login into Capium Application")</span>
                  <em>
(Runs Cucumber Scenarios)                  </em>
                </div> <!-- method-content -->
              </div> <!-- method -->
              <div class="method">
                <div class="method-content">
                  <a name="runScenario(&quot;creating a new user and using save and exit button&quot;, &quot;Login into Capium Application&quot;)">
                  </a> <!-- runScenario("creating a new user and using save and exit button", "Login into Capium Application") -->
                  <span class="method-name">runScenario</span>
                  <span class="parameters">("creating a new user and using save and exit button","Login into Capium Application")</span>
                  <em>
(Runs Cucumber Scenarios)                  </em>
                </div> <!-- method-content -->
              </div> <!-- method -->
              <div class="method">
                <div class="method-content">
                  <a name="runScenario(&quot;Verify ExportAsExcel option functionality in add users tab&quot;, &quot;Login into Capium Application&quot;)">
                  </a> <!-- runScenario("Verify ExportAsExcel option functionality in add users tab", "Login into Capium Application") -->
                  <span class="method-name">runScenario</span>
                  <span class="parameters">("Verify ExportAsExcel option functionality in add users tab","Login into Capium Application")</span>
                  <em>
(Runs Cucumber Scenarios)                  </em>
                </div> <!-- method-content -->
              </div> <!-- method -->
              <div class="method">
                <div class="method-content">
                  <a name="runScenario(&quot;Verify ExportAsExcel option functionality in Users tab&quot;, &quot;Login into Capium Application&quot;)">
                  </a> <!-- runScenario("Verify ExportAsExcel option functionality in Users tab", "Login into Capium Application") -->
                  <span class="method-name">runScenario</span>
                  <span class="parameters">("Verify ExportAsExcel option functionality in Users tab","Login into Capium Application")</span>
                  <em>
(Runs Cucumber Scenarios)                  </em>
                </div> <!-- method-content -->
              </div> <!-- method -->
              <div class="method">
                <div class="method-content">
                  <a name="runScenario(&quot;creating a RegularUser and using save and invitebutton&quot;, &quot;Login into Capium Application&quot;)">
                  </a> <!-- runScenario("creating a RegularUser and using save and invitebutton", "Login into Capium Application") -->
                  <span class="method-name">runScenario</span>
                  <span class="parameters">("creating a RegularUser and using save and invitebutton","Login into Capium Application")</span>
                  <em>
(Runs Cucumber Scenarios)                  </em>
                </div> <!-- method-content -->
              </div> <!-- method -->
              <div class="method">
                <div class="method-content">
                  <a name="runScenario(&quot;Verify ExportAsPDF option functionality in add users tab&quot;, &quot;Login into Capium Application&quot;)">
                  </a> <!-- runScenario("Verify ExportAsPDF option functionality in add users tab", "Login into Capium Application") -->
                  <span class="method-name">runScenario</span>
                  <span class="parameters">("Verify ExportAsPDF option functionality in add users tab","Login into Capium Application")</span>
                  <em>
(Runs Cucumber Scenarios)                  </em>
                </div> <!-- method-content -->
              </div> <!-- method -->
              <div class="method">
                <div class="method-content">
                  <a name="runScenario(&quot;Expand calculator Arrow to view its permissions in AddUsers tab&quot;, &quot;Login into Capium Application&quot;)">
                  </a> <!-- runScenario("Expand calculator Arrow to view its permissions in AddUsers tab", "Login into Capium Application") -->
                  <span class="method-name">runScenario</span>
                  <span class="parameters">("Expand calculator Arrow to view its permissions in AddUsers tab","Login into Capium Application")</span>
                  <em>
(Runs Cucumber Scenarios)                  </em>
                </div> <!-- method-content -->
              </div> <!-- method -->
              <div class="method">
                <div class="method-content">
                  <a name="runScenario(&quot;Verify Edit Permissions section to view its permissions in AddUsers tab&quot;, &quot;Login into Capium Applic...)">
                  </a> <!-- runScenario("Verify Edit Permissions section to view its permissions in AddUsers tab", "Login into Capium Applic...) -->
                  <span class="method-name">runScenario</span>
                  <span class="parameters">("Verify Edit Permissions section to view its permissions in AddUsers tab","Login into Capium Application")</span>
                  <em>
(Runs Cucumber Scenarios)                  </em>
                </div> <!-- method-content -->
              </div> <!-- method -->
              <div class="method">
                <div class="method-content">
                  <a name="runScenario(&quot;Verify ExportAsPDF option functionality in Users tab&quot;, &quot;Login into Capium Application&quot;)">
                  </a> <!-- runScenario("Verify ExportAsPDF option functionality in Users tab", "Login into Capium Application") -->
                  <span class="method-name">runScenario</span>
                  <span class="parameters">("Verify ExportAsPDF option functionality in Users tab","Login into Capium Application")</span>
                  <em>
(Runs Cucumber Scenarios)                  </em>
                </div> <!-- method-content -->
              </div> <!-- method -->
              <div class="method">
                <div class="method-content">
                  <a name="runScenario(&quot;Verify ExportAsCSV option functionality in Users tab&quot;, &quot;Login into Capium Application&quot;)">
                  </a> <!-- runScenario("Verify ExportAsCSV option functionality in Users tab", "Login into Capium Application") -->
                  <span class="method-name">runScenario</span>
                  <span class="parameters">("Verify ExportAsCSV option functionality in Users tab","Login into Capium Application")</span>
                  <em>
(Runs Cucumber Scenarios)                  </em>
                </div> <!-- method-content -->
              </div> <!-- method -->
              <div class="method">
                <div class="method-content">
                  <a name="runScenario(&quot;Verify CancelButton in edit permissions&quot;, &quot;Login into Capium Application&quot;)">
                  </a> <!-- runScenario("Verify CancelButton in edit permissions", "Login into Capium Application") -->
                  <span class="method-name">runScenario</span>
                  <span class="parameters">("Verify CancelButton in edit permissions","Login into Capium Application")</span>
                  <em>
(Runs Cucumber Scenarios)                  </em>
                </div> <!-- method-content -->
              </div> <!-- method -->
              <div class="method">
                <div class="method-content">
                  <a name="runScenario(&quot;Verify export to CSV using kebab icon&quot;, &quot;Login into Capium Application&quot;)">
                  </a> <!-- runScenario("Verify export to CSV using kebab icon", "Login into Capium Application") -->
                  <span class="method-name">runScenario</span>
                  <span class="parameters">("Verify export to CSV using kebab icon","Login into Capium Application")</span>
                  <em>
(Runs Cucumber Scenarios)                  </em>
                </div> <!-- method-content -->
              </div> <!-- method -->
              <div class="method">
                <div class="method-content">
                  <a name="runScenario(&quot;Verify export to excel using kebab icon&quot;, &quot;Login into Capium Application&quot;)">
                  </a> <!-- runScenario("Verify export to excel using kebab icon", "Login into Capium Application") -->
                  <span class="method-name">runScenario</span>
                  <span class="parameters">("Verify export to excel using kebab icon","Login into Capium Application")</span>
                  <em>
(Runs Cucumber Scenarios)                  </em>
                </div> <!-- method-content -->
              </div> <!-- method -->
              <div class="method">
                <div class="method-content">
                  <a name="runScenario(&quot;creating a new user and send an invite&quot;, &quot;Login into Capium Application&quot;)">
                  </a> <!-- runScenario("creating a new user and send an invite", "Login into Capium Application") -->
                  <span class="method-name">runScenario</span>
                  <span class="parameters">("creating a new user and send an invite","Login into Capium Application")</span>
                  <em>
(Runs Cucumber Scenarios)                  </em>
                </div> <!-- method-content -->
              </div> <!-- method -->
              <div class="method">
                <div class="method-content">
                  <a name="runScenario(&quot;Verify ExportAsCSV option functionality in add users tab&quot;, &quot;Login into Capium Application&quot;)">
                  </a> <!-- runScenario("Verify ExportAsCSV option functionality in add users tab", "Login into Capium Application") -->
                  <span class="method-name">runScenario</span>
                  <span class="parameters">("Verify ExportAsCSV option functionality in add users tab","Login into Capium Application")</span>
                  <em>
(Runs Cucumber Scenarios)                  </em>
                </div> <!-- method-content -->
              </div> <!-- method -->
              <div class="method">
                <div class="method-content">
                  <a name="runScenario(&quot;Verify profile uploading functionality&quot;, &quot;Login into Capium Application&quot;)">
                  </a> <!-- runScenario("Verify profile uploading functionality", "Login into Capium Application") -->
                  <span class="method-name">runScenario</span>
                  <span class="parameters">("Verify profile uploading functionality","Login into Capium Application")</span>
                  <em>
(Runs Cucumber Scenarios)                  </em>
                </div> <!-- method-content -->
              </div> <!-- method -->
            </div> <!-- main-panel-content rounded-window-bottom -->
          </div> <!-- suite-Suite-class-passed -->
        </div> <!-- panel Suite -->
        <div panel-name="test-xml-Suite" class="panel">
          <div class="main-panel-header rounded-window-top">
            <span class="header-content">D:\CT 5.0\CorporationTax_5.0\testng.xml</span>
          </div> <!-- main-panel-header rounded-window-top -->
          <div class="main-panel-content rounded-window-bottom">
            <pre>
&lt;?xml version=&quot;1.0&quot; encoding=&quot;UTF-8&quot;?&gt;
&lt;!DOCTYPE suite SYSTEM &quot;https://testng.org/testng-1.0.dtd&quot;&gt;
&lt;suite name=&quot;Suite&quot; guice-stage=&quot;DEVELOPMENT&quot;&gt;
  &lt;test thread-count=&quot;5&quot; name=&quot;Test&quot;&gt;
    &lt;classes&gt;
      &lt;class name=&quot;com.Capium.RunnerFiles.CapitalAllowances_CalculatorRunner&quot;/&gt;
      &lt;class name=&quot;com.Capium.RunnerFiles.DashboardRunner&quot;/&gt;
      &lt;class name=&quot;com.Capium.RunnerFiles.ManageRunner&quot;/&gt;
    &lt;/classes&gt;
  &lt;/test&gt; &lt;!-- Test --&gt;
&lt;/suite&gt; &lt;!-- Suite --&gt;
            </pre>
          </div> <!-- main-panel-content rounded-window-bottom -->
        </div> <!-- panel -->
        <div panel-name="testlist-Suite" class="panel">
          <div class="main-panel-header rounded-window-top">
            <span class="header-content">Tests for Suite</span>
          </div> <!-- main-panel-header rounded-window-top -->
          <div class="main-panel-content rounded-window-bottom">
            <ul>
              <li>
                <span class="test-name">Test (3 classes)</span>
              </li>
            </ul>
          </div> <!-- main-panel-content rounded-window-bottom -->
        </div> <!-- panel -->
        <div panel-name="group-Suite" class="panel">
          <div class="main-panel-header rounded-window-top">
            <span class="header-content">Groups for Suite</span>
          </div> <!-- main-panel-header rounded-window-top -->
          <div class="main-panel-content rounded-window-bottom">
            <div class="test-group">
              <span class="test-group-name">cucumber</span>
              <br/>
              <div class="method-in-group">
                <span class="method-in-group-name">runScenario</span>
                <br/>
              </div> <!-- method-in-group -->
            </div> <!-- test-group -->
          </div> <!-- main-panel-content rounded-window-bottom -->
        </div> <!-- panel -->
        <div panel-name="times-Suite" class="panel">
          <div class="main-panel-header rounded-window-top">
            <span class="header-content">Times for Suite</span>
          </div> <!-- main-panel-header rounded-window-top -->
          <div class="main-panel-content rounded-window-bottom">
            <div class="times-div">
              <script type="text/javascript">
suiteTableInitFunctions.push('tableData_Suite');
function tableData_Suite() {
var data = new google.visualization.DataTable();
data.addColumn('number', 'Number');
data.addColumn('string', 'Method');
data.addColumn('string', 'Class');
data.addColumn('number', 'Time (ms)');
data.addRows(77);
data.setCell(0, 0, 0)
data.setCell(0, 1, 'runScenario')
data.setCell(0, 2, 'com.Capium.RunnerFiles.CapitalAllowances_CalculatorRunner')
data.setCell(0, 3, 523668);
data.setCell(1, 0, 1)
data.setCell(1, 1, 'runScenario')
data.setCell(1, 2, 'com.Capium.RunnerFiles.CapitalAllowances_CalculatorRunner')
data.setCell(1, 3, 486390);
data.setCell(2, 0, 2)
data.setCell(2, 1, 'runScenario')
data.setCell(2, 2, 'com.Capium.RunnerFiles.CapitalAllowances_CalculatorRunner')
data.setCell(2, 3, 479126);
data.setCell(3, 0, 3)
data.setCell(3, 1, 'runScenario')
data.setCell(3, 2, 'com.Capium.RunnerFiles.CapitalAllowances_CalculatorRunner')
data.setCell(3, 3, 370023);
data.setCell(4, 0, 4)
data.setCell(4, 1, 'runScenario')
data.setCell(4, 2, 'com.Capium.RunnerFiles.CapitalAllowances_CalculatorRunner')
data.setCell(4, 3, 369817);
data.setCell(5, 0, 5)
data.setCell(5, 1, 'runScenario')
data.setCell(5, 2, 'com.Capium.RunnerFiles.CapitalAllowances_CalculatorRunner')
data.setCell(5, 3, 339328);
data.setCell(6, 0, 6)
data.setCell(6, 1, 'runScenario')
data.setCell(6, 2, 'com.Capium.RunnerFiles.CapitalAllowances_CalculatorRunner')
data.setCell(6, 3, 322988);
data.setCell(7, 0, 7)
data.setCell(7, 1, 'runScenario')
data.setCell(7, 2, 'com.Capium.RunnerFiles.CapitalAllowances_CalculatorRunner')
data.setCell(7, 3, 270490);
data.setCell(8, 0, 8)
data.setCell(8, 1, 'runScenario')
data.setCell(8, 2, 'com.Capium.RunnerFiles.CapitalAllowances_CalculatorRunner')
data.setCell(8, 3, 206970);
data.setCell(9, 0, 9)
data.setCell(9, 1, 'runScenario')
data.setCell(9, 2, 'com.Capium.RunnerFiles.CapitalAllowances_CalculatorRunner')
data.setCell(9, 3, 203009);
data.setCell(10, 0, 10)
data.setCell(10, 1, 'runScenario')
data.setCell(10, 2, 'com.Capium.RunnerFiles.CapitalAllowances_CalculatorRunner')
data.setCell(10, 3, 202526);
data.setCell(11, 0, 11)
data.setCell(11, 1, 'runScenario')
data.setCell(11, 2, 'com.Capium.RunnerFiles.CapitalAllowances_CalculatorRunner')
data.setCell(11, 3, 173469);
data.setCell(12, 0, 12)
data.setCell(12, 1, 'runScenario')
data.setCell(12, 2, 'com.Capium.RunnerFiles.CapitalAllowances_CalculatorRunner')
data.setCell(12, 3, 164707);
data.setCell(13, 0, 13)
data.setCell(13, 1, 'runScenario')
data.setCell(13, 2, 'com.Capium.RunnerFiles.CapitalAllowances_CalculatorRunner')
data.setCell(13, 3, 147760);
data.setCell(14, 0, 14)
data.setCell(14, 1, 'runScenario')
data.setCell(14, 2, 'com.Capium.RunnerFiles.CapitalAllowances_CalculatorRunner')
data.setCell(14, 3, 143771);
data.setCell(15, 0, 15)
data.setCell(15, 1, 'runScenario')
data.setCell(15, 2, 'com.Capium.RunnerFiles.CapitalAllowances_CalculatorRunner')
data.setCell(15, 3, 140138);
data.setCell(16, 0, 16)
data.setCell(16, 1, 'runScenario')
data.setCell(16, 2, 'com.Capium.RunnerFiles.CapitalAllowances_CalculatorRunner')
data.setCell(16, 3, 138200);
data.setCell(17, 0, 17)
data.setCell(17, 1, 'runScenario')
data.setCell(17, 2, 'com.Capium.RunnerFiles.CapitalAllowances_CalculatorRunner')
data.setCell(17, 3, 136361);
data.setCell(18, 0, 18)
data.setCell(18, 1, 'runScenario')
data.setCell(18, 2, 'com.Capium.RunnerFiles.CapitalAllowances_CalculatorRunner')
data.setCell(18, 3, 134177);
data.setCell(19, 0, 19)
data.setCell(19, 1, 'runScenario')
data.setCell(19, 2, 'com.Capium.RunnerFiles.CapitalAllowances_CalculatorRunner')
data.setCell(19, 3, 125880);
data.setCell(20, 0, 20)
data.setCell(20, 1, 'runScenario')
data.setCell(20, 2, 'com.Capium.RunnerFiles.CapitalAllowances_CalculatorRunner')
data.setCell(20, 3, 124576);
data.setCell(21, 0, 21)
data.setCell(21, 1, 'runScenario')
data.setCell(21, 2, 'com.Capium.RunnerFiles.CapitalAllowances_CalculatorRunner')
data.setCell(21, 3, 114373);
data.setCell(22, 0, 22)
data.setCell(22, 1, 'runScenario')
data.setCell(22, 2, 'com.Capium.RunnerFiles.CapitalAllowances_CalculatorRunner')
data.setCell(22, 3, 114219);
data.setCell(23, 0, 23)
data.setCell(23, 1, 'runScenario')
data.setCell(23, 2, 'com.Capium.RunnerFiles.CapitalAllowances_CalculatorRunner')
data.setCell(23, 3, 114048);
data.setCell(24, 0, 24)
data.setCell(24, 1, 'runScenario')
data.setCell(24, 2, 'com.Capium.RunnerFiles.CapitalAllowances_CalculatorRunner')
data.setCell(24, 3, 112900);
data.setCell(25, 0, 25)
data.setCell(25, 1, 'runScenario')
data.setCell(25, 2, 'com.Capium.RunnerFiles.CapitalAllowances_CalculatorRunner')
data.setCell(25, 3, 112664);
data.setCell(26, 0, 26)
data.setCell(26, 1, 'runScenario')
data.setCell(26, 2, 'com.Capium.RunnerFiles.CapitalAllowances_CalculatorRunner')
data.setCell(26, 3, 112258);
data.setCell(27, 0, 27)
data.setCell(27, 1, 'runScenario')
data.setCell(27, 2, 'com.Capium.RunnerFiles.ManageRunner')
data.setCell(27, 3, 107075);
data.setCell(28, 0, 28)
data.setCell(28, 1, 'runScenario')
data.setCell(28, 2, 'com.Capium.RunnerFiles.ManageRunner')
data.setCell(28, 3, 106812);
data.setCell(29, 0, 29)
data.setCell(29, 1, 'runScenario')
data.setCell(29, 2, 'com.Capium.RunnerFiles.ManageRunner')
data.setCell(29, 3, 98477);
data.setCell(30, 0, 30)
data.setCell(30, 1, 'runScenario')
data.setCell(30, 2, 'com.Capium.RunnerFiles.ManageRunner')
data.setCell(30, 3, 92522);
data.setCell(31, 0, 31)
data.setCell(31, 1, 'runScenario')
data.setCell(31, 2, 'com.Capium.RunnerFiles.CapitalAllowances_CalculatorRunner')
data.setCell(31, 3, 87888);
data.setCell(32, 0, 32)
data.setCell(32, 1, 'runScenario')
data.setCell(32, 2, 'com.Capium.RunnerFiles.ManageRunner')
data.setCell(32, 3, 84714);
data.setCell(33, 0, 33)
data.setCell(33, 1, 'runScenario')
data.setCell(33, 2, 'com.Capium.RunnerFiles.CapitalAllowances_CalculatorRunner')
data.setCell(33, 3, 81212);
data.setCell(34, 0, 34)
data.setCell(34, 1, 'runScenario')
data.setCell(34, 2, 'com.Capium.RunnerFiles.ManageRunner')
data.setCell(34, 3, 79915);
data.setCell(35, 0, 35)
data.setCell(35, 1, 'runScenario')
data.setCell(35, 2, 'com.Capium.RunnerFiles.ManageRunner')
data.setCell(35, 3, 77908);
data.setCell(36, 0, 36)
data.setCell(36, 1, 'runScenario')
data.setCell(36, 2, 'com.Capium.RunnerFiles.ManageRunner')
data.setCell(36, 3, 77814);
data.setCell(37, 0, 37)
data.setCell(37, 1, 'runScenario')
data.setCell(37, 2, 'com.Capium.RunnerFiles.ManageRunner')
data.setCell(37, 3, 77587);
data.setCell(38, 0, 38)
data.setCell(38, 1, 'runScenario')
data.setCell(38, 2, 'com.Capium.RunnerFiles.ManageRunner')
data.setCell(38, 3, 77104);
data.setCell(39, 0, 39)
data.setCell(39, 1, 'runScenario')
data.setCell(39, 2, 'com.Capium.RunnerFiles.CapitalAllowances_CalculatorRunner')
data.setCell(39, 3, 76630);
data.setCell(40, 0, 40)
data.setCell(40, 1, 'runScenario')
data.setCell(40, 2, 'com.Capium.RunnerFiles.ManageRunner')
data.setCell(40, 3, 74277);
data.setCell(41, 0, 41)
data.setCell(41, 1, 'runScenario')
data.setCell(41, 2, 'com.Capium.RunnerFiles.ManageRunner')
data.setCell(41, 3, 73335);
data.setCell(42, 0, 42)
data.setCell(42, 1, 'runScenario')
data.setCell(42, 2, 'com.Capium.RunnerFiles.CapitalAllowances_CalculatorRunner')
data.setCell(42, 3, 69542);
data.setCell(43, 0, 43)
data.setCell(43, 1, 'runScenario')
data.setCell(43, 2, 'com.Capium.RunnerFiles.ManageRunner')
data.setCell(43, 3, 68694);
data.setCell(44, 0, 44)
data.setCell(44, 1, 'runScenario')
data.setCell(44, 2, 'com.Capium.RunnerFiles.ManageRunner')
data.setCell(44, 3, 68488);
data.setCell(45, 0, 45)
data.setCell(45, 1, 'runScenario')
data.setCell(45, 2, 'com.Capium.RunnerFiles.ManageRunner')
data.setCell(45, 3, 67006);
data.setCell(46, 0, 46)
data.setCell(46, 1, 'runScenario')
data.setCell(46, 2, 'com.Capium.RunnerFiles.ManageRunner')
data.setCell(46, 3, 66432);
data.setCell(47, 0, 47)
data.setCell(47, 1, 'runScenario')
data.setCell(47, 2, 'com.Capium.RunnerFiles.ManageRunner')
data.setCell(47, 3, 66125);
data.setCell(48, 0, 48)
data.setCell(48, 1, 'runScenario')
data.setCell(48, 2, 'com.Capium.RunnerFiles.ManageRunner')
data.setCell(48, 3, 66092);
data.setCell(49, 0, 49)
data.setCell(49, 1, 'runScenario')
data.setCell(49, 2, 'com.Capium.RunnerFiles.ManageRunner')
data.setCell(49, 3, 66010);
data.setCell(50, 0, 50)
data.setCell(50, 1, 'runScenario')
data.setCell(50, 2, 'com.Capium.RunnerFiles.ManageRunner')
data.setCell(50, 3, 65153);
data.setCell(51, 0, 51)
data.setCell(51, 1, 'runScenario')
data.setCell(51, 2, 'com.Capium.RunnerFiles.ManageRunner')
data.setCell(51, 3, 64127);
data.setCell(52, 0, 52)
data.setCell(52, 1, 'runScenario')
data.setCell(52, 2, 'com.Capium.RunnerFiles.ManageRunner')
data.setCell(52, 3, 62105);
data.setCell(53, 0, 53)
data.setCell(53, 1, 'runScenario')
data.setCell(53, 2, 'com.Capium.RunnerFiles.ManageRunner')
data.setCell(53, 3, 59693);
data.setCell(54, 0, 54)
data.setCell(54, 1, 'runScenario')
data.setCell(54, 2, 'com.Capium.RunnerFiles.ManageRunner')
data.setCell(54, 3, 56557);
data.setCell(55, 0, 55)
data.setCell(55, 1, 'runScenario')
data.setCell(55, 2, 'com.Capium.RunnerFiles.ManageRunner')
data.setCell(55, 3, 56394);
data.setCell(56, 0, 56)
data.setCell(56, 1, 'runScenario')
data.setCell(56, 2, 'com.Capium.RunnerFiles.ManageRunner')
data.setCell(56, 3, 55526);
data.setCell(57, 0, 57)
data.setCell(57, 1, 'runScenario')
data.setCell(57, 2, 'com.Capium.RunnerFiles.ManageRunner')
data.setCell(57, 3, 55424);
data.setCell(58, 0, 58)
data.setCell(58, 1, 'runScenario')
data.setCell(58, 2, 'com.Capium.RunnerFiles.ManageRunner')
data.setCell(58, 3, 55378);
data.setCell(59, 0, 59)
data.setCell(59, 1, 'runScenario')
data.setCell(59, 2, 'com.Capium.RunnerFiles.ManageRunner')
data.setCell(59, 3, 54965);
data.setCell(60, 0, 60)
data.setCell(60, 1, 'runScenario')
data.setCell(60, 2, 'com.Capium.RunnerFiles.ManageRunner')
data.setCell(60, 3, 54595);
data.setCell(61, 0, 61)
data.setCell(61, 1, 'runScenario')
data.setCell(61, 2, 'com.Capium.RunnerFiles.ManageRunner')
data.setCell(61, 3, 54462);
data.setCell(62, 0, 62)
data.setCell(62, 1, 'runScenario')
data.setCell(62, 2, 'com.Capium.RunnerFiles.ManageRunner')
data.setCell(62, 3, 54019);
data.setCell(63, 0, 63)
data.setCell(63, 1, 'runScenario')
data.setCell(63, 2, 'com.Capium.RunnerFiles.ManageRunner')
data.setCell(63, 3, 54009);
data.setCell(64, 0, 64)
data.setCell(64, 1, 'runScenario')
data.setCell(64, 2, 'com.Capium.RunnerFiles.ManageRunner')
data.setCell(64, 3, 53954);
data.setCell(65, 0, 65)
data.setCell(65, 1, 'runScenario')
data.setCell(65, 2, 'com.Capium.RunnerFiles.ManageRunner')
data.setCell(65, 3, 53912);
data.setCell(66, 0, 66)
data.setCell(66, 1, 'runScenario')
data.setCell(66, 2, 'com.Capium.RunnerFiles.ManageRunner')
data.setCell(66, 3, 53764);
data.setCell(67, 0, 67)
data.setCell(67, 1, 'runScenario')
data.setCell(67, 2, 'com.Capium.RunnerFiles.ManageRunner')
data.setCell(67, 3, 52912);
data.setCell(68, 0, 68)
data.setCell(68, 1, 'runScenario')
data.setCell(68, 2, 'com.Capium.RunnerFiles.ManageRunner')
data.setCell(68, 3, 52776);
data.setCell(69, 0, 69)
data.setCell(69, 1, 'runScenario')
data.setCell(69, 2, 'com.Capium.RunnerFiles.ManageRunner')
data.setCell(69, 3, 52499);
data.setCell(70, 0, 70)
data.setCell(70, 1, 'runScenario')
data.setCell(70, 2, 'com.Capium.RunnerFiles.ManageRunner')
data.setCell(70, 3, 52013);
data.setCell(71, 0, 71)
data.setCell(71, 1, 'runScenario')
data.setCell(71, 2, 'com.Capium.RunnerFiles.ManageRunner')
data.setCell(71, 3, 51716);
data.setCell(72, 0, 72)
data.setCell(72, 1, 'runScenario')
data.setCell(72, 2, 'com.Capium.RunnerFiles.ManageRunner')
data.setCell(72, 3, 51587);
data.setCell(73, 0, 73)
data.setCell(73, 1, 'runScenario')
data.setCell(73, 2, 'com.Capium.RunnerFiles.ManageRunner')
data.setCell(73, 3, 50751);
data.setCell(74, 0, 74)
data.setCell(74, 1, 'runScenario')
data.setCell(74, 2, 'com.Capium.RunnerFiles.ManageRunner')
data.setCell(74, 3, 50536);
data.setCell(75, 0, 75)
data.setCell(75, 1, 'runScenario')
data.setCell(75, 2, 'com.Capium.RunnerFiles.ManageRunner')
data.setCell(75, 3, 50443);
data.setCell(76, 0, 76)
data.setCell(76, 1, 'runScenario')
data.setCell(76, 2, 'com.Capium.RunnerFiles.DashboardRunner')
data.setCell(76, 3, 36208);
window.suiteTableData['Suite']= { tableData: data, tableDiv: 'times-div-Suite'}
return data;
}
              </script>
              <span class="suite-total-time">Total running time: 2 hours</span>
              <div id="times-div-Suite">
              </div> <!-- times-div-Suite -->
            </div> <!-- times-div -->
          </div> <!-- main-panel-content rounded-window-bottom -->
        </div> <!-- panel -->
        <div panel-name="reporter-Suite" class="panel">
          <div class="main-panel-header rounded-window-top">
            <span class="header-content">Reporter output for Suite</span>
          </div> <!-- main-panel-header rounded-window-top -->
          <div class="main-panel-content rounded-window-bottom">
          </div> <!-- main-panel-content rounded-window-bottom -->
        </div> <!-- panel -->
        <div panel-name="ignored-methods-Suite" class="panel">
          <div class="main-panel-header rounded-window-top">
            <span class="header-content">0 ignored methods</span>
          </div> <!-- main-panel-header rounded-window-top -->
          <div class="main-panel-content rounded-window-bottom">
          </div> <!-- main-panel-content rounded-window-bottom -->
        </div> <!-- panel -->
        <div panel-name="chronological-Suite" class="panel">
          <div class="main-panel-header rounded-window-top">
            <span class="header-content">Methods in chronological order</span>
          </div> <!-- main-panel-header rounded-window-top -->
          <div class="main-panel-content rounded-window-bottom">
            <div class="chronological-class">
              <div class="chronological-class-name">com.Capium.RunnerFiles.CapitalAllowances_CalculatorRunner</div> <!-- chronological-class-name -->
              <div class="configuration-class before">
                <span class="method-name">setUpClass(org.testng.TestRunner@2844054d)</span>
                <span class="method-start">0 ms</span>
              </div> <!-- configuration-class before -->
              <div class="test-method">
                <span class="method-name">runScenario("Click on the created CT600 Return and navigate to Capital Allowances Calculator excess amount scree...)</span>
                <span class="method-start">35250 ms</span>
              </div> <!-- test-method -->
              <div class="test-method">
                <span class="method-name">runScenario("Verify Main pool asset with WDV b/fwd amount", "Login into Capium Application")</span>
                <span class="method-start">147528 ms</span>
              </div> <!-- test-method -->
              <div class="test-method">
                <img src="failed.png">
                </img>
                <span class="method-name">runScenario("Verify Main pool asset with WDV b/fwd amount by using save", "Login into Capium Application")</span>
                <span class="method-start">633926 ms</span>
              </div> <!-- test-method -->
              <div class="test-method">
                <span class="method-name">runScenario("Verify Main pool asset with addition amount", "Login into Capium Application")</span>
                <span class="method-start">807411 ms</span>
              </div> <!-- test-method -->
              <div class="test-method">
                <span class="method-name">runScenario("Verify Main pool asset with addition amount and restriction amount", "Login into Capium Application...)</span>
                <span class="method-start">1177444 ms</span>
              </div> <!-- test-method -->
              <div class="test-method">
                <img src="failed.png">
                </img>
                <span class="method-name">runScenario("Verify Main pool asset with WDV b/fwd amount and  disposed amount and restriction amount", "Login i...)</span>
                <span class="method-start">1547270 ms</span>
              </div> <!-- test-method -->
              <div class="test-method">
                <span class="method-name">runScenario("Verify Main pool asset with addition amount and  larger disposed amount", "Login into Capium Applic...)</span>
                <span class="method-start">1754246 ms</span>
              </div> <!-- test-method -->
              <div class="test-method">
                <span class="method-name">runScenario("Verify Main pool asset with addition amount with asset is car Between 75-130g/Km", "Login into Capi...)</span>
                <span class="method-start">2277921 ms</span>
              </div> <!-- test-method -->
              <div class="test-method">
                <span class="method-name">runScenario("Verify Main pool asset with addition amount", "Login into Capium Application")</span>
                <span class="method-start">2757052 ms</span>
              </div> <!-- test-method -->
              <div class="test-method">
                <span class="method-name">runScenario("Verify Main pool asset with WDV amount and disposed amount and business closed checkbox", "Login in...)</span>
                <span class="method-start">3096380 ms</span>
              </div> <!-- test-method -->
              <div class="test-method">
                <img src="failed.png">
                </img>
                <span class="method-name">runScenario("Verify mainpool rate with addition amount  at first year allowance at 100 percent", "Login into Cap...)</span>
                <span class="method-start">3419369 ms</span>
              </div> <!-- test-method -->
              <div class="test-method">
                <img src="failed.png">
                </img>
                <span class="method-name">runScenario("Verify Main pool asset with addition amount and superdeduction", "Login into Capium Application")</span>
                <span class="method-start">3689865 ms</span>
              </div> <!-- test-method -->
              <div class="test-method">
                <img src="failed.png">
                </img>
                <span class="method-name">runScenario("Verify shortlife asset with WDV b/fwd amount and  disposed amount", "Login into Capium Application")</span>
                <span class="method-start">3854579 ms</span>
              </div> <!-- test-method -->
              <div class="test-method">
                <img src="failed.png">
                </img>
                <span class="method-name">runScenario("Verify shortlife asset with addition amount and disposed amount", "Login into Capium Application")</span>
                <span class="method-start">3988756 ms</span>
              </div> <!-- test-method -->
              <div class="test-method">
                <img src="failed.png">
                </img>
                <span class="method-name">runScenario("Verify SpecialRate asset with WDV b/fwd amount", "Login into Capium Application")</span>
                <span class="method-start">4128896 ms</span>
              </div> <!-- test-method -->
              <div class="test-method">
                <img src="failed.png">
                </img>
                <span class="method-name">runScenario("Verify Main specailrate asset with addition amount and  larger disposed amount", "Login into Capium...)</span>
                <span class="method-start">4276656 ms</span>
              </div> <!-- test-method -->
              <div class="test-method">
                <img src="failed.png">
                </img>
                <span class="method-name">runScenario("Verify special rate pool  with addition amount With NO CLAIM", "Login into Capium Application")</span>
                <span class="method-start">4357870 ms</span>
              </div> <!-- test-method -->
              <div class="test-method">
                <img src="failed.png">
                </img>
                <span class="method-name">runScenario("Verify Structures and buildings asset with addition amount", "Login into Capium Application")</span>
                <span class="method-start">4427414 ms</span>
              </div> <!-- test-method -->
              <div class="test-method">
                <img src="failed.png">
                </img>
                <span class="method-name">runScenario("Verify structure and buildings with  WDV b/fwd amount and addition amount", "Login into Capium Appl...)</span>
                <span class="method-start">4571187 ms</span>
              </div> <!-- test-method -->
              <div class="test-method">
                <img src="failed.png">
                </img>
                <span class="method-name">runScenario("Verify structure and buildings asset with WDV b/fwd amount and restriction amount", "Login into Cap...)</span>
                <span class="method-start">4685567 ms</span>
              </div> <!-- test-method -->
              <div class="test-method">
                <img src="failed.png">
                </img>
                <span class="method-name">runScenario("Verify Other charges and allowances with addition amount", "Login into Capium Application")</span>
                <span class="method-start">4888097 ms</span>
              </div> <!-- test-method -->
              <div class="test-method">
                <img src="failed.png">
                </img>
                <span class="method-name">runScenario("Verify Electric vehicle charge points and allowances with addition amount", "Login into Capium Appl...)</span>
                <span class="method-start">5002147 ms</span>
              </div> <!-- test-method -->
              <div class="test-method">
                <img src="failed.png">
                </img>
                <span class="method-name">runScenario("Verify enterpise zone and allowances with addition amount", "Login into Capium Application")</span>
                <span class="method-start">5090035 ms</span>
              </div> <!-- test-method -->
              <div class="test-method">
                <img src="failed.png">
                </img>
                <span class="method-name">runScenario("Verify  with  zero emissions goods vehicle addition amount", "Login into Capium Application")</span>
                <span class="method-start">5202701 ms</span>
              </div> <!-- test-method -->
              <div class="test-method">
                <img src="failed.png">
                </img>
                <span class="method-name">runScenario("Verify ZERO EMISSION CARS  with addition amount", "Login into Capium Application")</span>
                <span class="method-start">5315601 ms</span>
              </div> <!-- test-method -->
              <div class="test-method">
                <img src="failed.png">
                </img>
                <span class="method-name">runScenario("Verify DESIGNATED ENHANCED ALLOWANCE with addition amount  at first year allowance at 100 percent",...)</span>
                <span class="method-start">5429830 ms</span>
              </div> <!-- test-method -->
              <div class="test-method">
                <span class="method-name">runScenario("Verify kebab icon for capital allowance", "Login into Capium Application")</span>
                <span class="method-start">5506461 ms</span>
              </div> <!-- test-method -->
              <div class="test-method">
                <span class="method-name">runScenario("Verify Main pool asset with WDV b/fwd amount", "Login into Capium Application")</span>
                <span class="method-start">5632344 ms</span>
              </div> <!-- test-method -->
              <div class="test-method">
                <span class="method-name">runScenario("Verify Main pool asset with WDV b/fwd amount by using save", "Login into Capium Application")</span>
                <span class="method-start">5835353 ms</span>
              </div> <!-- test-method -->
              <div class="test-method">
                <span class="method-name">runScenario("Verify Main pool asset with WDV b/fwd amount by using cancel changes", "Login into Capium Applicati...)</span>
                <span class="method-start">5971714 ms</span>
              </div> <!-- test-method -->
              <div class="test-method">
                <span class="method-name">runScenario("Verify kebab icon for capital allowance", "Login into Capium Application")</span>
                <span class="method-start">6109914 ms</span>
              </div> <!-- test-method -->
              <div class="configuration-class after">
                <span class="method-name">tearDownClass</span>
                <span class="method-start">6234511 ms</span>
              </div> <!-- configuration-class after -->
            </div> <!-- chronological-class -->
            <div class="chronological-class">
              <div class="chronological-class-name">com.Capium.RunnerFiles.DashboardRunner</div> <!-- chronological-class-name -->
              <div class="configuration-class before">
                <span class="method-name">setUpClass(org.testng.TestRunner@2844054d)</span>
                <span class="method-start">6239117 ms</span>
              </div> <!-- configuration-class before -->
              <div class="test-method">
                <span class="method-name">runScenario("verifying the Cpaiumlogo", "Verify Dashboard")</span>
                <span class="method-start">6240419 ms</span>
              </div> <!-- test-method -->
              <div class="configuration-class after">
                <span class="method-name">tearDownClass</span>
                <span class="method-start">6276629 ms</span>
              </div> <!-- configuration-class after -->
            </div> <!-- chronological-class -->
            <div class="chronological-class">
              <div class="chronological-class-name">com.Capium.RunnerFiles.ManageRunner</div> <!-- chronological-class-name -->
              <div class="configuration-class before">
                <span class="method-name">setUpClass(org.testng.TestRunner@2844054d)</span>
                <span class="method-start">6280267 ms</span>
              </div> <!-- configuration-class before -->
              <div class="test-method">
                <span class="method-name">runScenario("click on manage and verify all options", "Login into Capium Application")</span>
                <span class="method-start">6282158 ms</span>
              </div> <!-- test-method -->
              <div class="test-method">
                <span class="method-name">runScenario("creating a new user and send an invite", "Login into Capium Application")</span>
                <span class="method-start">6374682 ms</span>
              </div> <!-- test-method -->
              <div class="test-method">
                <span class="method-name">runScenario("creating a new user and send an invite by using mandandatory fields", "Login into Capium Applicatio...)</span>
                <span class="method-start">6452498 ms</span>
              </div> <!-- test-method -->
              <div class="test-method">
                <span class="method-name">runScenario("creating a new user using save button", "Login into Capium Application")</span>
                <span class="method-start">6518623 ms</span>
              </div> <!-- test-method -->
              <div class="test-method">
                <span class="method-name">runScenario("creating a new user and using save and exit button", "Login into Capium Application")</span>
                <span class="method-start">6617102 ms</span>
              </div> <!-- test-method -->
              <div class="test-method">
                <span class="method-name">runScenario("creating a RegularUser and using save and invitebutton", "Login into Capium Application")</span>
                <span class="method-start">6697019 ms</span>
              </div> <!-- test-method -->
              <div class="test-method">
                <img src="failed.png">
                </img>
                <span class="method-name">runScenario("creating a Manager and using save and invitebutton", "Login into Capium Application")</span>
                <span class="method-start">6774125 ms</span>
              </div> <!-- test-method -->
              <div class="test-method">
                <img src="failed.png">
                </img>
                <span class="method-name">runScenario("creating a Manager and using save and invitebutton", "Login into Capium Application")</span>
                <span class="method-start">6881200 ms</span>
              </div> <!-- test-method -->
              <div class="test-method">
                <span class="method-name">runScenario("Verify cancel changes button in Users", "Login into Capium Application")</span>
                <span class="method-start">6988012 ms</span>
              </div> <!-- test-method -->
              <div class="test-method">
                <img src="failed.png">
                </img>
                <span class="method-name">runScenario("user  assigns clients", "Login into Capium Application")</span>
                <span class="method-start">7065922 ms</span>
              </div> <!-- test-method -->
              <div class="test-method">
                <img src="failed.png">
                </img>
                <span class="method-name">runScenario("Verify Status all dropdown", "Login into Capium Application")</span>
                <span class="method-start">7134411 ms</span>
              </div> <!-- test-method -->
              <div class="test-method">
                <span class="method-name">runScenario("Verify export to excel using kebab icon", "Login into Capium Application")</span>
                <span class="method-start">7189939 ms</span>
              </div> <!-- test-method -->
              <div class="test-method">
                <span class="method-name">runScenario("Verify export to CSV using kebab icon", "Login into Capium Application")</span>
                <span class="method-start">7243948 ms</span>
              </div> <!-- test-method -->
              <div class="test-method">
                <span class="method-name">runScenario("Verify export to PDF using kebab icon", "Login into Capium Application")</span>
                <span class="method-start">7321536 ms</span>
              </div> <!-- test-method -->
              <div class="test-method">
                <span class="method-name">runScenario("Verify search functionality", "Login into Capium Application")</span>
                <span class="method-start">7376964 ms</span>
              </div> <!-- test-method -->
              <div class="test-method">
                <img src="failed.png">
                </img>
                <span class="method-name">runScenario("Verify delete option functionality in add users tab", "Login into Capium Application")</span>
                <span class="method-start">7461678 ms</span>
              </div> <!-- test-method -->
              <div class="test-method">
                <span class="method-name">runScenario("Verify delete option functionality in add users tab", "Login into Capium Application")</span>
                <span class="method-start">7535016 ms</span>
              </div> <!-- test-method -->
              <div class="test-method">
                <span class="method-name">runScenario("Verify profile uploading functionality", "Login into Capium Application")</span>
                <span class="method-start">7601448 ms</span>
              </div> <!-- test-method -->
              <div class="test-method">
                <span class="method-name">runScenario("Verify profile deletion functionality", "Login into Capium Application")</span>
                <span class="method-start">7654226 ms</span>
              </div> <!-- test-method -->
              <div class="test-method">
                <img src="failed.png">
                </img>
                <span class="method-name">runScenario("Verify user export as print", "Login into Capium Application")</span>
                <span class="method-start">7708140 ms</span>
              </div> <!-- test-method -->
              <div class="test-method">
                <span class="method-name">runScenario("Verify ExportAsExcel option functionality in add users tab", "Login into Capium Application")</span>
                <span class="method-start">7776841 ms</span>
              </div> <!-- test-method -->
              <div class="test-method">
                <span class="method-name">runScenario("Verify ExportAsCSV option functionality in add users tab", "Login into Capium Application")</span>
                <span class="method-start">7829341 ms</span>
              </div> <!-- test-method -->
              <div class="test-method">
                <span class="method-name">runScenario("Verify ExportAsPDF option functionality in add users tab", "Login into Capium Application")</span>
                <span class="method-start">7883107 ms</span>
              </div> <!-- test-method -->
              <div class="test-method">
                <span class="method-name">runScenario("Verify delete option functionality in Users tab", "Login into Capium Application")</span>
                <span class="method-start">7938072 ms</span>
              </div> <!-- test-method -->
              <div class="test-method">
                <span class="method-name">runScenario("Verify ExportAsExcel option functionality in Users tab", "Login into Capium Application")</span>
                <span class="method-start">7992534 ms</span>
              </div> <!-- test-method -->
              <div class="test-method">
                <span class="method-name">runScenario("Verify ExportAsCSV option functionality in Users tab", "Login into Capium Application")</span>
                <span class="method-start">8045447 ms</span>
              </div> <!-- test-method -->
              <div class="test-method">
                <span class="method-name">runScenario("Verify ExportAsPDF option functionality in Users tab", "Login into Capium Application")</span>
                <span class="method-start">8095984 ms</span>
              </div> <!-- test-method -->
              <div class="test-method">
                <span class="method-name">runScenario("Verify Cross button functionality in Users tab", "Login into Capium Application")</span>
                <span class="method-start">8147997 ms</span>
              </div> <!-- test-method -->
              <div class="test-method">
                <span class="method-name">runScenario("Verify CancelSelection functionality in Users tab", "Login into Capium Application")</span>
                <span class="method-start">8198748 ms</span>
              </div> <!-- test-method -->
              <div class="test-method">
                <span class="method-name">runScenario("Verify CancelSelection functionality in AddUsers tab", "Login into Capium Application")</span>
                <span class="method-start">8249194 ms</span>
              </div> <!-- test-method -->
              <div class="test-method">
                <span class="method-name">runScenario("Verify Cross button functionality in AddUsers tab", "Login into Capium Application")</span>
                <span class="method-start">8300782 ms</span>
              </div> <!-- test-method -->
              <div class="test-method">
                <span class="method-name">runScenario("Verify Edit Permissions section to view its permissions in AddUsers tab", "Login into Capium Applic...)</span>
                <span class="method-start">8352499 ms</span>
              </div> <!-- test-method -->
              <div class="test-method">
                <span class="method-name">runScenario("Expand tax return section to view its permissions in AddUsers tab", "Login into Capium Application")</span>
                <span class="method-start">8407094 ms</span>
              </div> <!-- test-method -->
              <div class="test-method">
                <span class="method-name">runScenario("Expand Quick return section to view its permissions in AddUsers tab", "Login into Capium Applicatio...)</span>
                <span class="method-start">8463489 ms</span>
              </div> <!-- test-method -->
              <div class="test-method">
                <span class="method-name">runScenario("Expand Calculator in Quick entry section to view its permissions in AddUsers tab", "Login into Capi...)</span>
                <span class="method-start">8523182 ms</span>
              </div> <!-- test-method -->
              <div class="test-method">
                <span class="method-name">runScenario("Expand attachments in Quick entry section to view its permissions in AddUsers tab", "Login into Cap...)</span>
                <span class="method-start">8589202 ms</span>
              </div> <!-- test-method -->
              <div class="test-method">
                <span class="method-name">runScenario("Expand Reports in Quick entry section to view its permissions in AddUsers tab", "Login into Capium ...)</span>
                <span class="method-start">8655297 ms</span>
              </div> <!-- test-method -->
              <div class="test-method">
                <span class="method-name">runScenario("Expand Manage Arrow to view its permissions in AddUsers tab", "Login into Capium Application")</span>
                <span class="method-start">8722303 ms</span>
              </div> <!-- test-method -->
              <div class="test-method">
                <span class="method-name">runScenario("Expand calculator Arrow to view its permissions in AddUsers tab", "Login into Capium Application")</span>
                <span class="method-start">8784408 ms</span>
              </div> <!-- test-method -->
              <div class="test-method">
                <img src="failed.png">
                </img>
                <span class="method-name">runScenario("Verify view RadioButton in edit permissions", "Login into Capium Application")</span>
                <span class="method-start">8839786 ms</span>
              </div> <!-- test-method -->
              <div class="test-method">
                <img src="failed.png">
                </img>
                <span class="method-name">runScenario("Verify view RadioButton and save button in edit permissions", "Login into Capium Application")</span>
                <span class="method-start">8914064 ms</span>
              </div> <!-- test-method -->
              <div class="test-method">
                <span class="method-name">runScenario("Verify CancelButton in edit permissions", "Login into Capium Application")</span>
                <span class="method-start">8979218 ms</span>
              </div> <!-- test-method -->
              <div class="test-method">
                <span class="method-name">runScenario("Verify CancelButton in edit permissions", "Login into Capium Application")</span>
                <span class="method-start">9033172 ms</span>
              </div> <!-- test-method -->
              <div class="test-method">
                <img src="failed.png">
                </img>
                <span class="method-name">runScenario("Verify Reset to Default in edit permissions", "Login into Capium Application")</span>
                <span class="method-start">9087191 ms</span>
              </div> <!-- test-method -->
              <div class="test-method">
                <span class="method-name">runScenario("Verify Close icon in edit permissions", "Login into Capium Application")</span>
                <span class="method-start">9151322 ms</span>
              </div> <!-- test-method -->
              <div class="configuration-class after">
                <span class="method-name">tearDownClass</span>
                <span class="method-start">9207879 ms</span>
              </div> <!-- configuration-class after -->
          </div> <!-- main-panel-content rounded-window-bottom -->
        </div> <!-- panel -->
      </div> <!-- main-panel-root -->
    </div> <!-- wrapper -->
  </body>
<script type="text/javascript" src="testng-reports2.js"></script>
</html>
