<?xml version="1.0" encoding="UTF-8"?>
<testng-results ignored="0" total="1" passed="1" failed="0" skipped="0">
  <reporter-output>
  </reporter-output>
  <suite started-at="2025-09-29T15:46:46 IST" name="Default suite" finished-at="2025-09-29T15:49:54 IST" duration-ms="188477">
    <groups>
      <group name="cucumber">
        <method signature="AbstractTestNGCucumberTests.runScenario(io.cucumber.testng.PickleWrapper,io.cucumber.testng.FeatureWrapper)[pri:0, instance:com.Capium.RunnerFiles.TradingandDormantRunner@6a2f6f80]" name="runScenario" class="io.cucumber.testng.AbstractTestNGCucumberTests"/>
      </group> <!-- cucumber -->
    </groups>
    <test started-at="2025-09-29T15:46:46 IST" name="Default test" finished-at="2025-09-29T15:49:54 IST" duration-ms="188477">
      <class name="com.Capium.RunnerFiles.TradingandDormantRunner">
        <test-method is-config="true" signature="setUpClass(org.testng.ITestContext)[pri:0, instance:com.Capium.RunnerFiles.TradingandDormantRunner@6a2f6f80]" started-at="2025-09-29T15:46:46 IST" name="setUpClass" finished-at="2025-09-29T15:46:49 IST" duration-ms="2771" status="PASS">
          <params>
            <param index="0">
              <value>
                <![CDATA[org.testng.TestRunner@3dad8bde]]>
              </value>
            </param>
          </params>
          <reporter-output>
          </reporter-output>
        </test-method> <!-- setUpClass -->
        <test-method signature="runScenario(io.cucumber.testng.PickleWrapper,io.cucumber.testng.FeatureWrapper)[pri:0, instance:com.Capium.RunnerFiles.TradingandDormantRunner@6a2f6f80]" started-at="2025-09-29T15:46:49 IST" name="runScenario" description="Runs Cucumber Scenarios" data-provider="scenarios" finished-at="2025-09-29T15:49:54 IST" duration-ms="185154" status="PASS">
          <params>
            <param index="0">
              <value>
                <![CDATA["Verify Electric vehicle charge points and allowances with addition amount"]]>
              </value>
            </param>
            <param index="1">
              <value>
                <![CDATA["Login into Capium Application"]]>
              </value>
            </param>
          </params>
          <reporter-output>
          </reporter-output>
        </test-method> <!-- runScenario -->
        <test-method is-config="true" signature="tearDownClass()[pri:0, instance:com.Capium.RunnerFiles.TradingandDormantRunner@6a2f6f80]" started-at="2025-09-29T15:49:54 IST" name="tearDownClass" finished-at="2025-09-29T15:49:54 IST" duration-ms="493" status="PASS">
          <reporter-output>
          </reporter-output>
        </test-method> <!-- tearDownClass -->
      </class> <!-- com.Capium.RunnerFiles.TradingandDormantRunner -->
    </test> <!-- Default test -->
  </suite> <!-- Default suite -->
</testng-results>
